<?xml version="1.0" encoding="UTF-8"?>
<!DOCTYPE html PUBLIC "-//W3C//DTD XHTML 1.0 Strict//EN" "http://www.w3.org/TR/xhtml1/DTD/xhtml1-strict.dtd">
<html xmlns="http://www.w3.org/1999/xhtml">
<head>
    <title>权大师Product测试报告,详细信息请查看附件</title>
    <meta name="generator" content="HTMLTestRunner 0.8.2.2"/>
    <meta http-equiv="Content-Type" content="text/html; charset=UTF-8"/>
    <link href="http://libs.baidu.com/bootstrap/3.0.3/css/bootstrap.min.css" rel="stylesheet">
    <script src="http://libs.baidu.com/jquery/2.0.0/jquery.min.js"></script>
    <script src="http://libs.baidu.com/bootstrap/3.0.3/js/bootstrap.min.js"></script>
    
<style type="text/css" media="screen">
body        { font-family: Microsoft YaHei,Tahoma,arial,helvetica,sans-serif;padding: 20px; font-size: 80%; }
table       { font-size: 100%; }

/* -- heading ---------------------------------------------------------------------- */
.heading {
    margin-top: 0ex;
    margin-bottom: 1ex;
}

.heading .description {
    margin-top: 4ex;
    margin-bottom: 6ex;
}

/* -- report ------------------------------------------------------------------------ */
#total_row  { font-weight: bold; }
.passCase   { color: #5cb85c; }
.failCase   { color: #d9534f; font-weight: bold; }
.errorCase  { color: #f0ad4e; font-weight: bold; }
.hiddenRow  { display: none; }
.testcase   { margin-left: 2em; }
</style>

</head>
<body >
<script language="javascript" type="text/javascript">
output_list = Array();

/*level 调整增加只显示通过用例的分类 --Findyou
0:Summary //all hiddenRow
1:Failed  //pt hiddenRow, ft none
2:Pass    //pt none, ft hiddenRow
3:All     //pt none, ft none
*/
function showCase(level) {
    trs = document.getElementsByTagName("tr");
    for (var i = 0; i < trs.length; i++) {
        tr = trs[i];
        id = tr.id;
        if (id.substr(0,2) == 'ft') {
            if (level == 2 || level == 0 ) {
                tr.className = 'hiddenRow';
            }
            else {
                tr.className = '';
            }
        }
        if (id.substr(0,2) == 'pt') {
            if (level < 2) {
                tr.className = 'hiddenRow';
            }
            else {
                tr.className = '';
            }
        }
    }

    //加入【详细】切换文字变化 --Findyou
    detail_class=document.getElementsByClassName('detail');
	//console.log(detail_class.length)
	if (level == 3) {
		for (var i = 0; i < detail_class.length; i++){
			detail_class[i].innerHTML="收起"
		}
	}
	else{
			for (var i = 0; i < detail_class.length; i++){
			detail_class[i].innerHTML="详细"
		}
	}
}

function showClassDetail(cid, count) {
    var id_list = Array(count);
    var toHide = 1;
    for (var i = 0; i < count; i++) {
        //ID修改 点 为 下划线 -Findyou
        tid0 = 't' + cid.substr(1) + '_' + (i+1);
        tid = 'f' + tid0;
        tr = document.getElementById(tid);
        if (!tr) {
            tid = 'p' + tid0;
            tr = document.getElementById(tid);
        }
        id_list[i] = tid;
        if (tr.className) {
            toHide = 0;
        }
    }
    for (var i = 0; i < count; i++) {
        tid = id_list[i];
        //修改点击无法收起的BUG，加入【详细】切换文字变化 --Findyou
        if (toHide) {
            document.getElementById(tid).className = 'hiddenRow';
            document.getElementById(cid).innerText = "详细"
        }
        else {
            document.getElementById(tid).className = '';
            document.getElementById(cid).innerText = "收起"
        }
    }
}

function html_escape(s) {
    s = s.replace(/&/g,'&amp;');
    s = s.replace(/</g,'&lt;');
    s = s.replace(/>/g,'&gt;');
    return s;
}
</script>
<div class='heading'>
<h1 style="font-family: Microsoft YaHei">权大师Product测试报告,详细信息请查看附件</h1>
<p class='attribute'><strong>测试人员 : </strong> lijiawei</p>
<p class='attribute'><strong>开始时间 : </strong> 2018-09-06 22:00:00</p>
<p class='attribute'><strong>合计耗时 : </strong> 1:30:57.957109</p>
<p class='attribute'><strong>测试结果 : </strong> 共 86，通过 9，错误 77，通过率= 10.47%</p>

<p class='description'>Environment:  OS:win10  Browser:chrome</p>
</div>



<p id='show_detail_line'>
<a class="btn btn-primary" href='javascript:showCase(0)'>概要{ 10.47% }</a>
<a class="btn btn-danger" href='javascript:showCase(1)'>失败{ 0 }</a>
<a class="btn btn-success" href='javascript:showCase(2)'>通过{ 9 }</a>
<a class="btn btn-info" href='javascript:showCase(3)'>所有{ 86 }</a>
</p>
<table id='result_table' class="table table-condensed table-bordered table-hover">
<colgroup>
<col align='left' />
<col align='right' />
<col align='right' />
<col align='right' />
<col align='right' />
<col align='right' />
</colgroup>
<tr id='header_row' class="text-center success" style="font-weight: bold;font-size: 14px;">
    <td>用例集/测试用例</td>
    <td>总计</td>
    <td>通过</td>
    <td>失败</td>
    <td>错误</td>
    <td>详细</td>
</tr>

<tr class='errorClass warning'>
    <td>bmkstest.BmKsTest: 保姆注册测试集</td>
    <td class="text-center">1</td>
    <td class="text-center">0</td>
    <td class="text-center">0</td>
    <td class="text-center">1</td>
    <td class="text-center"><a href="javascript:showClassDetail('c1',1)" class="detail" id='c1'>详细</a></td>
</tr>

<tr id='ft1_1' class='none'>
    <td class='errorCase'><div class='testcase'>test_bmks: 保姆快速注册</div></td>
    <td colspan='5' align='center'>
    <!--默认收起错误信息 -Findyou
    <button id='btn_ft1_1' type="button"  class="btn btn-danger btn-xs collapsed" data-toggle="collapse" data-target='#div_ft1_1'>错误</button>
    <div id='div_ft1_1' class="collapse">  -->

    <!-- 默认展开错误信息 -Findyou -->
    <button id='btn_ft1_1' type="button"  class="btn btn-danger btn-xs" data-toggle="collapse" data-target='#div_ft1_1'>错误</button>
    <div id='div_ft1_1' class="collapse in">
    <pre>
    
ft1_1: 2018-09-06 22:00:00,812 - root - INFO - ############################### START ###############################
保姆快速注册-权大师
费用总计:600.00
2018-09-06 22:00:59,675 - root - INFO - ###############################  End  ###############################
Traceback (most recent call last):
  File "D:\QDS_old_company\case\bmkstest.py", line 72, in test_bmks
    "body &gt; div.myOrder-wrap &gt; div.section-myorder.width1200 &gt; div &gt; table:nth-child(2) &gt; tbody &gt;"
  File "C:\Users\Administrator\AppData\Local\Programs\Python\Python35\lib\site-packages\selenium\webdriver\remote\webdriver.py", line 437, in find_element_by_css_selector
    return self.find_element(by=By.CSS_SELECTOR, value=css_selector)
  File "C:\Users\Administrator\AppData\Local\Programs\Python\Python35\lib\site-packages\selenium\webdriver\remote\webdriver.py", line 752, in find_element
    'value': value})['value']
  File "C:\Users\Administrator\AppData\Local\Programs\Python\Python35\lib\site-packages\selenium\webdriver\remote\webdriver.py", line 236, in execute
    self.error_handler.check_response(response)
  File "C:\Users\Administrator\AppData\Local\Programs\Python\Python35\lib\site-packages\selenium\webdriver\remote\errorhandler.py", line 192, in check_response
    raise exception_class(message, screen, stacktrace)
selenium.common.exceptions.NoSuchElementException: Message: no such element: Unable to locate element: {"method":"css selector","selector":"body &gt; div.myOrder-wrap &gt; div.section-myorder.width1200 &gt; div &gt; table:nth-child(2) &gt; tbody &gt; tr:nth-child(2) &gt; td.td-2 &gt; input"}
  (Session info: chrome=68.0.3440.106)
  (Driver info: chromedriver=2.40.565498 (ea082db3280dd6843ebfb08a625e3eb905c4f5ab),platform=Windows NT 10.0.17134 x86_64)



    </pre>
    </div>
    </td>
</tr>

<tr class='errorClass warning'>
    <td>bqywtest.BqYwTest: 版权业务测试集</td>
    <td class="text-center">7</td>
    <td class="text-center">0</td>
    <td class="text-center">0</td>
    <td class="text-center">7</td>
    <td class="text-center"><a href="javascript:showClassDetail('c2',7)" class="detail" id='c2'>详细</a></td>
</tr>

<tr id='ft2_1' class='none'>
    <td class='errorCase'><div class='testcase'>test_msdj: 美术作品版权登记加急测试</div></td>
    <td colspan='5' align='center'>
    <!--默认收起错误信息 -Findyou
    <button id='btn_ft2_1' type="button"  class="btn btn-danger btn-xs collapsed" data-toggle="collapse" data-target='#div_ft2_1'>错误</button>
    <div id='div_ft2_1' class="collapse">  -->

    <!-- 默认展开错误信息 -Findyou -->
    <button id='btn_ft2_1' type="button"  class="btn btn-danger btn-xs" data-toggle="collapse" data-target='#div_ft2_1'>错误</button>
    <div id='div_ft2_1' class="collapse in">
    <pre>
    
ft2_1: 2018-09-06 22:00:59,707 - root - INFO - ############################### START ###############################
美术作品版权登记加急-权大师
费用总计:2299.00
总价:2299.00
价格一致
2018-09-06 22:02:00,325 - root - INFO - ###############################  End  ###############################
Traceback (most recent call last):
  File "D:\QDS_old_company\case\bqywtest.py", line 121, in test_msdj
    "body &gt; div.section-myorder.width1200 &gt; div &gt; div &gt; ul &gt; li.row-step &gt; a.btn-next.submitOrder").click()
  File "C:\Users\Administrator\AppData\Local\Programs\Python\Python35\lib\site-packages\selenium\webdriver\remote\webdriver.py", line 437, in find_element_by_css_selector
    return self.find_element(by=By.CSS_SELECTOR, value=css_selector)
  File "C:\Users\Administrator\AppData\Local\Programs\Python\Python35\lib\site-packages\selenium\webdriver\remote\webdriver.py", line 752, in find_element
    'value': value})['value']
  File "C:\Users\Administrator\AppData\Local\Programs\Python\Python35\lib\site-packages\selenium\webdriver\remote\webdriver.py", line 236, in execute
    self.error_handler.check_response(response)
  File "C:\Users\Administrator\AppData\Local\Programs\Python\Python35\lib\site-packages\selenium\webdriver\remote\errorhandler.py", line 192, in check_response
    raise exception_class(message, screen, stacktrace)
selenium.common.exceptions.NoSuchElementException: Message: no such element: Unable to locate element: {"method":"css selector","selector":"body &gt; div.section-myorder.width1200 &gt; div &gt; div &gt; ul &gt; li.row-step &gt; a.btn-next.submitOrder"}
  (Session info: chrome=68.0.3440.106)
  (Driver info: chromedriver=2.40.565498 (ea082db3280dd6843ebfb08a625e3eb905c4f5ab),platform=Windows NT 10.0.17134 x86_64)



    </pre>
    </div>
    </td>
</tr>

<tr id='ft2_2' class='none'>
    <td class='errorCase'><div class='testcase'>test_mszp: 美术作品版权登记测试</div></td>
    <td colspan='5' align='center'>
    <!--默认收起错误信息 -Findyou
    <button id='btn_ft2_2' type="button"  class="btn btn-danger btn-xs collapsed" data-toggle="collapse" data-target='#div_ft2_2'>错误</button>
    <div id='div_ft2_2' class="collapse">  -->

    <!-- 默认展开错误信息 -Findyou -->
    <button id='btn_ft2_2' type="button"  class="btn btn-danger btn-xs" data-toggle="collapse" data-target='#div_ft2_2'>错误</button>
    <div id='div_ft2_2' class="collapse in">
    <pre>
    
ft2_2: 2018-09-06 22:02:00,369 - root - INFO - ############################### START ###############################
美术作品版权登记-权大师
费用总计:799.00
总价:799.00
价格一致
2018-09-06 22:03:02,584 - root - INFO - ###############################  End  ###############################
Traceback (most recent call last):
  File "D:\QDS_old_company\case\bqywtest.py", line 64, in test_mszp
    "body &gt; div.section-myorder.width1200 &gt; div &gt; div &gt; ul &gt; li.row-step &gt; a.btn-next.submitOrder").click()
  File "C:\Users\Administrator\AppData\Local\Programs\Python\Python35\lib\site-packages\selenium\webdriver\remote\webdriver.py", line 437, in find_element_by_css_selector
    return self.find_element(by=By.CSS_SELECTOR, value=css_selector)
  File "C:\Users\Administrator\AppData\Local\Programs\Python\Python35\lib\site-packages\selenium\webdriver\remote\webdriver.py", line 752, in find_element
    'value': value})['value']
  File "C:\Users\Administrator\AppData\Local\Programs\Python\Python35\lib\site-packages\selenium\webdriver\remote\webdriver.py", line 236, in execute
    self.error_handler.check_response(response)
  File "C:\Users\Administrator\AppData\Local\Programs\Python\Python35\lib\site-packages\selenium\webdriver\remote\errorhandler.py", line 192, in check_response
    raise exception_class(message, screen, stacktrace)
selenium.common.exceptions.NoSuchElementException: Message: no such element: Unable to locate element: {"method":"css selector","selector":"body &gt; div.section-myorder.width1200 &gt; div &gt; div &gt; ul &gt; li.row-step &gt; a.btn-next.submitOrder"}
  (Session info: chrome=68.0.3440.106)
  (Driver info: chromedriver=2.40.565498 (ea082db3280dd6843ebfb08a625e3eb905c4f5ab),platform=Windows NT 10.0.17134 x86_64)



    </pre>
    </div>
    </td>
</tr>

<tr id='ft2_3' class='none'>
    <td class='errorCase'><div class='testcase'>test_rjbg: 软件著作权变更测试</div></td>
    <td colspan='5' align='center'>
    <!--默认收起错误信息 -Findyou
    <button id='btn_ft2_3' type="button"  class="btn btn-danger btn-xs collapsed" data-toggle="collapse" data-target='#div_ft2_3'>错误</button>
    <div id='div_ft2_3' class="collapse">  -->

    <!-- 默认展开错误信息 -Findyou -->
    <button id='btn_ft2_3' type="button"  class="btn btn-danger btn-xs" data-toggle="collapse" data-target='#div_ft2_3'>错误</button>
    <div id='div_ft2_3' class="collapse in">
    <pre>
    
ft2_3: 2018-09-06 22:03:02,602 - root - INFO - ############################### START ###############################
软件著作权变更-权大师
费用总计:799.00
总价:799.00
价格一致
2018-09-06 22:04:02,043 - root - INFO - ###############################  End  ###############################
Traceback (most recent call last):
  File "D:\QDS_old_company\case\bqywtest.py", line 294, in test_rjbg
    "body &gt; div.section-myorder.width1200 &gt; div &gt; div &gt; ul &gt; li.row-step &gt; a.btn-next.submitOrder").click()
  File "C:\Users\Administrator\AppData\Local\Programs\Python\Python35\lib\site-packages\selenium\webdriver\remote\webdriver.py", line 437, in find_element_by_css_selector
    return self.find_element(by=By.CSS_SELECTOR, value=css_selector)
  File "C:\Users\Administrator\AppData\Local\Programs\Python\Python35\lib\site-packages\selenium\webdriver\remote\webdriver.py", line 752, in find_element
    'value': value})['value']
  File "C:\Users\Administrator\AppData\Local\Programs\Python\Python35\lib\site-packages\selenium\webdriver\remote\webdriver.py", line 236, in execute
    self.error_handler.check_response(response)
  File "C:\Users\Administrator\AppData\Local\Programs\Python\Python35\lib\site-packages\selenium\webdriver\remote\errorhandler.py", line 192, in check_response
    raise exception_class(message, screen, stacktrace)
selenium.common.exceptions.NoSuchElementException: Message: no such element: Unable to locate element: {"method":"css selector","selector":"body &gt; div.section-myorder.width1200 &gt; div &gt; div &gt; ul &gt; li.row-step &gt; a.btn-next.submitOrder"}
  (Session info: chrome=68.0.3440.106)
  (Driver info: chromedriver=2.40.565498 (ea082db3280dd6843ebfb08a625e3eb905c4f5ab),platform=Windows NT 10.0.17134 x86_64)



    </pre>
    </div>
    </td>
</tr>

<tr id='ft2_4' class='none'>
    <td class='errorCase'><div class='testcase'>test_rjbz: 软件著作权补证测试</div></td>
    <td colspan='5' align='center'>
    <!--默认收起错误信息 -Findyou
    <button id='btn_ft2_4' type="button"  class="btn btn-danger btn-xs collapsed" data-toggle="collapse" data-target='#div_ft2_4'>错误</button>
    <div id='div_ft2_4' class="collapse">  -->

    <!-- 默认展开错误信息 -Findyou -->
    <button id='btn_ft2_4' type="button"  class="btn btn-danger btn-xs" data-toggle="collapse" data-target='#div_ft2_4'>错误</button>
    <div id='div_ft2_4' class="collapse in">
    <pre>
    
ft2_4: 2018-09-06 22:04:02,065 - root - INFO - ############################### START ###############################
软件著作权补证-权大师
费用总计:799.00
总价:799.00
价格一致
2018-09-06 22:05:03,045 - root - INFO - ###############################  End  ###############################
Traceback (most recent call last):
  File "D:\QDS_old_company\case\bqywtest.py", line 352, in test_rjbz
    "body &gt; div.section-myorder.width1200 &gt; div &gt; div &gt; ul &gt; li.row-step &gt; a.btn-next.submitOrder").click()
  File "C:\Users\Administrator\AppData\Local\Programs\Python\Python35\lib\site-packages\selenium\webdriver\remote\webdriver.py", line 437, in find_element_by_css_selector
    return self.find_element(by=By.CSS_SELECTOR, value=css_selector)
  File "C:\Users\Administrator\AppData\Local\Programs\Python\Python35\lib\site-packages\selenium\webdriver\remote\webdriver.py", line 752, in find_element
    'value': value})['value']
  File "C:\Users\Administrator\AppData\Local\Programs\Python\Python35\lib\site-packages\selenium\webdriver\remote\webdriver.py", line 236, in execute
    self.error_handler.check_response(response)
  File "C:\Users\Administrator\AppData\Local\Programs\Python\Python35\lib\site-packages\selenium\webdriver\remote\errorhandler.py", line 192, in check_response
    raise exception_class(message, screen, stacktrace)
selenium.common.exceptions.NoSuchElementException: Message: no such element: Unable to locate element: {"method":"css selector","selector":"body &gt; div.section-myorder.width1200 &gt; div &gt; div &gt; ul &gt; li.row-step &gt; a.btn-next.submitOrder"}
  (Session info: chrome=68.0.3440.106)
  (Driver info: chromedriver=2.40.565498 (ea082db3280dd6843ebfb08a625e3eb905c4f5ab),platform=Windows NT 10.0.17134 x86_64)



    </pre>
    </div>
    </td>
</tr>

<tr id='ft2_5' class='none'>
    <td class='errorCase'><div class='testcase'>test_rjzr: 软件著作权转让测试</div></td>
    <td colspan='5' align='center'>
    <!--默认收起错误信息 -Findyou
    <button id='btn_ft2_5' type="button"  class="btn btn-danger btn-xs collapsed" data-toggle="collapse" data-target='#div_ft2_5'>错误</button>
    <div id='div_ft2_5' class="collapse">  -->

    <!-- 默认展开错误信息 -Findyou -->
    <button id='btn_ft2_5' type="button"  class="btn btn-danger btn-xs" data-toggle="collapse" data-target='#div_ft2_5'>错误</button>
    <div id='div_ft2_5' class="collapse in">
    <pre>
    
ft2_5: 2018-09-06 22:05:03,052 - root - INFO - ############################### START ###############################
软件著作权转让-权大师
费用总计:799.00
总价:799.00
价格一致
2018-09-06 22:06:04,952 - root - INFO - ###############################  End  ###############################
Traceback (most recent call last):
  File "D:\QDS_old_company\case\bqywtest.py", line 410, in test_rjzr
    "body &gt; div.section-myorder.width1200 &gt; div &gt; div &gt; ul &gt; li.row-step &gt; a.btn-next.submitOrder").click()
  File "C:\Users\Administrator\AppData\Local\Programs\Python\Python35\lib\site-packages\selenium\webdriver\remote\webdriver.py", line 437, in find_element_by_css_selector
    return self.find_element(by=By.CSS_SELECTOR, value=css_selector)
  File "C:\Users\Administrator\AppData\Local\Programs\Python\Python35\lib\site-packages\selenium\webdriver\remote\webdriver.py", line 752, in find_element
    'value': value})['value']
  File "C:\Users\Administrator\AppData\Local\Programs\Python\Python35\lib\site-packages\selenium\webdriver\remote\webdriver.py", line 236, in execute
    self.error_handler.check_response(response)
  File "C:\Users\Administrator\AppData\Local\Programs\Python\Python35\lib\site-packages\selenium\webdriver\remote\errorhandler.py", line 192, in check_response
    raise exception_class(message, screen, stacktrace)
selenium.common.exceptions.NoSuchElementException: Message: no such element: Unable to locate element: {"method":"css selector","selector":"body &gt; div.section-myorder.width1200 &gt; div &gt; div &gt; ul &gt; li.row-step &gt; a.btn-next.submitOrder"}
  (Session info: chrome=68.0.3440.106)
  (Driver info: chromedriver=2.40.565498 (ea082db3280dd6843ebfb08a625e3eb905c4f5ab),platform=Windows NT 10.0.17134 x86_64)



    </pre>
    </div>
    </td>
</tr>

<tr id='ft2_6' class='none'>
    <td class='errorCase'><div class='testcase'>test_wzdj: 文字作品版权登记加急测试</div></td>
    <td colspan='5' align='center'>
    <!--默认收起错误信息 -Findyou
    <button id='btn_ft2_6' type="button"  class="btn btn-danger btn-xs collapsed" data-toggle="collapse" data-target='#div_ft2_6'>错误</button>
    <div id='div_ft2_6' class="collapse">  -->

    <!-- 默认展开错误信息 -Findyou -->
    <button id='btn_ft2_6' type="button"  class="btn btn-danger btn-xs" data-toggle="collapse" data-target='#div_ft2_6'>错误</button>
    <div id='div_ft2_6' class="collapse in">
    <pre>
    
ft2_6: 2018-09-06 22:06:04,959 - root - INFO - ############################### START ###############################
文字作品版权登记加急-权大师
费用总计:2299.00
总价:2299.00
价格一致
2018-09-06 22:07:10,035 - root - INFO - ###############################  End  ###############################
Traceback (most recent call last):
  File "D:\QDS_old_company\case\bqywtest.py", line 235, in test_wzdj
    "body &gt; div.section-myorder.width1200 &gt; div &gt; div &gt; ul &gt; li.row-step &gt; a.btn-next.submitOrder").click()
  File "C:\Users\Administrator\AppData\Local\Programs\Python\Python35\lib\site-packages\selenium\webdriver\remote\webdriver.py", line 437, in find_element_by_css_selector
    return self.find_element(by=By.CSS_SELECTOR, value=css_selector)
  File "C:\Users\Administrator\AppData\Local\Programs\Python\Python35\lib\site-packages\selenium\webdriver\remote\webdriver.py", line 752, in find_element
    'value': value})['value']
  File "C:\Users\Administrator\AppData\Local\Programs\Python\Python35\lib\site-packages\selenium\webdriver\remote\webdriver.py", line 236, in execute
    self.error_handler.check_response(response)
  File "C:\Users\Administrator\AppData\Local\Programs\Python\Python35\lib\site-packages\selenium\webdriver\remote\errorhandler.py", line 192, in check_response
    raise exception_class(message, screen, stacktrace)
selenium.common.exceptions.NoSuchElementException: Message: no such element: Unable to locate element: {"method":"css selector","selector":"body &gt; div.section-myorder.width1200 &gt; div &gt; div &gt; ul &gt; li.row-step &gt; a.btn-next.submitOrder"}
  (Session info: chrome=68.0.3440.106)
  (Driver info: chromedriver=2.40.565498 (ea082db3280dd6843ebfb08a625e3eb905c4f5ab),platform=Windows NT 10.0.17134 x86_64)



    </pre>
    </div>
    </td>
</tr>

<tr id='ft2_7' class='none'>
    <td class='errorCase'><div class='testcase'>test_wzzp: 文字作品版权登记测试</div></td>
    <td colspan='5' align='center'>
    <!--默认收起错误信息 -Findyou
    <button id='btn_ft2_7' type="button"  class="btn btn-danger btn-xs collapsed" data-toggle="collapse" data-target='#div_ft2_7'>错误</button>
    <div id='div_ft2_7' class="collapse">  -->

    <!-- 默认展开错误信息 -Findyou -->
    <button id='btn_ft2_7' type="button"  class="btn btn-danger btn-xs" data-toggle="collapse" data-target='#div_ft2_7'>错误</button>
    <div id='div_ft2_7' class="collapse in">
    <pre>
    
ft2_7: 2018-09-06 22:07:10,064 - root - INFO - ############################### START ###############################
文字作品版权登记-权大师
费用总计:799.00
总价:799.00
价格一致
2018-09-06 22:08:15,441 - root - INFO - ###############################  End  ###############################
Traceback (most recent call last):
  File "D:\QDS_old_company\case\bqywtest.py", line 178, in test_wzzp
    "body &gt; div.section-myorder.width1200 &gt; div &gt; div &gt; ul &gt; li.row-step &gt; a.btn-next.submitOrder").click()
  File "C:\Users\Administrator\AppData\Local\Programs\Python\Python35\lib\site-packages\selenium\webdriver\remote\webdriver.py", line 437, in find_element_by_css_selector
    return self.find_element(by=By.CSS_SELECTOR, value=css_selector)
  File "C:\Users\Administrator\AppData\Local\Programs\Python\Python35\lib\site-packages\selenium\webdriver\remote\webdriver.py", line 752, in find_element
    'value': value})['value']
  File "C:\Users\Administrator\AppData\Local\Programs\Python\Python35\lib\site-packages\selenium\webdriver\remote\webdriver.py", line 236, in execute
    self.error_handler.check_response(response)
  File "C:\Users\Administrator\AppData\Local\Programs\Python\Python35\lib\site-packages\selenium\webdriver\remote\errorhandler.py", line 192, in check_response
    raise exception_class(message, screen, stacktrace)
selenium.common.exceptions.NoSuchElementException: Message: no such element: Unable to locate element: {"method":"css selector","selector":"body &gt; div.section-myorder.width1200 &gt; div &gt; div &gt; ul &gt; li.row-step &gt; a.btn-next.submitOrder"}
  (Session info: chrome=68.0.3440.106)
  (Driver info: chromedriver=2.40.565498 (ea082db3280dd6843ebfb08a625e3eb905c4f5ab),platform=Windows NT 10.0.17134 x86_64)



    </pre>
    </div>
    </td>
</tr>

<tr class='errorClass warning'>
    <td>cxzctest.CxZcTest: 查询注册测试集</td>
    <td class="text-center">2</td>
    <td class="text-center">1</td>
    <td class="text-center">0</td>
    <td class="text-center">1</td>
    <td class="text-center"><a href="javascript:showClassDetail('c3',2)" class="detail" id='c3'>详细</a></td>
</tr>

<tr id='ft3_1' class='none'>
    <td class='errorCase'><div class='testcase'>test_gnsb: 国内商标查询测试</div></td>
    <td colspan='5' align='center'>
    <!--默认收起错误信息 -Findyou
    <button id='btn_ft3_1' type="button"  class="btn btn-danger btn-xs collapsed" data-toggle="collapse" data-target='#div_ft3_1'>错误</button>
    <div id='div_ft3_1' class="collapse">  -->

    <!-- 默认展开错误信息 -Findyou -->
    <button id='btn_ft3_1' type="button"  class="btn btn-danger btn-xs" data-toggle="collapse" data-target='#div_ft3_1'>错误</button>
    <div id='div_ft3_1' class="collapse in">
    <pre>
    
ft3_1: 2018-09-06 22:08:15,471 - root - INFO - ############################### START ###############################
国内商标查询（报告）-国内商标查询报告-权大师
费用总计:99.00
总价:99.00
价格一致
2018-09-06 22:09:16,500 - root - INFO - ###############################  End  ###############################
Traceback (most recent call last):
  File "D:\QDS_old_company\case\cxzctest.py", line 94, in test_gnsb
    "body &gt; div.section-myorder.width1200 &gt; div &gt; div &gt; ul &gt; li.row-step &gt; a.btn-next.submitOrder").click()
  File "C:\Users\Administrator\AppData\Local\Programs\Python\Python35\lib\site-packages\selenium\webdriver\remote\webdriver.py", line 437, in find_element_by_css_selector
    return self.find_element(by=By.CSS_SELECTOR, value=css_selector)
  File "C:\Users\Administrator\AppData\Local\Programs\Python\Python35\lib\site-packages\selenium\webdriver\remote\webdriver.py", line 752, in find_element
    'value': value})['value']
  File "C:\Users\Administrator\AppData\Local\Programs\Python\Python35\lib\site-packages\selenium\webdriver\remote\webdriver.py", line 236, in execute
    self.error_handler.check_response(response)
  File "C:\Users\Administrator\AppData\Local\Programs\Python\Python35\lib\site-packages\selenium\webdriver\remote\errorhandler.py", line 192, in check_response
    raise exception_class(message, screen, stacktrace)
selenium.common.exceptions.NoSuchElementException: Message: no such element: Unable to locate element: {"method":"css selector","selector":"body &gt; div.section-myorder.width1200 &gt; div &gt; div &gt; ul &gt; li.row-step &gt; a.btn-next.submitOrder"}
  (Session info: chrome=68.0.3440.106)
  (Driver info: chromedriver=2.40.565498 (ea082db3280dd6843ebfb08a625e3eb905c4f5ab),platform=Windows NT 10.0.17134 x86_64)



    </pre>
    </div>
    </td>
</tr>

<tr id='pt3_2' class='hiddenRow'>
    <td class='passCase'><div class='testcase'>test_mfsb: 免费商标查询测试</div></td>
    <td colspan='5' align='center'>
    <!--默认收起错误信息 -Findyou
    <button id='btn_pt3_2' type="button"  class="btn btn-danger btn-xs collapsed" data-toggle="collapse" data-target='#div_pt3_2'>通过</button>
    <div id='div_pt3_2' class="collapse">  -->

    <!-- 默认展开错误信息 -Findyou -->
    <button id='btn_pt3_2' type="button"  class="btn btn-danger btn-xs" data-toggle="collapse" data-target='#div_pt3_2'>通过</button>
    <div id='div_pt3_2' class="collapse in">
    <pre>
    
pt3_2: 2018-09-06 22:09:16,546 - root - INFO - ############################### START ###############################
注册商标查询_中国商标查询_权大师官网
2018-09-06 22:09:46,578 - root - INFO - ###############################  End  ###############################


    </pre>
    </div>
    </td>
</tr>

<tr class='errorClass warning'>
    <td>dbwytest.DbWyTest: 担保无忧测试集</td>
    <td class="text-center">1</td>
    <td class="text-center">0</td>
    <td class="text-center">0</td>
    <td class="text-center">1</td>
    <td class="text-center"><a href="javascript:showClassDetail('c4',1)" class="detail" id='c4'>详细</a></td>
</tr>

<tr id='ft4_1' class='none'>
    <td class='errorCase'><div class='testcase'>test_dbwy: 担保无忧测试</div></td>
    <td colspan='5' align='center'>
    <!--默认收起错误信息 -Findyou
    <button id='btn_ft4_1' type="button"  class="btn btn-danger btn-xs collapsed" data-toggle="collapse" data-target='#div_ft4_1'>错误</button>
    <div id='div_ft4_1' class="collapse">  -->

    <!-- 默认展开错误信息 -Findyou -->
    <button id='btn_ft4_1' type="button"  class="btn btn-danger btn-xs" data-toggle="collapse" data-target='#div_ft4_1'>错误</button>
    <div id='div_ft4_1' class="collapse in">
    <pre>
    
ft4_1: 2018-09-06 22:09:46,615 - root - INFO - ############################### START ###############################
担保无忧注册-权大师
费用总计:5280.00
2018-09-06 22:10:44,137 - root - INFO - ###############################  End  ###############################
Traceback (most recent call last):
  File "D:\QDS_old_company\case\dbwytest.py", line 56, in test_dbwy
    "body &gt; div.myOrder-wrap &gt; div.section-myorder.width1200 &gt; div &gt; table:nth-child(2) &gt; tbody &gt; tr:nth-child(2) &gt; td.td-2 &gt; input").send_keys(
  File "C:\Users\Administrator\AppData\Local\Programs\Python\Python35\lib\site-packages\selenium\webdriver\remote\webdriver.py", line 437, in find_element_by_css_selector
    return self.find_element(by=By.CSS_SELECTOR, value=css_selector)
  File "C:\Users\Administrator\AppData\Local\Programs\Python\Python35\lib\site-packages\selenium\webdriver\remote\webdriver.py", line 752, in find_element
    'value': value})['value']
  File "C:\Users\Administrator\AppData\Local\Programs\Python\Python35\lib\site-packages\selenium\webdriver\remote\webdriver.py", line 236, in execute
    self.error_handler.check_response(response)
  File "C:\Users\Administrator\AppData\Local\Programs\Python\Python35\lib\site-packages\selenium\webdriver\remote\errorhandler.py", line 192, in check_response
    raise exception_class(message, screen, stacktrace)
selenium.common.exceptions.NoSuchElementException: Message: no such element: Unable to locate element: {"method":"css selector","selector":"body &gt; div.myOrder-wrap &gt; div.section-myorder.width1200 &gt; div &gt; table:nth-child(2) &gt; tbody &gt; tr:nth-child(2) &gt; td.td-2 &gt; input"}
  (Session info: chrome=68.0.3440.106)
  (Driver info: chromedriver=2.40.565498 (ea082db3280dd6843ebfb08a625e3eb905c4f5ab),platform=Windows NT 10.0.17134 x86_64)



    </pre>
    </div>
    </td>
</tr>

<tr class='errorClass warning'>
    <td>fmzltest.FmZlTest: 发明专利测试集</td>
    <td class="text-center">6</td>
    <td class="text-center">0</td>
    <td class="text-center">0</td>
    <td class="text-center">6</td>
    <td class="text-center"><a href="javascript:showClassDetail('c5',6)" class="detail" id='c5'>详细</a></td>
</tr>

<tr id='ft5_1' class='none'>
    <td class='errorCase'><div class='testcase'>test_fmzlbz_1: 标准型-单个申请人减缓</div></td>
    <td colspan='5' align='center'>
    <!--默认收起错误信息 -Findyou
    <button id='btn_ft5_1' type="button"  class="btn btn-danger btn-xs collapsed" data-toggle="collapse" data-target='#div_ft5_1'>错误</button>
    <div id='div_ft5_1' class="collapse">  -->

    <!-- 默认展开错误信息 -Findyou -->
    <button id='btn_ft5_1' type="button"  class="btn btn-danger btn-xs" data-toggle="collapse" data-target='#div_ft5_1'>错误</button>
    <div id='div_ft5_1' class="collapse in">
    <pre>
    
ft5_1: 2018-09-06 22:10:44,167 - root - INFO - ############################### START ###############################
发明专利标准申请|专利申请|专利查询|权大师
费用总计:4559.00
总价:4559.00
价格一致
2018-09-06 22:11:58,159 - root - INFO - ###############################  End  ###############################
Traceback (most recent call last):
  File "D:\QDS_old_company\case\fmzltest.py", line 67, in test_fmzlbz_1
    "body &gt; div.section-myorder.width1200 &gt; div &gt; div &gt; ul &gt; li.row-step &gt; a.btn-next.submitOrder").click()
  File "C:\Users\Administrator\AppData\Local\Programs\Python\Python35\lib\site-packages\selenium\webdriver\remote\webdriver.py", line 437, in find_element_by_css_selector
    return self.find_element(by=By.CSS_SELECTOR, value=css_selector)
  File "C:\Users\Administrator\AppData\Local\Programs\Python\Python35\lib\site-packages\selenium\webdriver\remote\webdriver.py", line 752, in find_element
    'value': value})['value']
  File "C:\Users\Administrator\AppData\Local\Programs\Python\Python35\lib\site-packages\selenium\webdriver\remote\webdriver.py", line 236, in execute
    self.error_handler.check_response(response)
  File "C:\Users\Administrator\AppData\Local\Programs\Python\Python35\lib\site-packages\selenium\webdriver\remote\errorhandler.py", line 192, in check_response
    raise exception_class(message, screen, stacktrace)
selenium.common.exceptions.NoSuchElementException: Message: no such element: Unable to locate element: {"method":"css selector","selector":"body &gt; div.section-myorder.width1200 &gt; div &gt; div &gt; ul &gt; li.row-step &gt; a.btn-next.submitOrder"}
  (Session info: chrome=68.0.3440.106)
  (Driver info: chromedriver=2.40.565498 (ea082db3280dd6843ebfb08a625e3eb905c4f5ab),platform=Windows NT 10.0.17134 x86_64)



    </pre>
    </div>
    </td>
</tr>

<tr id='ft5_2' class='none'>
    <td class='errorCase'><div class='testcase'>test_fmzlbz_2: 标准型-多个申请人减缓</div></td>
    <td colspan='5' align='center'>
    <!--默认收起错误信息 -Findyou
    <button id='btn_ft5_2' type="button"  class="btn btn-danger btn-xs collapsed" data-toggle="collapse" data-target='#div_ft5_2'>错误</button>
    <div id='div_ft5_2' class="collapse">  -->

    <!-- 默认展开错误信息 -Findyou -->
    <button id='btn_ft5_2' type="button"  class="btn btn-danger btn-xs" data-toggle="collapse" data-target='#div_ft5_2'>错误</button>
    <div id='div_ft5_2' class="collapse in">
    <pre>
    
ft5_2: 2018-09-06 22:11:58,191 - root - INFO - ############################### START ###############################
发明专利标准申请|专利申请|专利查询|权大师
费用总计:5069.00
总价:5069.00
价格一致
2018-09-06 22:13:03,995 - root - INFO - ###############################  End  ###############################
Traceback (most recent call last):
  File "D:\QDS_old_company\case\fmzltest.py", line 129, in test_fmzlbz_2
    "body &gt; div.section-myorder.width1200 &gt; div &gt; div &gt; ul &gt; li.row-step &gt; a.btn-next.submitOrder").click()
  File "C:\Users\Administrator\AppData\Local\Programs\Python\Python35\lib\site-packages\selenium\webdriver\remote\webdriver.py", line 437, in find_element_by_css_selector
    return self.find_element(by=By.CSS_SELECTOR, value=css_selector)
  File "C:\Users\Administrator\AppData\Local\Programs\Python\Python35\lib\site-packages\selenium\webdriver\remote\webdriver.py", line 752, in find_element
    'value': value})['value']
  File "C:\Users\Administrator\AppData\Local\Programs\Python\Python35\lib\site-packages\selenium\webdriver\remote\webdriver.py", line 236, in execute
    self.error_handler.check_response(response)
  File "C:\Users\Administrator\AppData\Local\Programs\Python\Python35\lib\site-packages\selenium\webdriver\remote\errorhandler.py", line 192, in check_response
    raise exception_class(message, screen, stacktrace)
selenium.common.exceptions.NoSuchElementException: Message: no such element: Unable to locate element: {"method":"css selector","selector":"body &gt; div.section-myorder.width1200 &gt; div &gt; div &gt; ul &gt; li.row-step &gt; a.btn-next.submitOrder"}
  (Session info: chrome=68.0.3440.106)
  (Driver info: chromedriver=2.40.565498 (ea082db3280dd6843ebfb08a625e3eb905c4f5ab),platform=Windows NT 10.0.17134 x86_64)



    </pre>
    </div>
    </td>
</tr>

<tr id='ft5_3' class='none'>
    <td class='errorCase'><div class='testcase'>test_fmzlbz_3: 标准型-不减缓</div></td>
    <td colspan='5' align='center'>
    <!--默认收起错误信息 -Findyou
    <button id='btn_ft5_3' type="button"  class="btn btn-danger btn-xs collapsed" data-toggle="collapse" data-target='#div_ft5_3'>错误</button>
    <div id='div_ft5_3' class="collapse">  -->

    <!-- 默认展开错误信息 -Findyou -->
    <button id='btn_ft5_3' type="button"  class="btn btn-danger btn-xs" data-toggle="collapse" data-target='#div_ft5_3'>错误</button>
    <div id='div_ft5_3' class="collapse in">
    <pre>
    
ft5_3: 2018-09-06 22:13:04,009 - root - INFO - ############################### START ###############################
发明专利标准申请|专利申请|专利查询|权大师
费用总计:7449.00
总价:7449.00
价格一致
2018-09-06 22:14:08,051 - root - INFO - ###############################  End  ###############################
Traceback (most recent call last):
  File "D:\QDS_old_company\case\fmzltest.py", line 191, in test_fmzlbz_3
    "body &gt; div.section-myorder.width1200 &gt; div &gt; div &gt; ul &gt; li.row-step &gt; a.btn-next.submitOrder").click()
  File "C:\Users\Administrator\AppData\Local\Programs\Python\Python35\lib\site-packages\selenium\webdriver\remote\webdriver.py", line 437, in find_element_by_css_selector
    return self.find_element(by=By.CSS_SELECTOR, value=css_selector)
  File "C:\Users\Administrator\AppData\Local\Programs\Python\Python35\lib\site-packages\selenium\webdriver\remote\webdriver.py", line 752, in find_element
    'value': value})['value']
  File "C:\Users\Administrator\AppData\Local\Programs\Python\Python35\lib\site-packages\selenium\webdriver\remote\webdriver.py", line 236, in execute
    self.error_handler.check_response(response)
  File "C:\Users\Administrator\AppData\Local\Programs\Python\Python35\lib\site-packages\selenium\webdriver\remote\errorhandler.py", line 192, in check_response
    raise exception_class(message, screen, stacktrace)
selenium.common.exceptions.NoSuchElementException: Message: no such element: Unable to locate element: {"method":"css selector","selector":"body &gt; div.section-myorder.width1200 &gt; div &gt; div &gt; ul &gt; li.row-step &gt; a.btn-next.submitOrder"}
  (Session info: chrome=68.0.3440.106)
  (Driver info: chromedriver=2.40.565498 (ea082db3280dd6843ebfb08a625e3eb905c4f5ab),platform=Windows NT 10.0.17134 x86_64)



    </pre>
    </div>
    </td>
</tr>

<tr id='ft5_4' class='none'>
    <td class='errorCase'><div class='testcase'>test_fmzldb_1: 担保型-单个申请人减缓</div></td>
    <td colspan='5' align='center'>
    <!--默认收起错误信息 -Findyou
    <button id='btn_ft5_4' type="button"  class="btn btn-danger btn-xs collapsed" data-toggle="collapse" data-target='#div_ft5_4'>错误</button>
    <div id='div_ft5_4' class="collapse">  -->

    <!-- 默认展开错误信息 -Findyou -->
    <button id='btn_ft5_4' type="button"  class="btn btn-danger btn-xs" data-toggle="collapse" data-target='#div_ft5_4'>错误</button>
    <div id='div_ft5_4' class="collapse in">
    <pre>
    
ft5_4: 2018-09-06 22:14:08,060 - root - INFO - ############################### START ###############################
发明专利担保申请|专利申请|专利查询|权大师
费用总计:9559.00
总价:9559.00
价格一致
2018-09-06 22:15:15,722 - root - INFO - ###############################  End  ###############################
Traceback (most recent call last):
  File "D:\QDS_old_company\case\fmzltest.py", line 253, in test_fmzldb_1
    "body &gt; div.section-myorder.width1200 &gt; div &gt; div &gt; ul &gt; li.row-step &gt; a.btn-next.submitOrder").click()
  File "C:\Users\Administrator\AppData\Local\Programs\Python\Python35\lib\site-packages\selenium\webdriver\remote\webdriver.py", line 437, in find_element_by_css_selector
    return self.find_element(by=By.CSS_SELECTOR, value=css_selector)
  File "C:\Users\Administrator\AppData\Local\Programs\Python\Python35\lib\site-packages\selenium\webdriver\remote\webdriver.py", line 752, in find_element
    'value': value})['value']
  File "C:\Users\Administrator\AppData\Local\Programs\Python\Python35\lib\site-packages\selenium\webdriver\remote\webdriver.py", line 236, in execute
    self.error_handler.check_response(response)
  File "C:\Users\Administrator\AppData\Local\Programs\Python\Python35\lib\site-packages\selenium\webdriver\remote\errorhandler.py", line 192, in check_response
    raise exception_class(message, screen, stacktrace)
selenium.common.exceptions.NoSuchElementException: Message: no such element: Unable to locate element: {"method":"css selector","selector":"body &gt; div.section-myorder.width1200 &gt; div &gt; div &gt; ul &gt; li.row-step &gt; a.btn-next.submitOrder"}
  (Session info: chrome=68.0.3440.106)
  (Driver info: chromedriver=2.40.565498 (ea082db3280dd6843ebfb08a625e3eb905c4f5ab),platform=Windows NT 10.0.17134 x86_64)



    </pre>
    </div>
    </td>
</tr>

<tr id='ft5_5' class='none'>
    <td class='errorCase'><div class='testcase'>test_fmzldb_2: 担保型-多个申请人减缓</div></td>
    <td colspan='5' align='center'>
    <!--默认收起错误信息 -Findyou
    <button id='btn_ft5_5' type="button"  class="btn btn-danger btn-xs collapsed" data-toggle="collapse" data-target='#div_ft5_5'>错误</button>
    <div id='div_ft5_5' class="collapse">  -->

    <!-- 默认展开错误信息 -Findyou -->
    <button id='btn_ft5_5' type="button"  class="btn btn-danger btn-xs" data-toggle="collapse" data-target='#div_ft5_5'>错误</button>
    <div id='div_ft5_5' class="collapse in">
    <pre>
    
ft5_5: 2018-09-06 22:15:15,730 - root - INFO - ############################### START ###############################
发明专利担保申请|专利申请|专利查询|权大师
费用总计:10069.00
总价:10069.00
价格一致
2018-09-06 22:16:20,008 - root - INFO - ###############################  End  ###############################
Traceback (most recent call last):
  File "D:\QDS_old_company\case\fmzltest.py", line 315, in test_fmzldb_2
    "body &gt; div.section-myorder.width1200 &gt; div &gt; div &gt; ul &gt; li.row-step &gt; a.btn-next.submitOrder").click()
  File "C:\Users\Administrator\AppData\Local\Programs\Python\Python35\lib\site-packages\selenium\webdriver\remote\webdriver.py", line 437, in find_element_by_css_selector
    return self.find_element(by=By.CSS_SELECTOR, value=css_selector)
  File "C:\Users\Administrator\AppData\Local\Programs\Python\Python35\lib\site-packages\selenium\webdriver\remote\webdriver.py", line 752, in find_element
    'value': value})['value']
  File "C:\Users\Administrator\AppData\Local\Programs\Python\Python35\lib\site-packages\selenium\webdriver\remote\webdriver.py", line 236, in execute
    self.error_handler.check_response(response)
  File "C:\Users\Administrator\AppData\Local\Programs\Python\Python35\lib\site-packages\selenium\webdriver\remote\errorhandler.py", line 192, in check_response
    raise exception_class(message, screen, stacktrace)
selenium.common.exceptions.NoSuchElementException: Message: no such element: Unable to locate element: {"method":"css selector","selector":"body &gt; div.section-myorder.width1200 &gt; div &gt; div &gt; ul &gt; li.row-step &gt; a.btn-next.submitOrder"}
  (Session info: chrome=68.0.3440.106)
  (Driver info: chromedriver=2.40.565498 (ea082db3280dd6843ebfb08a625e3eb905c4f5ab),platform=Windows NT 10.0.17134 x86_64)



    </pre>
    </div>
    </td>
</tr>

<tr id='ft5_6' class='none'>
    <td class='errorCase'><div class='testcase'>test_fmzldb_3: 担保型-不减缓</div></td>
    <td colspan='5' align='center'>
    <!--默认收起错误信息 -Findyou
    <button id='btn_ft5_6' type="button"  class="btn btn-danger btn-xs collapsed" data-toggle="collapse" data-target='#div_ft5_6'>错误</button>
    <div id='div_ft5_6' class="collapse">  -->

    <!-- 默认展开错误信息 -Findyou -->
    <button id='btn_ft5_6' type="button"  class="btn btn-danger btn-xs" data-toggle="collapse" data-target='#div_ft5_6'>错误</button>
    <div id='div_ft5_6' class="collapse in">
    <pre>
    
ft5_6: 2018-09-06 22:16:20,020 - root - INFO - ############################### START ###############################
发明专利担保申请|专利申请|专利查询|权大师
费用总计:12449.00
总价:12449.00
价格一致
2018-09-06 22:17:28,721 - root - INFO - ###############################  End  ###############################
Traceback (most recent call last):
  File "D:\QDS_old_company\case\fmzltest.py", line 377, in test_fmzldb_3
    "body &gt; div.section-myorder.width1200 &gt; div &gt; div &gt; ul &gt; li.row-step &gt; a.btn-next.submitOrder").click()
  File "C:\Users\Administrator\AppData\Local\Programs\Python\Python35\lib\site-packages\selenium\webdriver\remote\webdriver.py", line 437, in find_element_by_css_selector
    return self.find_element(by=By.CSS_SELECTOR, value=css_selector)
  File "C:\Users\Administrator\AppData\Local\Programs\Python\Python35\lib\site-packages\selenium\webdriver\remote\webdriver.py", line 752, in find_element
    'value': value})['value']
  File "C:\Users\Administrator\AppData\Local\Programs\Python\Python35\lib\site-packages\selenium\webdriver\remote\webdriver.py", line 236, in execute
    self.error_handler.check_response(response)
  File "C:\Users\Administrator\AppData\Local\Programs\Python\Python35\lib\site-packages\selenium\webdriver\remote\errorhandler.py", line 192, in check_response
    raise exception_class(message, screen, stacktrace)
selenium.common.exceptions.NoSuchElementException: Message: no such element: Unable to locate element: {"method":"css selector","selector":"body &gt; div.section-myorder.width1200 &gt; div &gt; div &gt; ul &gt; li.row-step &gt; a.btn-next.submitOrder"}
  (Session info: chrome=68.0.3440.106)
  (Driver info: chromedriver=2.40.565498 (ea082db3280dd6843ebfb08a625e3eb905c4f5ab),platform=Windows NT 10.0.17134 x86_64)



    </pre>
    </div>
    </td>
</tr>

<tr class='errorClass warning'>
    <td>hhrtest.HhrTest: 合伙人个人中心测试集</td>
    <td class="text-center">3</td>
    <td class="text-center">2</td>
    <td class="text-center">0</td>
    <td class="text-center">1</td>
    <td class="text-center"><a href="javascript:showClassDetail('c6',3)" class="detail" id='c6'>详细</a></td>
</tr>

<tr id='pt6_1' class='hiddenRow'>
    <td class='passCase'><div class='testcase'>test_hhrqdxd: 渠道下单单个商标注册</div></td>
    <td colspan='5' align='center'>
    <!--默认收起错误信息 -Findyou
    <button id='btn_pt6_1' type="button"  class="btn btn-danger btn-xs collapsed" data-toggle="collapse" data-target='#div_pt6_1'>通过</button>
    <div id='div_pt6_1' class="collapse">  -->

    <!-- 默认展开错误信息 -Findyou -->
    <button id='btn_pt6_1' type="button"  class="btn btn-danger btn-xs" data-toggle="collapse" data-target='#div_pt6_1'>通过</button>
    <div id='div_pt6_1' class="collapse in">
    <pre>
    
pt6_1: 2018-09-06 22:17:28,729 - root - INFO - ############################### START ###############################
商标名称:瘩卡
商标名称填写成功!
选择了第17类商标分类
申请人信息填写成功!
订单提交成功，应付金额:321.00
2018-09-06 22:18:00,332 - root - INFO - ###############################  End  ###############################


    </pre>
    </div>
    </td>
</tr>

<tr id='pt6_2' class='hiddenRow'>
    <td class='passCase'><div class='testcase'>test_hhrsbzc: 合伙人商标注册</div></td>
    <td colspan='5' align='center'>
    <!--默认收起错误信息 -Findyou
    <button id='btn_pt6_2' type="button"  class="btn btn-danger btn-xs collapsed" data-toggle="collapse" data-target='#div_pt6_2'>通过</button>
    <div id='div_pt6_2' class="collapse">  -->

    <!-- 默认展开错误信息 -Findyou -->
    <button id='btn_pt6_2' type="button"  class="btn btn-danger btn-xs" data-toggle="collapse" data-target='#div_pt6_2'>通过</button>
    <div id='div_pt6_2' class="collapse in">
    <pre>
    
pt6_2: 2018-09-06 22:18:00,340 - root - INFO - ############################### START ###############################
商标名称：fEffie
商标名称填写成功!
选择了第29类商标分类
总价:600.00
申请人信息填写成功!
联系人信息填写成功!
订单提交成功，应付金额:600.00
价格一致
合伙人订单下单成功!
订单已发送客户付款!
2018-09-06 22:18:47,248 - root - INFO - ###############################  End  ###############################


    </pre>
    </div>
    </td>
</tr>

<tr id='ft6_3' class='none'>
    <td class='errorCase'><div class='testcase'>test_sbddxg: 商标订单</div></td>
    <td colspan='5' align='center'>
    <!--默认收起错误信息 -Findyou
    <button id='btn_ft6_3' type="button"  class="btn btn-danger btn-xs collapsed" data-toggle="collapse" data-target='#div_ft6_3'>错误</button>
    <div id='div_ft6_3' class="collapse">  -->

    <!-- 默认展开错误信息 -Findyou -->
    <button id='btn_ft6_3' type="button"  class="btn btn-danger btn-xs" data-toggle="collapse" data-target='#div_ft6_3'>错误</button>
    <div id='div_ft6_3' class="collapse in">
    <pre>
    
ft6_3: 2018-09-06 22:18:47,273 - root - INFO - ############################### START ###############################
2018-09-06 22:19:47,231 - root - INFO - ###############################  End  ###############################
Traceback (most recent call last):
  File "D:\QDS_old_company\case\hhrtest.py", line 35, in test_sbddxg
    self.driver.find_element_by_css_selector("#personalCenter2-rightContainer &gt; div.order-page &gt; div.tabsPanel &gt; div &gt; div &gt; table &gt; tbody &gt; tr:nth-child(2) &gt; td:nth-child(9) &gt; div.td-handle &gt; a").click()
  File "C:\Users\Administrator\AppData\Local\Programs\Python\Python35\lib\site-packages\selenium\webdriver\remote\webdriver.py", line 437, in find_element_by_css_selector
    return self.find_element(by=By.CSS_SELECTOR, value=css_selector)
  File "C:\Users\Administrator\AppData\Local\Programs\Python\Python35\lib\site-packages\selenium\webdriver\remote\webdriver.py", line 752, in find_element
    'value': value})['value']
  File "C:\Users\Administrator\AppData\Local\Programs\Python\Python35\lib\site-packages\selenium\webdriver\remote\webdriver.py", line 236, in execute
    self.error_handler.check_response(response)
  File "C:\Users\Administrator\AppData\Local\Programs\Python\Python35\lib\site-packages\selenium\webdriver\remote\errorhandler.py", line 192, in check_response
    raise exception_class(message, screen, stacktrace)
selenium.common.exceptions.NoSuchElementException: Message: no such element: Unable to locate element: {"method":"css selector","selector":"#personalCenter2-rightContainer &gt; div.order-page &gt; div.tabsPanel &gt; div &gt; div &gt; table &gt; tbody &gt; tr:nth-child(2) &gt; td:nth-child(9) &gt; div.td-handle &gt; a"}
  (Session info: chrome=68.0.3440.106)
  (Driver info: chromedriver=2.40.565498 (ea082db3280dd6843ebfb08a625e3eb905c4f5ab),platform=Windows NT 10.0.17134 x86_64)



    </pre>
    </div>
    </td>
</tr>

<tr class='errorClass warning'>
    <td>hometest.HomeTest: 个人中心测试集</td>
    <td class="text-center">4</td>
    <td class="text-center">1</td>
    <td class="text-center">0</td>
    <td class="text-center">3</td>
    <td class="text-center"><a href="javascript:showClassDetail('c7',4)" class="detail" id='c7'>详细</a></td>
</tr>

<tr id='ft7_1' class='none'>
    <td class='errorCase'><div class='testcase'>test_ddzx: 订单中心</div></td>
    <td colspan='5' align='center'>
    <!--默认收起错误信息 -Findyou
    <button id='btn_ft7_1' type="button"  class="btn btn-danger btn-xs collapsed" data-toggle="collapse" data-target='#div_ft7_1'>错误</button>
    <div id='div_ft7_1' class="collapse">  -->

    <!-- 默认展开错误信息 -Findyou -->
    <button id='btn_ft7_1' type="button"  class="btn btn-danger btn-xs" data-toggle="collapse" data-target='#div_ft7_1'>错误</button>
    <div id='div_ft7_1' class="collapse in">
    <pre>
    
ft7_1: 2018-09-06 22:19:47,239 - root - INFO - ############################### START ###############################
权大师_我的商标
2018-09-06 22:20:47,265 - root - INFO - ###############################  End  ###############################
Traceback (most recent call last):
  File "D:\QDS_old_company\case\hometest.py", line 47, in test_ddzx
    self.driver.find_element_by_css_selector("#personalCenter2-rightContainer &gt; div.order-detail-page &gt; div:nth-child(4) &gt; h2 &gt; a").click()
  File "C:\Users\Administrator\AppData\Local\Programs\Python\Python35\lib\site-packages\selenium\webdriver\remote\webdriver.py", line 437, in find_element_by_css_selector
    return self.find_element(by=By.CSS_SELECTOR, value=css_selector)
  File "C:\Users\Administrator\AppData\Local\Programs\Python\Python35\lib\site-packages\selenium\webdriver\remote\webdriver.py", line 752, in find_element
    'value': value})['value']
  File "C:\Users\Administrator\AppData\Local\Programs\Python\Python35\lib\site-packages\selenium\webdriver\remote\webdriver.py", line 236, in execute
    self.error_handler.check_response(response)
  File "C:\Users\Administrator\AppData\Local\Programs\Python\Python35\lib\site-packages\selenium\webdriver\remote\errorhandler.py", line 192, in check_response
    raise exception_class(message, screen, stacktrace)
selenium.common.exceptions.NoSuchElementException: Message: no such element: Unable to locate element: {"method":"css selector","selector":"#personalCenter2-rightContainer &gt; div.order-detail-page &gt; div:nth-child(4) &gt; h2 &gt; a"}
  (Session info: chrome=68.0.3440.106)
  (Driver info: chromedriver=2.40.565498 (ea082db3280dd6843ebfb08a625e3eb905c4f5ab),platform=Windows NT 10.0.17134 x86_64)



    </pre>
    </div>
    </td>
</tr>

<tr id='pt7_2' class='hiddenRow'>
    <td class='passCase'><div class='testcase'>test_dzgl: 发票地址管理</div></td>
    <td colspan='5' align='center'>
    <!--默认收起错误信息 -Findyou
    <button id='btn_pt7_2' type="button"  class="btn btn-danger btn-xs collapsed" data-toggle="collapse" data-target='#div_pt7_2'>通过</button>
    <div id='div_pt7_2' class="collapse">  -->

    <!-- 默认展开错误信息 -Findyou -->
    <button id='btn_pt7_2' type="button"  class="btn btn-danger btn-xs" data-toggle="collapse" data-target='#div_pt7_2'>通过</button>
    <div id='div_pt7_2' class="collapse in">
    <pre>
    
pt7_2: 2018-09-06 22:20:47,295 - root - INFO - ############################### START ###############################
权大师_邮寄地址管理
收件人名称:mConor
收件人地址:北京市昌平区览株蜂尺淡街道
添加邮寄地址成功！
测试通过！
2018-09-06 22:21:15,934 - root - INFO - ###############################  End  ###############################


    </pre>
    </div>
    </td>
</tr>

<tr id='ft7_3' class='none'>
    <td class='errorCase'><div class='testcase'>test_fpsq: 发票申请</div></td>
    <td colspan='5' align='center'>
    <!--默认收起错误信息 -Findyou
    <button id='btn_ft7_3' type="button"  class="btn btn-danger btn-xs collapsed" data-toggle="collapse" data-target='#div_ft7_3'>错误</button>
    <div id='div_ft7_3' class="collapse">  -->

    <!-- 默认展开错误信息 -Findyou -->
    <button id='btn_ft7_3' type="button"  class="btn btn-danger btn-xs" data-toggle="collapse" data-target='#div_ft7_3'>错误</button>
    <div id='div_ft7_3' class="collapse in">
    <pre>
    
ft7_3: 2018-09-06 22:21:15,949 - root - INFO - ############################### START ###############################
权大师_我的发票申请
2018-09-06 22:22:13,794 - root - INFO - ###############################  End  ###############################
Traceback (most recent call last):
  File "D:\QDS_old_company\case\hometest.py", line 180, in test_fpsq
    self.driver.find_element_by_css_selector("#personalCenter2-rightContainer &gt; div.order-page.p-invoice-content &gt; div.tabsPanel &gt; div &gt; div.section1 &gt; table &gt; tbody &gt; tr &gt; td:nth-child(8) &gt; div &gt; a").click()
  File "C:\Users\Administrator\AppData\Local\Programs\Python\Python35\lib\site-packages\selenium\webdriver\remote\webdriver.py", line 437, in find_element_by_css_selector
    return self.find_element(by=By.CSS_SELECTOR, value=css_selector)
  File "C:\Users\Administrator\AppData\Local\Programs\Python\Python35\lib\site-packages\selenium\webdriver\remote\webdriver.py", line 752, in find_element
    'value': value})['value']
  File "C:\Users\Administrator\AppData\Local\Programs\Python\Python35\lib\site-packages\selenium\webdriver\remote\webdriver.py", line 236, in execute
    self.error_handler.check_response(response)
  File "C:\Users\Administrator\AppData\Local\Programs\Python\Python35\lib\site-packages\selenium\webdriver\remote\errorhandler.py", line 192, in check_response
    raise exception_class(message, screen, stacktrace)
selenium.common.exceptions.NoSuchElementException: Message: no such element: Unable to locate element: {"method":"css selector","selector":"#personalCenter2-rightContainer &gt; div.order-page.p-invoice-content &gt; div.tabsPanel &gt; div &gt; div.section1 &gt; table &gt; tbody &gt; tr &gt; td:nth-child(8) &gt; div &gt; a"}
  (Session info: chrome=68.0.3440.106)
  (Driver info: chromedriver=2.40.565498 (ea082db3280dd6843ebfb08a625e3eb905c4f5ab),platform=Windows NT 10.0.17134 x86_64)



    </pre>
    </div>
    </td>
</tr>

<tr id='ft7_4' class='none'>
    <td class='errorCase'><div class='testcase'>test_gwyj: 官文邮寄</div></td>
    <td colspan='5' align='center'>
    <!--默认收起错误信息 -Findyou
    <button id='btn_ft7_4' type="button"  class="btn btn-danger btn-xs collapsed" data-toggle="collapse" data-target='#div_ft7_4'>错误</button>
    <div id='div_ft7_4' class="collapse">  -->

    <!-- 默认展开错误信息 -Findyou -->
    <button id='btn_ft7_4' type="button"  class="btn btn-danger btn-xs" data-toggle="collapse" data-target='#div_ft7_4'>错误</button>
    <div id='div_ft7_4' class="collapse in">
    <pre>
    
ft7_4: 2018-09-06 22:22:13,815 - root - INFO - ############################### START ###############################
权大师_官文待申请
2018-09-06 22:23:10,809 - root - INFO - ###############################  End  ###############################
Traceback (most recent call last):
  File "D:\QDS_old_company\case\hometest.py", line 230, in test_gwyj
    self.driver.find_element_by_css_selector("#personalCenter2-rightContainer &gt; div.person-postofficial.order-page &gt; div.official-doc-wrap &gt; table &gt; tbody &gt; tr:nth-child(2) &gt; td:nth-child(1) &gt; span").click()
  File "C:\Users\Administrator\AppData\Local\Programs\Python\Python35\lib\site-packages\selenium\webdriver\remote\webdriver.py", line 437, in find_element_by_css_selector
    return self.find_element(by=By.CSS_SELECTOR, value=css_selector)
  File "C:\Users\Administrator\AppData\Local\Programs\Python\Python35\lib\site-packages\selenium\webdriver\remote\webdriver.py", line 752, in find_element
    'value': value})['value']
  File "C:\Users\Administrator\AppData\Local\Programs\Python\Python35\lib\site-packages\selenium\webdriver\remote\webdriver.py", line 236, in execute
    self.error_handler.check_response(response)
  File "C:\Users\Administrator\AppData\Local\Programs\Python\Python35\lib\site-packages\selenium\webdriver\remote\errorhandler.py", line 192, in check_response
    raise exception_class(message, screen, stacktrace)
selenium.common.exceptions.NoSuchElementException: Message: no such element: Unable to locate element: {"method":"css selector","selector":"#personalCenter2-rightContainer &gt; div.person-postofficial.order-page &gt; div.official-doc-wrap &gt; table &gt; tbody &gt; tr:nth-child(2) &gt; td:nth-child(1) &gt; span"}
  (Session info: chrome=68.0.3440.106)
  (Driver info: chromedriver=2.40.565498 (ea082db3280dd6843ebfb08a625e3eb905c4f5ab),platform=Windows NT 10.0.17134 x86_64)



    </pre>
    </div>
    </td>
</tr>

<tr class='passClass warning'>
    <td>hwgstest.HwGsTest: 海外高速测试集</td>
    <td class="text-center">2</td>
    <td class="text-center">2</td>
    <td class="text-center">0</td>
    <td class="text-center">0</td>
    <td class="text-center"><a href="javascript:showClassDetail('c8',2)" class="detail" id='c8'>详细</a></td>
</tr>

<tr id='pt8_1' class='hiddenRow'>
    <td class='passCase'><div class='testcase'>test_hwgs_1: 海外高速测试</div></td>
    <td colspan='5' align='center'>
    <!--默认收起错误信息 -Findyou
    <button id='btn_pt8_1' type="button"  class="btn btn-danger btn-xs collapsed" data-toggle="collapse" data-target='#div_pt8_1'>通过</button>
    <div id='div_pt8_1' class="collapse">  -->

    <!-- 默认展开错误信息 -Findyou -->
    <button id='btn_pt8_1' type="button"  class="btn btn-danger btn-xs" data-toggle="collapse" data-target='#div_pt8_1'>通过</button>
    <div id='div_pt8_1' class="collapse in">
    <pre>
    
pt8_1: 2018-09-06 22:23:10,820 - root - INFO - ############################### START ###############################
海外公司智能注册-权大师
费用总计:600.00
商标名称：挽
选择了第2类商标分类！
总价:600.00
价格一致
订单提交成功，应付金额:600.00
测试通过
2018-09-06 22:23:59,693 - root - INFO - ###############################  End  ###############################


    </pre>
    </div>
    </td>
</tr>

<tr id='pt8_2' class='hiddenRow'>
    <td class='passCase'><div class='testcase'>test_hwgs_2: 海外高速_自然人测试</div></td>
    <td colspan='5' align='center'>
    <!--默认收起错误信息 -Findyou
    <button id='btn_pt8_2' type="button"  class="btn btn-danger btn-xs collapsed" data-toggle="collapse" data-target='#div_pt8_2'>通过</button>
    <div id='div_pt8_2' class="collapse">  -->

    <!-- 默认展开错误信息 -Findyou -->
    <button id='btn_pt8_2' type="button"  class="btn btn-danger btn-xs" data-toggle="collapse" data-target='#div_pt8_2'>通过</button>
    <div id='div_pt8_2' class="collapse in">
    <pre>
    
pt8_2: 2018-09-06 22:23:59,701 - root - INFO - ############################### START ###############################
海外公司智能注册-权大师
费用总计:600.00
商标名称：fMiriam
选择了第43类商标分类！
总价:600.00
价格一致
订单提交成功，应付金额:600.00
测试通过
2018-09-06 22:24:52,822 - root - INFO - ###############################  End  ###############################


    </pre>
    </div>
    </td>
</tr>

<tr class='errorClass warning'>
    <td>hwsctest.HwScTest: 海外市场测试集</td>
    <td class="text-center">6</td>
    <td class="text-center">0</td>
    <td class="text-center">0</td>
    <td class="text-center">6</td>
    <td class="text-center"><a href="javascript:showClassDetail('c9',6)" class="detail" id='c9'>详细</a></td>
</tr>

<tr id='ft9_1' class='none'>
    <td class='errorCase'><div class='testcase'>test_mdl: 马德里商标注册测试</div></td>
    <td colspan='5' align='center'>
    <!--默认收起错误信息 -Findyou
    <button id='btn_ft9_1' type="button"  class="btn btn-danger btn-xs collapsed" data-toggle="collapse" data-target='#div_ft9_1'>错误</button>
    <div id='div_ft9_1' class="collapse">  -->

    <!-- 默认展开错误信息 -Findyou -->
    <button id='btn_ft9_1' type="button"  class="btn btn-danger btn-xs" data-toggle="collapse" data-target='#div_ft9_1'>错误</button>
    <div id='div_ft9_1' class="collapse in">
    <pre>
    
ft9_1: 2018-09-06 22:24:52,830 - root - INFO - ############################### START ###############################
马德里商标注册
费用总计:6600.00
总价:6600.00
价格一致
2018-09-06 22:26:16,656 - root - INFO - ###############################  End  ###############################
Traceback (most recent call last):
  File "D:\QDS_old_company\case\hwsctest.py", line 64, in test_mdl
    "body &gt; div.section-myorder.width1200 &gt; div &gt; div &gt; ul &gt; li.row-step &gt; a.btn-next.submitOrder").click()
  File "C:\Users\Administrator\AppData\Local\Programs\Python\Python35\lib\site-packages\selenium\webdriver\remote\webdriver.py", line 437, in find_element_by_css_selector
    return self.find_element(by=By.CSS_SELECTOR, value=css_selector)
  File "C:\Users\Administrator\AppData\Local\Programs\Python\Python35\lib\site-packages\selenium\webdriver\remote\webdriver.py", line 752, in find_element
    'value': value})['value']
  File "C:\Users\Administrator\AppData\Local\Programs\Python\Python35\lib\site-packages\selenium\webdriver\remote\webdriver.py", line 236, in execute
    self.error_handler.check_response(response)
  File "C:\Users\Administrator\AppData\Local\Programs\Python\Python35\lib\site-packages\selenium\webdriver\remote\errorhandler.py", line 192, in check_response
    raise exception_class(message, screen, stacktrace)
selenium.common.exceptions.NoSuchElementException: Message: no such element: Unable to locate element: {"method":"css selector","selector":"body &gt; div.section-myorder.width1200 &gt; div &gt; div &gt; ul &gt; li.row-step &gt; a.btn-next.submitOrder"}
  (Session info: chrome=68.0.3440.106)
  (Driver info: chromedriver=2.40.565498 (ea082db3280dd6843ebfb08a625e3eb905c4f5ab),platform=Windows NT 10.0.17134 x86_64)



    </pre>
    </div>
    </td>
</tr>

<tr id='ft9_2' class='none'>
    <td class='errorCase'><div class='testcase'>test_mg: 美国商标注册测试</div></td>
    <td colspan='5' align='center'>
    <!--默认收起错误信息 -Findyou
    <button id='btn_ft9_2' type="button"  class="btn btn-danger btn-xs collapsed" data-toggle="collapse" data-target='#div_ft9_2'>错误</button>
    <div id='div_ft9_2' class="collapse">  -->

    <!-- 默认展开错误信息 -Findyou -->
    <button id='btn_ft9_2' type="button"  class="btn btn-danger btn-xs" data-toggle="collapse" data-target='#div_ft9_2'>错误</button>
    <div id='div_ft9_2' class="collapse in">
    <pre>
    
ft9_2: 2018-09-06 22:26:16,686 - root - INFO - ############################### START ###############################
美国商标注册-权大师
费用总计:5799.00
总价:5799.00
价格一致
2018-09-06 22:27:14,930 - root - INFO - ###############################  End  ###############################
Traceback (most recent call last):
  File "D:\QDS_old_company\case\hwsctest.py", line 121, in test_mg
    "body &gt; div.section-myorder.width1200 &gt; div &gt; div &gt; ul &gt; li.row-step &gt; a.btn-next.submitOrder").click()
  File "C:\Users\Administrator\AppData\Local\Programs\Python\Python35\lib\site-packages\selenium\webdriver\remote\webdriver.py", line 437, in find_element_by_css_selector
    return self.find_element(by=By.CSS_SELECTOR, value=css_selector)
  File "C:\Users\Administrator\AppData\Local\Programs\Python\Python35\lib\site-packages\selenium\webdriver\remote\webdriver.py", line 752, in find_element
    'value': value})['value']
  File "C:\Users\Administrator\AppData\Local\Programs\Python\Python35\lib\site-packages\selenium\webdriver\remote\webdriver.py", line 236, in execute
    self.error_handler.check_response(response)
  File "C:\Users\Administrator\AppData\Local\Programs\Python\Python35\lib\site-packages\selenium\webdriver\remote\errorhandler.py", line 192, in check_response
    raise exception_class(message, screen, stacktrace)
selenium.common.exceptions.NoSuchElementException: Message: no such element: Unable to locate element: {"method":"css selector","selector":"body &gt; div.section-myorder.width1200 &gt; div &gt; div &gt; ul &gt; li.row-step &gt; a.btn-next.submitOrder"}
  (Session info: chrome=68.0.3440.106)
  (Driver info: chromedriver=2.40.565498 (ea082db3280dd6843ebfb08a625e3eb905c4f5ab),platform=Windows NT 10.0.17134 x86_64)



    </pre>
    </div>
    </td>
</tr>

<tr id='ft9_3' class='none'>
    <td class='errorCase'><div class='testcase'>test_om: 欧盟商标注册测试</div></td>
    <td colspan='5' align='center'>
    <!--默认收起错误信息 -Findyou
    <button id='btn_ft9_3' type="button"  class="btn btn-danger btn-xs collapsed" data-toggle="collapse" data-target='#div_ft9_3'>错误</button>
    <div id='div_ft9_3' class="collapse">  -->

    <!-- 默认展开错误信息 -Findyou -->
    <button id='btn_ft9_3' type="button"  class="btn btn-danger btn-xs" data-toggle="collapse" data-target='#div_ft9_3'>错误</button>
    <div id='div_ft9_3' class="collapse in">
    <pre>
    
ft9_3: 2018-09-06 22:27:14,937 - root - INFO - ############################### START ###############################
欧盟商标注册-权大师
费用总计:11499.00
总价:11499.00
价格一致
2018-09-06 22:28:13,183 - root - INFO - ###############################  End  ###############################
Traceback (most recent call last):
  File "D:\QDS_old_company\case\hwsctest.py", line 179, in test_om
    "body &gt; div.section-myorder.width1200 &gt; div &gt; div &gt; ul &gt; li.row-step &gt; a.btn-next.submitOrder").click()
  File "C:\Users\Administrator\AppData\Local\Programs\Python\Python35\lib\site-packages\selenium\webdriver\remote\webdriver.py", line 437, in find_element_by_css_selector
    return self.find_element(by=By.CSS_SELECTOR, value=css_selector)
  File "C:\Users\Administrator\AppData\Local\Programs\Python\Python35\lib\site-packages\selenium\webdriver\remote\webdriver.py", line 752, in find_element
    'value': value})['value']
  File "C:\Users\Administrator\AppData\Local\Programs\Python\Python35\lib\site-packages\selenium\webdriver\remote\webdriver.py", line 236, in execute
    self.error_handler.check_response(response)
  File "C:\Users\Administrator\AppData\Local\Programs\Python\Python35\lib\site-packages\selenium\webdriver\remote\errorhandler.py", line 192, in check_response
    raise exception_class(message, screen, stacktrace)
selenium.common.exceptions.NoSuchElementException: Message: no such element: Unable to locate element: {"method":"css selector","selector":"body &gt; div.section-myorder.width1200 &gt; div &gt; div &gt; ul &gt; li.row-step &gt; a.btn-next.submitOrder"}
  (Session info: chrome=68.0.3440.106)
  (Driver info: chromedriver=2.40.565498 (ea082db3280dd6843ebfb08a625e3eb905c4f5ab),platform=Windows NT 10.0.17134 x86_64)



    </pre>
    </div>
    </td>
</tr>

<tr id='ft9_4' class='none'>
    <td class='errorCase'><div class='testcase'>test_rb: 日本商标注册测试</div></td>
    <td colspan='5' align='center'>
    <!--默认收起错误信息 -Findyou
    <button id='btn_ft9_4' type="button"  class="btn btn-danger btn-xs collapsed" data-toggle="collapse" data-target='#div_ft9_4'>错误</button>
    <div id='div_ft9_4' class="collapse">  -->

    <!-- 默认展开错误信息 -Findyou -->
    <button id='btn_ft9_4' type="button"  class="btn btn-danger btn-xs" data-toggle="collapse" data-target='#div_ft9_4'>错误</button>
    <div id='div_ft9_4' class="collapse in">
    <pre>
    
ft9_4: 2018-09-06 22:28:13,194 - root - INFO - ############################### START ###############################
日本商标注册-权大师
费用总计:6899.00
总价:6899.00
价格一致
2018-09-06 22:29:23,300 - root - INFO - ###############################  End  ###############################
Traceback (most recent call last):
  File "D:\QDS_old_company\case\hwsctest.py", line 237, in test_rb
    "body &gt; div.section-myorder.width1200 &gt; div &gt; div &gt; ul &gt; li.row-step &gt; a.btn-next.submitOrder").click()
  File "C:\Users\Administrator\AppData\Local\Programs\Python\Python35\lib\site-packages\selenium\webdriver\remote\webdriver.py", line 437, in find_element_by_css_selector
    return self.find_element(by=By.CSS_SELECTOR, value=css_selector)
  File "C:\Users\Administrator\AppData\Local\Programs\Python\Python35\lib\site-packages\selenium\webdriver\remote\webdriver.py", line 752, in find_element
    'value': value})['value']
  File "C:\Users\Administrator\AppData\Local\Programs\Python\Python35\lib\site-packages\selenium\webdriver\remote\webdriver.py", line 236, in execute
    self.error_handler.check_response(response)
  File "C:\Users\Administrator\AppData\Local\Programs\Python\Python35\lib\site-packages\selenium\webdriver\remote\errorhandler.py", line 192, in check_response
    raise exception_class(message, screen, stacktrace)
selenium.common.exceptions.NoSuchElementException: Message: no such element: Unable to locate element: {"method":"css selector","selector":"body &gt; div.section-myorder.width1200 &gt; div &gt; div &gt; ul &gt; li.row-step &gt; a.btn-next.submitOrder"}
  (Session info: chrome=68.0.3440.106)
  (Driver info: chromedriver=2.40.565498 (ea082db3280dd6843ebfb08a625e3eb905c4f5ab),platform=Windows NT 10.0.17134 x86_64)



    </pre>
    </div>
    </td>
</tr>

<tr id='ft9_5' class='none'>
    <td class='errorCase'><div class='testcase'>test_xg: 香港商标注册测试</div></td>
    <td colspan='5' align='center'>
    <!--默认收起错误信息 -Findyou
    <button id='btn_ft9_5' type="button"  class="btn btn-danger btn-xs collapsed" data-toggle="collapse" data-target='#div_ft9_5'>错误</button>
    <div id='div_ft9_5' class="collapse">  -->

    <!-- 默认展开错误信息 -Findyou -->
    <button id='btn_ft9_5' type="button"  class="btn btn-danger btn-xs" data-toggle="collapse" data-target='#div_ft9_5'>错误</button>
    <div id='div_ft9_5' class="collapse in">
    <pre>
    
ft9_5: 2018-09-06 22:29:23,307 - root - INFO - ############################### START ###############################
香港商标注册-权大师
费用总计:3299.00
总价:3299.00
价格一致
2018-09-06 22:30:24,863 - root - INFO - ###############################  End  ###############################
Traceback (most recent call last):
  File "D:\QDS_old_company\case\hwsctest.py", line 352, in test_xg
    "body &gt; div.section-myorder.width1200 &gt; div &gt; div &gt; ul &gt; li.row-step &gt; a.btn-next.submitOrder").click()
  File "C:\Users\Administrator\AppData\Local\Programs\Python\Python35\lib\site-packages\selenium\webdriver\remote\webdriver.py", line 437, in find_element_by_css_selector
    return self.find_element(by=By.CSS_SELECTOR, value=css_selector)
  File "C:\Users\Administrator\AppData\Local\Programs\Python\Python35\lib\site-packages\selenium\webdriver\remote\webdriver.py", line 752, in find_element
    'value': value})['value']
  File "C:\Users\Administrator\AppData\Local\Programs\Python\Python35\lib\site-packages\selenium\webdriver\remote\webdriver.py", line 236, in execute
    self.error_handler.check_response(response)
  File "C:\Users\Administrator\AppData\Local\Programs\Python\Python35\lib\site-packages\selenium\webdriver\remote\errorhandler.py", line 192, in check_response
    raise exception_class(message, screen, stacktrace)
selenium.common.exceptions.NoSuchElementException: Message: no such element: Unable to locate element: {"method":"css selector","selector":"body &gt; div.section-myorder.width1200 &gt; div &gt; div &gt; ul &gt; li.row-step &gt; a.btn-next.submitOrder"}
  (Session info: chrome=68.0.3440.106)
  (Driver info: chromedriver=2.40.565498 (ea082db3280dd6843ebfb08a625e3eb905c4f5ab),platform=Windows NT 10.0.17134 x86_64)



    </pre>
    </div>
    </td>
</tr>

<tr id='ft9_6' class='none'>
    <td class='errorCase'><div class='testcase'>test_yd: 印度商标注册测试</div></td>
    <td colspan='5' align='center'>
    <!--默认收起错误信息 -Findyou
    <button id='btn_ft9_6' type="button"  class="btn btn-danger btn-xs collapsed" data-toggle="collapse" data-target='#div_ft9_6'>错误</button>
    <div id='div_ft9_6' class="collapse">  -->

    <!-- 默认展开错误信息 -Findyou -->
    <button id='btn_ft9_6' type="button"  class="btn btn-danger btn-xs" data-toggle="collapse" data-target='#div_ft9_6'>错误</button>
    <div id='div_ft9_6' class="collapse in">
    <pre>
    
ft9_6: 2018-09-06 22:30:24,873 - root - INFO - ############################### START ###############################
印度商标注册-权大师
费用总计:4699.00
总价:4699.00
价格一致
2018-09-06 22:31:26,647 - root - INFO - ###############################  End  ###############################
Traceback (most recent call last):
  File "D:\QDS_old_company\case\hwsctest.py", line 295, in test_yd
    "body &gt; div.section-myorder.width1200 &gt; div &gt; div &gt; ul &gt; li.row-step &gt; a.btn-next.submitOrder").click()
  File "C:\Users\Administrator\AppData\Local\Programs\Python\Python35\lib\site-packages\selenium\webdriver\remote\webdriver.py", line 437, in find_element_by_css_selector
    return self.find_element(by=By.CSS_SELECTOR, value=css_selector)
  File "C:\Users\Administrator\AppData\Local\Programs\Python\Python35\lib\site-packages\selenium\webdriver\remote\webdriver.py", line 752, in find_element
    'value': value})['value']
  File "C:\Users\Administrator\AppData\Local\Programs\Python\Python35\lib\site-packages\selenium\webdriver\remote\webdriver.py", line 236, in execute
    self.error_handler.check_response(response)
  File "C:\Users\Administrator\AppData\Local\Programs\Python\Python35\lib\site-packages\selenium\webdriver\remote\errorhandler.py", line 192, in check_response
    raise exception_class(message, screen, stacktrace)
selenium.common.exceptions.NoSuchElementException: Message: no such element: Unable to locate element: {"method":"css selector","selector":"body &gt; div.section-myorder.width1200 &gt; div &gt; div &gt; ul &gt; li.row-step &gt; a.btn-next.submitOrder"}
  (Session info: chrome=68.0.3440.106)
  (Driver info: chromedriver=2.40.565498 (ea082db3280dd6843ebfb08a625e3eb905c4f5ab),platform=Windows NT 10.0.17134 x86_64)



    </pre>
    </div>
    </td>
</tr>

<tr class='passClass warning'>
    <td>mfsbtest.MfSbTest: 商标搜索查询测试集</td>
    <td class="text-center">1</td>
    <td class="text-center">1</td>
    <td class="text-center">0</td>
    <td class="text-center">0</td>
    <td class="text-center"><a href="javascript:showClassDetail('c10',1)" class="detail" id='c10'>详细</a></td>
</tr>

<tr id='pt10_1' class='hiddenRow'>
    <td class='passCase'><div class='testcase'>test_sbss: 商标搜索</div></td>
    <td colspan='5' align='center'>
    <!--默认收起错误信息 -Findyou
    <button id='btn_pt10_1' type="button"  class="btn btn-danger btn-xs collapsed" data-toggle="collapse" data-target='#div_pt10_1'>通过</button>
    <div id='div_pt10_1' class="collapse">  -->

    <!-- 默认展开错误信息 -Findyou -->
    <button id='btn_pt10_1' type="button"  class="btn btn-danger btn-xs" data-toggle="collapse" data-target='#div_pt10_1'>通过</button>
    <div id='div_pt10_1' class="collapse in">
    <pre>
    
pt10_1: 2018-09-06 22:31:26,654 - root - INFO - ############################### START ###############################
注册商标查询_中国商标查询_权大师官网
搜索商标名称：mJedidiah
mJedidiah_全球更好用的商标搜索_权大师
商标搜索测试通过
2018-09-06 22:32:04,949 - root - INFO - ###############################  End  ###############################


    </pre>
    </div>
    </td>
</tr>

<tr class='errorClass warning'>
    <td>qtzltest.QtZlTest: 专利补充测试集</td>
    <td class="text-center">11</td>
    <td class="text-center">0</td>
    <td class="text-center">0</td>
    <td class="text-center">11</td>
    <td class="text-center"><a href="javascript:showClassDetail('c11',11)" class="detail" id='c11'>详细</a></td>
</tr>

<tr id='ft11_1' class='none'>
    <td class='errorCase'><div class='testcase'>test_nfjn_2: 实用新型专利年费缴纳</div></td>
    <td colspan='5' align='center'>
    <!--默认收起错误信息 -Findyou
    <button id='btn_ft11_1' type="button"  class="btn btn-danger btn-xs collapsed" data-toggle="collapse" data-target='#div_ft11_1'>错误</button>
    <div id='div_ft11_1' class="collapse">  -->

    <!-- 默认展开错误信息 -Findyou -->
    <button id='btn_ft11_1' type="button"  class="btn btn-danger btn-xs" data-toggle="collapse" data-target='#div_ft11_1'>错误</button>
    <div id='div_ft11_1' class="collapse in">
    <pre>
    
ft11_1: 2018-09-06 22:32:04,961 - root - INFO - ############################### START ###############################
发明专利年费缴纳-权大师
费用总计:800.00
总价:800.00
价格一致
2018-09-06 22:33:15,868 - root - INFO - ###############################  End  ###############################
Traceback (most recent call last):
  File "D:\QDS_old_company\case\qtzltest.py", line 413, in test_nfjn_2
    "body &gt; div.section-myorder.width1200 &gt; div &gt; div &gt; ul &gt; li.row-step &gt; a.btn-next.submitOrder").click()
  File "C:\Users\Administrator\AppData\Local\Programs\Python\Python35\lib\site-packages\selenium\webdriver\remote\webdriver.py", line 437, in find_element_by_css_selector
    return self.find_element(by=By.CSS_SELECTOR, value=css_selector)
  File "C:\Users\Administrator\AppData\Local\Programs\Python\Python35\lib\site-packages\selenium\webdriver\remote\webdriver.py", line 752, in find_element
    'value': value})['value']
  File "C:\Users\Administrator\AppData\Local\Programs\Python\Python35\lib\site-packages\selenium\webdriver\remote\webdriver.py", line 236, in execute
    self.error_handler.check_response(response)
  File "C:\Users\Administrator\AppData\Local\Programs\Python\Python35\lib\site-packages\selenium\webdriver\remote\errorhandler.py", line 192, in check_response
    raise exception_class(message, screen, stacktrace)
selenium.common.exceptions.NoSuchElementException: Message: no such element: Unable to locate element: {"method":"css selector","selector":"body &gt; div.section-myorder.width1200 &gt; div &gt; div &gt; ul &gt; li.row-step &gt; a.btn-next.submitOrder"}
  (Session info: chrome=68.0.3440.106)
  (Driver info: chromedriver=2.40.565498 (ea082db3280dd6843ebfb08a625e3eb905c4f5ab),platform=Windows NT 10.0.17134 x86_64)



    </pre>
    </div>
    </td>
</tr>

<tr id='ft11_2' class='none'>
    <td class='errorCase'><div class='testcase'>test_nfjn_3: 产品外观设计专利年费缴纳</div></td>
    <td colspan='5' align='center'>
    <!--默认收起错误信息 -Findyou
    <button id='btn_ft11_2' type="button"  class="btn btn-danger btn-xs collapsed" data-toggle="collapse" data-target='#div_ft11_2'>错误</button>
    <div id='div_ft11_2' class="collapse">  -->

    <!-- 默认展开错误信息 -Findyou -->
    <button id='btn_ft11_2' type="button"  class="btn btn-danger btn-xs" data-toggle="collapse" data-target='#div_ft11_2'>错误</button>
    <div id='div_ft11_2' class="collapse in">
    <pre>
    
ft11_2: 2018-09-06 22:33:15,905 - root - INFO - ############################### START ###############################
发明专利年费缴纳-权大师
费用总计:800.00
总价:800.00
价格一致
2018-09-06 22:34:21,968 - root - INFO - ###############################  End  ###############################
Traceback (most recent call last):
  File "D:\QDS_old_company\case\qtzltest.py", line 477, in test_nfjn_3
    "body &gt; div.section-myorder.width1200 &gt; div &gt; div &gt; ul &gt; li.row-step &gt; a.btn-next.submitOrder").click()
  File "C:\Users\Administrator\AppData\Local\Programs\Python\Python35\lib\site-packages\selenium\webdriver\remote\webdriver.py", line 437, in find_element_by_css_selector
    return self.find_element(by=By.CSS_SELECTOR, value=css_selector)
  File "C:\Users\Administrator\AppData\Local\Programs\Python\Python35\lib\site-packages\selenium\webdriver\remote\webdriver.py", line 752, in find_element
    'value': value})['value']
  File "C:\Users\Administrator\AppData\Local\Programs\Python\Python35\lib\site-packages\selenium\webdriver\remote\webdriver.py", line 236, in execute
    self.error_handler.check_response(response)
  File "C:\Users\Administrator\AppData\Local\Programs\Python\Python35\lib\site-packages\selenium\webdriver\remote\errorhandler.py", line 192, in check_response
    raise exception_class(message, screen, stacktrace)
selenium.common.exceptions.NoSuchElementException: Message: no such element: Unable to locate element: {"method":"css selector","selector":"body &gt; div.section-myorder.width1200 &gt; div &gt; div &gt; ul &gt; li.row-step &gt; a.btn-next.submitOrder"}
  (Session info: chrome=68.0.3440.106)
  (Driver info: chromedriver=2.40.565498 (ea082db3280dd6843ebfb08a625e3eb905c4f5ab),platform=Windows NT 10.0.17134 x86_64)



    </pre>
    </div>
    </td>
</tr>

<tr id='ft11_3' class='none'>
    <td class='errorCase'><div class='testcase'>test_zlbg_2: 邮编地址变更测试</div></td>
    <td colspan='5' align='center'>
    <!--默认收起错误信息 -Findyou
    <button id='btn_ft11_3' type="button"  class="btn btn-danger btn-xs collapsed" data-toggle="collapse" data-target='#div_ft11_3'>错误</button>
    <div id='div_ft11_3' class="collapse">  -->

    <!-- 默认展开错误信息 -Findyou -->
    <button id='btn_ft11_3' type="button"  class="btn btn-danger btn-xs" data-toggle="collapse" data-target='#div_ft11_3'>错误</button>
    <div id='div_ft11_3' class="collapse in">
    <pre>
    
ft11_3: 2018-09-06 22:34:21,983 - root - INFO - ############################### START ###############################
专利著录项变更-权大师
费用总计:500.00
总价:500.00
价格一致
2018-09-06 22:35:29,880 - root - INFO - ###############################  End  ###############################
Traceback (most recent call last):
  File "D:\QDS_old_company\case\qtzltest.py", line 539, in test_zlbg_2
    "body &gt; div.section-myorder.width1200 &gt; div &gt; div &gt; ul &gt; li.row-step &gt; a.btn-next.submitOrder").click()
  File "C:\Users\Administrator\AppData\Local\Programs\Python\Python35\lib\site-packages\selenium\webdriver\remote\webdriver.py", line 437, in find_element_by_css_selector
    return self.find_element(by=By.CSS_SELECTOR, value=css_selector)
  File "C:\Users\Administrator\AppData\Local\Programs\Python\Python35\lib\site-packages\selenium\webdriver\remote\webdriver.py", line 752, in find_element
    'value': value})['value']
  File "C:\Users\Administrator\AppData\Local\Programs\Python\Python35\lib\site-packages\selenium\webdriver\remote\webdriver.py", line 236, in execute
    self.error_handler.check_response(response)
  File "C:\Users\Administrator\AppData\Local\Programs\Python\Python35\lib\site-packages\selenium\webdriver\remote\errorhandler.py", line 192, in check_response
    raise exception_class(message, screen, stacktrace)
selenium.common.exceptions.NoSuchElementException: Message: no such element: Unable to locate element: {"method":"css selector","selector":"body &gt; div.section-myorder.width1200 &gt; div &gt; div &gt; ul &gt; li.row-step &gt; a.btn-next.submitOrder"}
  (Session info: chrome=68.0.3440.106)
  (Driver info: chromedriver=2.40.565498 (ea082db3280dd6843ebfb08a625e3eb905c4f5ab),platform=Windows NT 10.0.17134 x86_64)



    </pre>
    </div>
    </td>
</tr>

<tr id='ft11_4' class='none'>
    <td class='errorCase'><div class='testcase'>test_zlbg_3: 申请人变更测试</div></td>
    <td colspan='5' align='center'>
    <!--默认收起错误信息 -Findyou
    <button id='btn_ft11_4' type="button"  class="btn btn-danger btn-xs collapsed" data-toggle="collapse" data-target='#div_ft11_4'>错误</button>
    <div id='div_ft11_4' class="collapse">  -->

    <!-- 默认展开错误信息 -Findyou -->
    <button id='btn_ft11_4' type="button"  class="btn btn-danger btn-xs" data-toggle="collapse" data-target='#div_ft11_4'>错误</button>
    <div id='div_ft11_4' class="collapse in">
    <pre>
    
ft11_4: 2018-09-06 22:35:29,888 - root - INFO - ############################### START ###############################
专利著录项变更-权大师
费用总计:700.00
总价:700.00
价格一致
2018-09-06 22:36:36,298 - root - INFO - ###############################  End  ###############################
Traceback (most recent call last):
  File "D:\QDS_old_company\case\qtzltest.py", line 599, in test_zlbg_3
    "body &gt; div.section-myorder.width1200 &gt; div &gt; div &gt; ul &gt; li.row-step &gt; a.btn-next.submitOrder").click()
  File "C:\Users\Administrator\AppData\Local\Programs\Python\Python35\lib\site-packages\selenium\webdriver\remote\webdriver.py", line 437, in find_element_by_css_selector
    return self.find_element(by=By.CSS_SELECTOR, value=css_selector)
  File "C:\Users\Administrator\AppData\Local\Programs\Python\Python35\lib\site-packages\selenium\webdriver\remote\webdriver.py", line 752, in find_element
    'value': value})['value']
  File "C:\Users\Administrator\AppData\Local\Programs\Python\Python35\lib\site-packages\selenium\webdriver\remote\webdriver.py", line 236, in execute
    self.error_handler.check_response(response)
  File "C:\Users\Administrator\AppData\Local\Programs\Python\Python35\lib\site-packages\selenium\webdriver\remote\errorhandler.py", line 192, in check_response
    raise exception_class(message, screen, stacktrace)
selenium.common.exceptions.NoSuchElementException: Message: no such element: Unable to locate element: {"method":"css selector","selector":"body &gt; div.section-myorder.width1200 &gt; div &gt; div &gt; ul &gt; li.row-step &gt; a.btn-next.submitOrder"}
  (Session info: chrome=68.0.3440.106)
  (Driver info: chromedriver=2.40.565498 (ea082db3280dd6843ebfb08a625e3eb905c4f5ab),platform=Windows NT 10.0.17134 x86_64)



    </pre>
    </div>
    </td>
</tr>

<tr id='ft11_5' class='none'>
    <td class='errorCase'><div class='testcase'>test_zlbg_4: 代理机构变更测试</div></td>
    <td colspan='5' align='center'>
    <!--默认收起错误信息 -Findyou
    <button id='btn_ft11_5' type="button"  class="btn btn-danger btn-xs collapsed" data-toggle="collapse" data-target='#div_ft11_5'>错误</button>
    <div id='div_ft11_5' class="collapse">  -->

    <!-- 默认展开错误信息 -Findyou -->
    <button id='btn_ft11_5' type="button"  class="btn btn-danger btn-xs" data-toggle="collapse" data-target='#div_ft11_5'>错误</button>
    <div id='div_ft11_5' class="collapse in">
    <pre>
    
ft11_5: 2018-09-06 22:36:36,308 - root - INFO - ############################### START ###############################
专利著录项变更-权大师
费用总计:500.00
总价:500.00
价格一致
2018-09-06 22:37:46,236 - root - INFO - ###############################  End  ###############################
Traceback (most recent call last):
  File "D:\QDS_old_company\case\qtzltest.py", line 659, in test_zlbg_4
    "body &gt; div.section-myorder.width1200 &gt; div &gt; div &gt; ul &gt; li.row-step &gt; a.btn-next.submitOrder").click()
  File "C:\Users\Administrator\AppData\Local\Programs\Python\Python35\lib\site-packages\selenium\webdriver\remote\webdriver.py", line 437, in find_element_by_css_selector
    return self.find_element(by=By.CSS_SELECTOR, value=css_selector)
  File "C:\Users\Administrator\AppData\Local\Programs\Python\Python35\lib\site-packages\selenium\webdriver\remote\webdriver.py", line 752, in find_element
    'value': value})['value']
  File "C:\Users\Administrator\AppData\Local\Programs\Python\Python35\lib\site-packages\selenium\webdriver\remote\webdriver.py", line 236, in execute
    self.error_handler.check_response(response)
  File "C:\Users\Administrator\AppData\Local\Programs\Python\Python35\lib\site-packages\selenium\webdriver\remote\errorhandler.py", line 192, in check_response
    raise exception_class(message, screen, stacktrace)
selenium.common.exceptions.NoSuchElementException: Message: no such element: Unable to locate element: {"method":"css selector","selector":"body &gt; div.section-myorder.width1200 &gt; div &gt; div &gt; ul &gt; li.row-step &gt; a.btn-next.submitOrder"}
  (Session info: chrome=68.0.3440.106)
  (Driver info: chromedriver=2.40.565498 (ea082db3280dd6843ebfb08a625e3eb905c4f5ab),platform=Windows NT 10.0.17134 x86_64)



    </pre>
    </div>
    </td>
</tr>

<tr id='ft11_6' class='none'>
    <td class='errorCase'><div class='testcase'>test_zlbh_2: 实用新型专利驳回复审</div></td>
    <td colspan='5' align='center'>
    <!--默认收起错误信息 -Findyou
    <button id='btn_ft11_6' type="button"  class="btn btn-danger btn-xs collapsed" data-toggle="collapse" data-target='#div_ft11_6'>错误</button>
    <div id='div_ft11_6' class="collapse">  -->

    <!-- 默认展开错误信息 -Findyou -->
    <button id='btn_ft11_6' type="button"  class="btn btn-danger btn-xs" data-toggle="collapse" data-target='#div_ft11_6'>错误</button>
    <div id='div_ft11_6' class="collapse in">
    <pre>
    
ft11_6: 2018-09-06 22:37:46,250 - root - INFO - ############################### START ###############################
发明专利驳回复审_权大师
费用总计:5299.00
总价:5299.00
价格一致
2018-09-06 22:38:54,151 - root - INFO - ###############################  End  ###############################
Traceback (most recent call last):
  File "D:\QDS_old_company\case\qtzltest.py", line 64, in test_zlbh_2
    "body &gt; div.section-myorder.width1200 &gt; div &gt; div &gt; ul &gt; li.row-step &gt; a.btn-next.submitOrder").click()
  File "C:\Users\Administrator\AppData\Local\Programs\Python\Python35\lib\site-packages\selenium\webdriver\remote\webdriver.py", line 437, in find_element_by_css_selector
    return self.find_element(by=By.CSS_SELECTOR, value=css_selector)
  File "C:\Users\Administrator\AppData\Local\Programs\Python\Python35\lib\site-packages\selenium\webdriver\remote\webdriver.py", line 752, in find_element
    'value': value})['value']
  File "C:\Users\Administrator\AppData\Local\Programs\Python\Python35\lib\site-packages\selenium\webdriver\remote\webdriver.py", line 236, in execute
    self.error_handler.check_response(response)
  File "C:\Users\Administrator\AppData\Local\Programs\Python\Python35\lib\site-packages\selenium\webdriver\remote\errorhandler.py", line 192, in check_response
    raise exception_class(message, screen, stacktrace)
selenium.common.exceptions.NoSuchElementException: Message: no such element: Unable to locate element: {"method":"css selector","selector":"body &gt; div.section-myorder.width1200 &gt; div &gt; div &gt; ul &gt; li.row-step &gt; a.btn-next.submitOrder"}
  (Session info: chrome=68.0.3440.106)
  (Driver info: chromedriver=2.40.565498 (ea082db3280dd6843ebfb08a625e3eb905c4f5ab),platform=Windows NT 10.0.17134 x86_64)



    </pre>
    </div>
    </td>
</tr>

<tr id='ft11_7' class='none'>
    <td class='errorCase'><div class='testcase'>test_zlbh_3: 产品外观设计专利驳回复审</div></td>
    <td colspan='5' align='center'>
    <!--默认收起错误信息 -Findyou
    <button id='btn_ft11_7' type="button"  class="btn btn-danger btn-xs collapsed" data-toggle="collapse" data-target='#div_ft11_7'>错误</button>
    <div id='div_ft11_7' class="collapse">  -->

    <!-- 默认展开错误信息 -Findyou -->
    <button id='btn_ft11_7' type="button"  class="btn btn-danger btn-xs" data-toggle="collapse" data-target='#div_ft11_7'>错误</button>
    <div id='div_ft11_7' class="collapse in">
    <pre>
    
ft11_7: 2018-09-06 22:38:54,159 - root - INFO - ############################### START ###############################
发明专利驳回复审_权大师
费用总计:5299.00
总价:5299.00
价格一致
2018-09-06 22:40:01,789 - root - INFO - ###############################  End  ###############################
Traceback (most recent call last):
  File "D:\QDS_old_company\case\qtzltest.py", line 122, in test_zlbh_3
    "body &gt; div.section-myorder.width1200 &gt; div &gt; div &gt; ul &gt; li.row-step &gt; a.btn-next.submitOrder").click()
  File "C:\Users\Administrator\AppData\Local\Programs\Python\Python35\lib\site-packages\selenium\webdriver\remote\webdriver.py", line 437, in find_element_by_css_selector
    return self.find_element(by=By.CSS_SELECTOR, value=css_selector)
  File "C:\Users\Administrator\AppData\Local\Programs\Python\Python35\lib\site-packages\selenium\webdriver\remote\webdriver.py", line 752, in find_element
    'value': value})['value']
  File "C:\Users\Administrator\AppData\Local\Programs\Python\Python35\lib\site-packages\selenium\webdriver\remote\webdriver.py", line 236, in execute
    self.error_handler.check_response(response)
  File "C:\Users\Administrator\AppData\Local\Programs\Python\Python35\lib\site-packages\selenium\webdriver\remote\errorhandler.py", line 192, in check_response
    raise exception_class(message, screen, stacktrace)
selenium.common.exceptions.NoSuchElementException: Message: no such element: Unable to locate element: {"method":"css selector","selector":"body &gt; div.section-myorder.width1200 &gt; div &gt; div &gt; ul &gt; li.row-step &gt; a.btn-next.submitOrder"}
  (Session info: chrome=68.0.3440.106)
  (Driver info: chromedriver=2.40.565498 (ea082db3280dd6843ebfb08a625e3eb905c4f5ab),platform=Windows NT 10.0.17134 x86_64)



    </pre>
    </div>
    </td>
</tr>

<tr id='ft11_8' class='none'>
    <td class='errorCase'><div class='testcase'>test_zldb_2: 发明专利无效答辩测试</div></td>
    <td colspan='5' align='center'>
    <!--默认收起错误信息 -Findyou
    <button id='btn_ft11_8' type="button"  class="btn btn-danger btn-xs collapsed" data-toggle="collapse" data-target='#div_ft11_8'>错误</button>
    <div id='div_ft11_8' class="collapse">  -->

    <!-- 默认展开错误信息 -Findyou -->
    <button id='btn_ft11_8' type="button"  class="btn btn-danger btn-xs" data-toggle="collapse" data-target='#div_ft11_8'>错误</button>
    <div id='div_ft11_8' class="collapse in">
    <pre>
    
ft11_8: 2018-09-06 22:40:01,805 - root - INFO - ############################### START ###############################
发明专利无效答辩_权大师
费用总计:19999.00
总价:19999.00
价格一致
2018-09-06 22:41:18,152 - root - INFO - ###############################  End  ###############################
Traceback (most recent call last):
  File "D:\QDS_old_company\case\qtzltest.py", line 297, in test_zldb_2
    "body &gt; div.section-myorder.width1200 &gt; div &gt; div &gt; ul &gt; li.row-step &gt; a.btn-next.submitOrder").click()
  File "C:\Users\Administrator\AppData\Local\Programs\Python\Python35\lib\site-packages\selenium\webdriver\remote\webdriver.py", line 437, in find_element_by_css_selector
    return self.find_element(by=By.CSS_SELECTOR, value=css_selector)
  File "C:\Users\Administrator\AppData\Local\Programs\Python\Python35\lib\site-packages\selenium\webdriver\remote\webdriver.py", line 752, in find_element
    'value': value})['value']
  File "C:\Users\Administrator\AppData\Local\Programs\Python\Python35\lib\site-packages\selenium\webdriver\remote\webdriver.py", line 236, in execute
    self.error_handler.check_response(response)
  File "C:\Users\Administrator\AppData\Local\Programs\Python\Python35\lib\site-packages\selenium\webdriver\remote\errorhandler.py", line 192, in check_response
    raise exception_class(message, screen, stacktrace)
selenium.common.exceptions.NoSuchElementException: Message: no such element: Unable to locate element: {"method":"css selector","selector":"body &gt; div.section-myorder.width1200 &gt; div &gt; div &gt; ul &gt; li.row-step &gt; a.btn-next.submitOrder"}
  (Session info: chrome=68.0.3440.106)
  (Driver info: chromedriver=2.40.565498 (ea082db3280dd6843ebfb08a625e3eb905c4f5ab),platform=Windows NT 10.0.17134 x86_64)



    </pre>
    </div>
    </td>
</tr>

<tr id='ft11_9' class='none'>
    <td class='errorCase'><div class='testcase'>test_zldb_3: 发明专利无效答辩测试</div></td>
    <td colspan='5' align='center'>
    <!--默认收起错误信息 -Findyou
    <button id='btn_ft11_9' type="button"  class="btn btn-danger btn-xs collapsed" data-toggle="collapse" data-target='#div_ft11_9'>错误</button>
    <div id='div_ft11_9' class="collapse">  -->

    <!-- 默认展开错误信息 -Findyou -->
    <button id='btn_ft11_9' type="button"  class="btn btn-danger btn-xs" data-toggle="collapse" data-target='#div_ft11_9'>错误</button>
    <div id='div_ft11_9' class="collapse in">
    <pre>
    
ft11_9: 2018-09-06 22:41:18,166 - root - INFO - ############################### START ###############################
发明专利无效答辩_权大师
费用总计:16999.00
总价:16999.00
价格一致
2018-09-06 22:42:28,352 - root - INFO - ###############################  End  ###############################
Traceback (most recent call last):
  File "D:\QDS_old_company\case\qtzltest.py", line 354, in test_zldb_3
    "body &gt; div.section-myorder.width1200 &gt; div &gt; div &gt; ul &gt; li.row-step &gt; a.btn-next.submitOrder").click()
  File "C:\Users\Administrator\AppData\Local\Programs\Python\Python35\lib\site-packages\selenium\webdriver\remote\webdriver.py", line 437, in find_element_by_css_selector
    return self.find_element(by=By.CSS_SELECTOR, value=css_selector)
  File "C:\Users\Administrator\AppData\Local\Programs\Python\Python35\lib\site-packages\selenium\webdriver\remote\webdriver.py", line 752, in find_element
    'value': value})['value']
  File "C:\Users\Administrator\AppData\Local\Programs\Python\Python35\lib\site-packages\selenium\webdriver\remote\webdriver.py", line 236, in execute
    self.error_handler.check_response(response)
  File "C:\Users\Administrator\AppData\Local\Programs\Python\Python35\lib\site-packages\selenium\webdriver\remote\errorhandler.py", line 192, in check_response
    raise exception_class(message, screen, stacktrace)
selenium.common.exceptions.NoSuchElementException: Message: no such element: Unable to locate element: {"method":"css selector","selector":"body &gt; div.section-myorder.width1200 &gt; div &gt; div &gt; ul &gt; li.row-step &gt; a.btn-next.submitOrder"}
  (Session info: chrome=68.0.3440.106)
  (Driver info: chromedriver=2.40.565498 (ea082db3280dd6843ebfb08a625e3eb905c4f5ab),platform=Windows NT 10.0.17134 x86_64)



    </pre>
    </div>
    </td>
</tr>

<tr id='ft11_10' class='none'>
    <td class='errorCase'><div class='testcase'>test_zlxg_2: 实用新型专利无效宣告</div></td>
    <td colspan='5' align='center'>
    <!--默认收起错误信息 -Findyou
    <button id='btn_ft11_10' type="button"  class="btn btn-danger btn-xs collapsed" data-toggle="collapse" data-target='#div_ft11_10'>错误</button>
    <div id='div_ft11_10' class="collapse">  -->

    <!-- 默认展开错误信息 -Findyou -->
    <button id='btn_ft11_10' type="button"  class="btn btn-danger btn-xs" data-toggle="collapse" data-target='#div_ft11_10'>错误</button>
    <div id='div_ft11_10' class="collapse in">
    <pre>
    
ft11_10: 2018-09-06 22:42:28,402 - root - INFO - ############################### START ###############################
发明专利无效宣告_权大师
费用总计:21499.00
总价:21499.00
价格一致
2018-09-06 22:43:34,331 - root - INFO - ###############################  End  ###############################
Traceback (most recent call last):
  File "D:\QDS_old_company\case\qtzltest.py", line 181, in test_zlxg_2
    "body &gt; div.section-myorder.width1200 &gt; div &gt; div &gt; ul &gt; li.row-step &gt; a.btn-next.submitOrder").click()
  File "C:\Users\Administrator\AppData\Local\Programs\Python\Python35\lib\site-packages\selenium\webdriver\remote\webdriver.py", line 437, in find_element_by_css_selector
    return self.find_element(by=By.CSS_SELECTOR, value=css_selector)
  File "C:\Users\Administrator\AppData\Local\Programs\Python\Python35\lib\site-packages\selenium\webdriver\remote\webdriver.py", line 752, in find_element
    'value': value})['value']
  File "C:\Users\Administrator\AppData\Local\Programs\Python\Python35\lib\site-packages\selenium\webdriver\remote\webdriver.py", line 236, in execute
    self.error_handler.check_response(response)
  File "C:\Users\Administrator\AppData\Local\Programs\Python\Python35\lib\site-packages\selenium\webdriver\remote\errorhandler.py", line 192, in check_response
    raise exception_class(message, screen, stacktrace)
selenium.common.exceptions.NoSuchElementException: Message: no such element: Unable to locate element: {"method":"css selector","selector":"body &gt; div.section-myorder.width1200 &gt; div &gt; div &gt; ul &gt; li.row-step &gt; a.btn-next.submitOrder"}
  (Session info: chrome=68.0.3440.106)
  (Driver info: chromedriver=2.40.565498 (ea082db3280dd6843ebfb08a625e3eb905c4f5ab),platform=Windows NT 10.0.17134 x86_64)



    </pre>
    </div>
    </td>
</tr>

<tr id='ft11_11' class='none'>
    <td class='errorCase'><div class='testcase'>test_zlxg_3: 产品外观设计专利无效宣告</div></td>
    <td colspan='5' align='center'>
    <!--默认收起错误信息 -Findyou
    <button id='btn_ft11_11' type="button"  class="btn btn-danger btn-xs collapsed" data-toggle="collapse" data-target='#div_ft11_11'>错误</button>
    <div id='div_ft11_11' class="collapse">  -->

    <!-- 默认展开错误信息 -Findyou -->
    <button id='btn_ft11_11' type="button"  class="btn btn-danger btn-xs" data-toggle="collapse" data-target='#div_ft11_11'>错误</button>
    <div id='div_ft11_11' class="collapse in">
    <pre>
    
ft11_11: 2018-09-06 22:43:34,339 - root - INFO - ############################### START ###############################
发明专利无效宣告_权大师
费用总计:21499.00
总价:21499.00
价格一致
2018-09-06 22:44:43,247 - root - INFO - ###############################  End  ###############################
Traceback (most recent call last):
  File "D:\QDS_old_company\case\qtzltest.py", line 240, in test_zlxg_3
    "body &gt; div.section-myorder.width1200 &gt; div &gt; div &gt; ul &gt; li.row-step &gt; a.btn-next.submitOrder").click()
  File "C:\Users\Administrator\AppData\Local\Programs\Python\Python35\lib\site-packages\selenium\webdriver\remote\webdriver.py", line 437, in find_element_by_css_selector
    return self.find_element(by=By.CSS_SELECTOR, value=css_selector)
  File "C:\Users\Administrator\AppData\Local\Programs\Python\Python35\lib\site-packages\selenium\webdriver\remote\webdriver.py", line 752, in find_element
    'value': value})['value']
  File "C:\Users\Administrator\AppData\Local\Programs\Python\Python35\lib\site-packages\selenium\webdriver\remote\webdriver.py", line 236, in execute
    self.error_handler.check_response(response)
  File "C:\Users\Administrator\AppData\Local\Programs\Python\Python35\lib\site-packages\selenium\webdriver\remote\errorhandler.py", line 192, in check_response
    raise exception_class(message, screen, stacktrace)
selenium.common.exceptions.NoSuchElementException: Message: no such element: Unable to locate element: {"method":"css selector","selector":"body &gt; div.section-myorder.width1200 &gt; div &gt; div &gt; ul &gt; li.row-step &gt; a.btn-next.submitOrder"}
  (Session info: chrome=68.0.3440.106)
  (Driver info: chromedriver=2.40.565498 (ea082db3280dd6843ebfb08a625e3eb905c4f5ab),platform=Windows NT 10.0.17134 x86_64)



    </pre>
    </div>
    </td>
</tr>

<tr class='errorClass warning'>
    <td>rjzztest.RjZzTest: 软件著作权测试集</td>
    <td class="text-center">2</td>
    <td class="text-center">0</td>
    <td class="text-center">0</td>
    <td class="text-center">2</td>
    <td class="text-center"><a href="javascript:showClassDetail('c12',2)" class="detail" id='c12'>详细</a></td>
</tr>

<tr id='ft12_1' class='none'>
    <td class='errorCase'><div class='testcase'>test_rjzz: 软件著作权登记加急</div></td>
    <td colspan='5' align='center'>
    <!--默认收起错误信息 -Findyou
    <button id='btn_ft12_1' type="button"  class="btn btn-danger btn-xs collapsed" data-toggle="collapse" data-target='#div_ft12_1'>错误</button>
    <div id='div_ft12_1' class="collapse">  -->

    <!-- 默认展开错误信息 -Findyou -->
    <button id='btn_ft12_1' type="button"  class="btn btn-danger btn-xs" data-toggle="collapse" data-target='#div_ft12_1'>错误</button>
    <div id='div_ft12_1' class="collapse in">
    <pre>
    
ft12_1: 2018-09-06 22:44:43,255 - root - INFO - ############################### START ###############################
软件著作权登记-权大师
费用总计:799.00
总价:799.00
价格一致
2018-09-06 22:45:47,986 - root - INFO - ###############################  End  ###############################
Traceback (most recent call last):
  File "D:\QDS_old_company\case\rjzztest.py", line 68, in test_rjzz
    "body &gt; div.section-myorder.width1200 &gt; div &gt; div &gt; ul &gt; li.row-step &gt; a.btn-next.submitOrder").click()
  File "C:\Users\Administrator\AppData\Local\Programs\Python\Python35\lib\site-packages\selenium\webdriver\remote\webdriver.py", line 437, in find_element_by_css_selector
    return self.find_element(by=By.CSS_SELECTOR, value=css_selector)
  File "C:\Users\Administrator\AppData\Local\Programs\Python\Python35\lib\site-packages\selenium\webdriver\remote\webdriver.py", line 752, in find_element
    'value': value})['value']
  File "C:\Users\Administrator\AppData\Local\Programs\Python\Python35\lib\site-packages\selenium\webdriver\remote\webdriver.py", line 236, in execute
    self.error_handler.check_response(response)
  File "C:\Users\Administrator\AppData\Local\Programs\Python\Python35\lib\site-packages\selenium\webdriver\remote\errorhandler.py", line 192, in check_response
    raise exception_class(message, screen, stacktrace)
selenium.common.exceptions.NoSuchElementException: Message: no such element: Unable to locate element: {"method":"css selector","selector":"body &gt; div.section-myorder.width1200 &gt; div &gt; div &gt; ul &gt; li.row-step &gt; a.btn-next.submitOrder"}
  (Session info: chrome=68.0.3440.106)
  (Driver info: chromedriver=2.40.565498 (ea082db3280dd6843ebfb08a625e3eb905c4f5ab),platform=Windows NT 10.0.17134 x86_64)



    </pre>
    </div>
    </td>
</tr>

<tr id='ft12_2' class='none'>
    <td class='errorCase'><div class='testcase'>test_rjzz_j: 软件著作权登记</div></td>
    <td colspan='5' align='center'>
    <!--默认收起错误信息 -Findyou
    <button id='btn_ft12_2' type="button"  class="btn btn-danger btn-xs collapsed" data-toggle="collapse" data-target='#div_ft12_2'>错误</button>
    <div id='div_ft12_2' class="collapse">  -->

    <!-- 默认展开错误信息 -Findyou -->
    <button id='btn_ft12_2' type="button"  class="btn btn-danger btn-xs" data-toggle="collapse" data-target='#div_ft12_2'>错误</button>
    <div id='div_ft12_2' class="collapse in">
    <pre>
    
ft12_2: 2018-09-06 22:45:48,011 - root - INFO - ############################### START ###############################
软件著作权登记加急-权大师
费用总计:7999.00
总价:7999.00
价格一致
2018-09-06 22:46:50,548 - root - INFO - ###############################  End  ###############################
Traceback (most recent call last):
  File "D:\QDS_old_company\case\rjzztest.py", line 130, in test_rjzz_j
    "body &gt; div.section-myorder.width1200 &gt; div &gt; div &gt; ul &gt; li.row-step &gt; a.btn-next.submitOrder").click()
  File "C:\Users\Administrator\AppData\Local\Programs\Python\Python35\lib\site-packages\selenium\webdriver\remote\webdriver.py", line 437, in find_element_by_css_selector
    return self.find_element(by=By.CSS_SELECTOR, value=css_selector)
  File "C:\Users\Administrator\AppData\Local\Programs\Python\Python35\lib\site-packages\selenium\webdriver\remote\webdriver.py", line 752, in find_element
    'value': value})['value']
  File "C:\Users\Administrator\AppData\Local\Programs\Python\Python35\lib\site-packages\selenium\webdriver\remote\webdriver.py", line 236, in execute
    self.error_handler.check_response(response)
  File "C:\Users\Administrator\AppData\Local\Programs\Python\Python35\lib\site-packages\selenium\webdriver\remote\errorhandler.py", line 192, in check_response
    raise exception_class(message, screen, stacktrace)
selenium.common.exceptions.NoSuchElementException: Message: no such element: Unable to locate element: {"method":"css selector","selector":"body &gt; div.section-myorder.width1200 &gt; div &gt; div &gt; ul &gt; li.row-step &gt; a.btn-next.submitOrder"}
  (Session info: chrome=68.0.3440.106)
  (Driver info: chromedriver=2.40.565498 (ea082db3280dd6843ebfb08a625e3eb905c4f5ab),platform=Windows NT 10.0.17134 x86_64)



    </pre>
    </div>
    </td>
</tr>

<tr class='errorClass warning'>
    <td>sbnumtest.SbNumTest: 相似商标个数测试集</td>
    <td class="text-center">2</td>
    <td class="text-center">0</td>
    <td class="text-center">0</td>
    <td class="text-center">2</td>
    <td class="text-center"><a href="javascript:showClassDetail('c13',2)" class="detail" id='c13'>详细</a></td>
</tr>

<tr id='ft13_1' class='none'>
    <td class='errorCase'><div class='testcase'>test_number1: 智能注册_自助商标跳转测试</div></td>
    <td colspan='5' align='center'>
    <!--默认收起错误信息 -Findyou
    <button id='btn_ft13_1' type="button"  class="btn btn-danger btn-xs collapsed" data-toggle="collapse" data-target='#div_ft13_1'>错误</button>
    <div id='div_ft13_1' class="collapse">  -->

    <!-- 默认展开错误信息 -Findyou -->
    <button id='btn_ft13_1' type="button"  class="btn btn-danger btn-xs" data-toggle="collapse" data-target='#div_ft13_1'>错误</button>
    <div id='div_ft13_1' class="collapse in">
    <pre>
    
ft13_1: 2018-09-06 22:46:50,556 - root - INFO - ############################### START ###############################
智能商标注册-权大师
费用总计:300.00
商标名称：fRita
选择了第38类商标分类!
已为您检索到0条近似商标
0
权大师为您找到相关结果87个
2018-09-06 22:47:38,080 - root - INFO - ###############################  End  ###############################
Traceback (most recent call last):
  File "D:\QDS_old_company\case\sbnumtest.py", line 107, in test_number1
    self.assertIn(number2,number1)
  File "C:\Users\Administrator\AppData\Local\Programs\Python\Python35\lib\unittest\case.py", line 1079, in assertIn
    self.fail(self._formatMessage(msg, standardMsg))
TypeError: 'str' object is not callable


    </pre>
    </div>
    </td>
</tr>

<tr id='ft13_2' class='none'>
    <td class='errorCase'><div class='testcase'>test_number2: 智能注册_推荐商标跳转测试</div></td>
    <td colspan='5' align='center'>
    <!--默认收起错误信息 -Findyou
    <button id='btn_ft13_2' type="button"  class="btn btn-danger btn-xs collapsed" data-toggle="collapse" data-target='#div_ft13_2'>错误</button>
    <div id='div_ft13_2' class="collapse">  -->

    <!-- 默认展开错误信息 -Findyou -->
    <button id='btn_ft13_2' type="button"  class="btn btn-danger btn-xs" data-toggle="collapse" data-target='#div_ft13_2'>错误</button>
    <div id='div_ft13_2' class="collapse in">
    <pre>
    
ft13_2: 2018-09-06 22:47:38,093 - root - INFO - ############################### START ###############################
智能商标注册-权大师
费用总计:300.00
商标名称：mMikey
选择所在领域：服务业|餐饮.维修等_修理安装
已为您检索到0条近似商标
0
权大师为您找到相关结果283个
2018-09-06 22:48:21,350 - root - INFO - ###############################  End  ###############################
Traceback (most recent call last):
  File "D:\QDS_old_company\case\sbnumtest.py", line 185, in test_number2
    self.assertIn(number2, number1)
  File "C:\Users\Administrator\AppData\Local\Programs\Python\Python35\lib\unittest\case.py", line 1079, in assertIn
    self.fail(self._formatMessage(msg, standardMsg))
TypeError: 'str' object is not callable


    </pre>
    </div>
    </td>
</tr>

<tr class='errorClass warning'>
    <td>sbxxtest.SbXxTest: 商标信息测试集</td>
    <td class="text-center">5</td>
    <td class="text-center">0</td>
    <td class="text-center">0</td>
    <td class="text-center">5</td>
    <td class="text-center"><a href="javascript:showClassDetail('c14',5)" class="detail" id='c14'>详细</a></td>
</tr>

<tr id='ft14_1' class='none'>
    <td class='errorCase'><div class='testcase'>test_sbbg: 商标变更测试</div></td>
    <td colspan='5' align='center'>
    <!--默认收起错误信息 -Findyou
    <button id='btn_ft14_1' type="button"  class="btn btn-danger btn-xs collapsed" data-toggle="collapse" data-target='#div_ft14_1'>错误</button>
    <div id='div_ft14_1' class="collapse">  -->

    <!-- 默认展开错误信息 -Findyou -->
    <button id='btn_ft14_1' type="button"  class="btn btn-danger btn-xs" data-toggle="collapse" data-target='#div_ft14_1'>错误</button>
    <div id='div_ft14_1' class="collapse in">
    <pre>
    
ft14_1: 2018-09-06 22:48:21,368 - root - INFO - ############################### START ###############################
商标变更-权大师
费用总计:1249.00
总价:1249.00
价格一致
2018-09-06 22:49:23,217 - root - INFO - ###############################  End  ###############################
Traceback (most recent call last):
  File "D:\QDS_old_company\case\sbxxtest.py", line 297, in test_sbbg
    "body &gt; div.section-myorder.width1200 &gt; div &gt; div &gt; ul &gt; li.row-step &gt; a.btn-next.submitOrder").click()
  File "C:\Users\Administrator\AppData\Local\Programs\Python\Python35\lib\site-packages\selenium\webdriver\remote\webdriver.py", line 437, in find_element_by_css_selector
    return self.find_element(by=By.CSS_SELECTOR, value=css_selector)
  File "C:\Users\Administrator\AppData\Local\Programs\Python\Python35\lib\site-packages\selenium\webdriver\remote\webdriver.py", line 752, in find_element
    'value': value})['value']
  File "C:\Users\Administrator\AppData\Local\Programs\Python\Python35\lib\site-packages\selenium\webdriver\remote\webdriver.py", line 236, in execute
    self.error_handler.check_response(response)
  File "C:\Users\Administrator\AppData\Local\Programs\Python\Python35\lib\site-packages\selenium\webdriver\remote\errorhandler.py", line 192, in check_response
    raise exception_class(message, screen, stacktrace)
selenium.common.exceptions.NoSuchElementException: Message: no such element: Unable to locate element: {"method":"css selector","selector":"body &gt; div.section-myorder.width1200 &gt; div &gt; div &gt; ul &gt; li.row-step &gt; a.btn-next.submitOrder"}
  (Session info: chrome=68.0.3440.106)
  (Driver info: chromedriver=2.40.565498 (ea082db3280dd6843ebfb08a625e3eb905c4f5ab),platform=Windows NT 10.0.17134 x86_64)



    </pre>
    </div>
    </td>
</tr>

<tr id='ft14_2' class='none'>
    <td class='errorCase'><div class='testcase'>test_sbkz: 商标宽展测试</div></td>
    <td colspan='5' align='center'>
    <!--默认收起错误信息 -Findyou
    <button id='btn_ft14_2' type="button"  class="btn btn-danger btn-xs collapsed" data-toggle="collapse" data-target='#div_ft14_2'>错误</button>
    <div id='div_ft14_2' class="collapse">  -->

    <!-- 默认展开错误信息 -Findyou -->
    <button id='btn_ft14_2' type="button"  class="btn btn-danger btn-xs" data-toggle="collapse" data-target='#div_ft14_2'>错误</button>
    <div id='div_ft14_2' class="collapse in">
    <pre>
    
ft14_2: 2018-09-06 22:49:23,281 - root - INFO - ############################### START ###############################
商标宽展-权大师
费用总计:2249.00
总价:2249.00
价格一致
2018-09-06 22:50:31,824 - root - INFO - ###############################  End  ###############################
Traceback (most recent call last):
  File "D:\QDS_old_company\case\sbxxtest.py", line 182, in test_sbkz
    "body &gt; div.section-myorder.width1200 &gt; div &gt; div &gt; ul &gt; li.row-step &gt; a.btn-next.submitOrder").click()
  File "C:\Users\Administrator\AppData\Local\Programs\Python\Python35\lib\site-packages\selenium\webdriver\remote\webdriver.py", line 437, in find_element_by_css_selector
    return self.find_element(by=By.CSS_SELECTOR, value=css_selector)
  File "C:\Users\Administrator\AppData\Local\Programs\Python\Python35\lib\site-packages\selenium\webdriver\remote\webdriver.py", line 752, in find_element
    'value': value})['value']
  File "C:\Users\Administrator\AppData\Local\Programs\Python\Python35\lib\site-packages\selenium\webdriver\remote\webdriver.py", line 236, in execute
    self.error_handler.check_response(response)
  File "C:\Users\Administrator\AppData\Local\Programs\Python\Python35\lib\site-packages\selenium\webdriver\remote\errorhandler.py", line 192, in check_response
    raise exception_class(message, screen, stacktrace)
selenium.common.exceptions.NoSuchElementException: Message: no such element: Unable to locate element: {"method":"css selector","selector":"body &gt; div.section-myorder.width1200 &gt; div &gt; div &gt; ul &gt; li.row-step &gt; a.btn-next.submitOrder"}
  (Session info: chrome=68.0.3440.106)
  (Driver info: chromedriver=2.40.565498 (ea082db3280dd6843ebfb08a625e3eb905c4f5ab),platform=Windows NT 10.0.17134 x86_64)



    </pre>
    </div>
    </td>
</tr>

<tr id='ft14_3' class='none'>
    <td class='errorCase'><div class='testcase'>test_sbxk: 商标许可备案测试</div></td>
    <td colspan='5' align='center'>
    <!--默认收起错误信息 -Findyou
    <button id='btn_ft14_3' type="button"  class="btn btn-danger btn-xs collapsed" data-toggle="collapse" data-target='#div_ft14_3'>错误</button>
    <div id='div_ft14_3' class="collapse">  -->

    <!-- 默认展开错误信息 -Findyou -->
    <button id='btn_ft14_3' type="button"  class="btn btn-danger btn-xs" data-toggle="collapse" data-target='#div_ft14_3'>错误</button>
    <div id='div_ft14_3' class="collapse in">
    <pre>
    
ft14_3: 2018-09-06 22:50:31,833 - root - INFO - ############################### START ###############################
商标许可备案-权大师
费用总计:749.00
总价:749.00
价格一致
2018-09-06 22:51:30,516 - root - INFO - ###############################  End  ###############################
Traceback (most recent call last):
  File "D:\QDS_old_company\case\sbxxtest.py", line 240, in test_sbxk
    "body &gt; div.section-myorder.width1200 &gt; div &gt; div &gt; ul &gt; li.row-step &gt; a.btn-next.submitOrder").click()
  File "C:\Users\Administrator\AppData\Local\Programs\Python\Python35\lib\site-packages\selenium\webdriver\remote\webdriver.py", line 437, in find_element_by_css_selector
    return self.find_element(by=By.CSS_SELECTOR, value=css_selector)
  File "C:\Users\Administrator\AppData\Local\Programs\Python\Python35\lib\site-packages\selenium\webdriver\remote\webdriver.py", line 752, in find_element
    'value': value})['value']
  File "C:\Users\Administrator\AppData\Local\Programs\Python\Python35\lib\site-packages\selenium\webdriver\remote\webdriver.py", line 236, in execute
    self.error_handler.check_response(response)
  File "C:\Users\Administrator\AppData\Local\Programs\Python\Python35\lib\site-packages\selenium\webdriver\remote\errorhandler.py", line 192, in check_response
    raise exception_class(message, screen, stacktrace)
selenium.common.exceptions.NoSuchElementException: Message: no such element: Unable to locate element: {"method":"css selector","selector":"body &gt; div.section-myorder.width1200 &gt; div &gt; div &gt; ul &gt; li.row-step &gt; a.btn-next.submitOrder"}
  (Session info: chrome=68.0.3440.106)
  (Driver info: chromedriver=2.40.565498 (ea082db3280dd6843ebfb08a625e3eb905c4f5ab),platform=Windows NT 10.0.17134 x86_64)



    </pre>
    </div>
    </td>
</tr>

<tr id='ft14_4' class='none'>
    <td class='errorCase'><div class='testcase'>test_sbxz: 商标续展让测试</div></td>
    <td colspan='5' align='center'>
    <!--默认收起错误信息 -Findyou
    <button id='btn_ft14_4' type="button"  class="btn btn-danger btn-xs collapsed" data-toggle="collapse" data-target='#div_ft14_4'>错误</button>
    <div id='div_ft14_4' class="collapse">  -->

    <!-- 默认展开错误信息 -Findyou -->
    <button id='btn_ft14_4' type="button"  class="btn btn-danger btn-xs" data-toggle="collapse" data-target='#div_ft14_4'>错误</button>
    <div id='div_ft14_4' class="collapse in">
    <pre>
    
ft14_4: 2018-09-06 22:51:30,569 - root - INFO - ############################### START ###############################
商标续展-权大师
费用总计:1999.00
总价:1999.00
价格一致
2018-09-06 22:52:31,329 - root - INFO - ###############################  End  ###############################
Traceback (most recent call last):
  File "D:\QDS_old_company\case\sbxxtest.py", line 124, in test_sbxz
    "body &gt; div.section-myorder.width1200 &gt; div &gt; div &gt; ul &gt; li.row-step &gt; a.btn-next.submitOrder").click()
  File "C:\Users\Administrator\AppData\Local\Programs\Python\Python35\lib\site-packages\selenium\webdriver\remote\webdriver.py", line 437, in find_element_by_css_selector
    return self.find_element(by=By.CSS_SELECTOR, value=css_selector)
  File "C:\Users\Administrator\AppData\Local\Programs\Python\Python35\lib\site-packages\selenium\webdriver\remote\webdriver.py", line 752, in find_element
    'value': value})['value']
  File "C:\Users\Administrator\AppData\Local\Programs\Python\Python35\lib\site-packages\selenium\webdriver\remote\webdriver.py", line 236, in execute
    self.error_handler.check_response(response)
  File "C:\Users\Administrator\AppData\Local\Programs\Python\Python35\lib\site-packages\selenium\webdriver\remote\errorhandler.py", line 192, in check_response
    raise exception_class(message, screen, stacktrace)
selenium.common.exceptions.NoSuchElementException: Message: no such element: Unable to locate element: {"method":"css selector","selector":"body &gt; div.section-myorder.width1200 &gt; div &gt; div &gt; ul &gt; li.row-step &gt; a.btn-next.submitOrder"}
  (Session info: chrome=68.0.3440.106)
  (Driver info: chromedriver=2.40.565498 (ea082db3280dd6843ebfb08a625e3eb905c4f5ab),platform=Windows NT 10.0.17134 x86_64)



    </pre>
    </div>
    </td>
</tr>

<tr id='ft14_5' class='none'>
    <td class='errorCase'><div class='testcase'>test_sbzr: 商标转让测试</div></td>
    <td colspan='5' align='center'>
    <!--默认收起错误信息 -Findyou
    <button id='btn_ft14_5' type="button"  class="btn btn-danger btn-xs collapsed" data-toggle="collapse" data-target='#div_ft14_5'>错误</button>
    <div id='div_ft14_5' class="collapse">  -->

    <!-- 默认展开错误信息 -Findyou -->
    <button id='btn_ft14_5' type="button"  class="btn btn-danger btn-xs" data-toggle="collapse" data-target='#div_ft14_5'>错误</button>
    <div id='div_ft14_5' class="collapse in">
    <pre>
    
ft14_5: 2018-09-06 22:52:31,336 - root - INFO - ############################### START ###############################
商标转让-权大师
费用总计:1499.00
总价:1499.00
价格一致
2018-09-06 22:53:33,495 - root - INFO - ###############################  End  ###############################
Traceback (most recent call last):
  File "D:\QDS_old_company\case\sbxxtest.py", line 66, in test_sbzr
    "body &gt; div.section-myorder.width1200 &gt; div &gt; div &gt; ul &gt; li.row-step &gt; a.btn-next.submitOrder").click()
  File "C:\Users\Administrator\AppData\Local\Programs\Python\Python35\lib\site-packages\selenium\webdriver\remote\webdriver.py", line 437, in find_element_by_css_selector
    return self.find_element(by=By.CSS_SELECTOR, value=css_selector)
  File "C:\Users\Administrator\AppData\Local\Programs\Python\Python35\lib\site-packages\selenium\webdriver\remote\webdriver.py", line 752, in find_element
    'value': value})['value']
  File "C:\Users\Administrator\AppData\Local\Programs\Python\Python35\lib\site-packages\selenium\webdriver\remote\webdriver.py", line 236, in execute
    self.error_handler.check_response(response)
  File "C:\Users\Administrator\AppData\Local\Programs\Python\Python35\lib\site-packages\selenium\webdriver\remote\errorhandler.py", line 192, in check_response
    raise exception_class(message, screen, stacktrace)
selenium.common.exceptions.NoSuchElementException: Message: no such element: Unable to locate element: {"method":"css selector","selector":"body &gt; div.section-myorder.width1200 &gt; div &gt; div &gt; ul &gt; li.row-step &gt; a.btn-next.submitOrder"}
  (Session info: chrome=68.0.3440.106)
  (Driver info: chromedriver=2.40.565498 (ea082db3280dd6843ebfb08a625e3eb905c4f5ab),platform=Windows NT 10.0.17134 x86_64)



    </pre>
    </div>
    </td>
</tr>

<tr class='passClass warning'>
    <td>websitest.WebSiTest: 相似商标个数测试集</td>
    <td class="text-center">1</td>
    <td class="text-center">1</td>
    <td class="text-center">0</td>
    <td class="text-center">0</td>
    <td class="text-center"><a href="javascript:showClassDetail('c15',1)" class="detail" id='c15'>详细</a></td>
</tr>

<tr id='pt15_1' class='hiddenRow'>
    <td class='passCase'><div class='testcase'>test_number1: 网站地图测试</div></td>
    <td colspan='5' align='center'>
    <!--默认收起错误信息 -Findyou
    <button id='btn_pt15_1' type="button"  class="btn btn-danger btn-xs collapsed" data-toggle="collapse" data-target='#div_pt15_1'>通过</button>
    <div id='div_pt15_1' class="collapse">  -->

    <!-- 默认展开错误信息 -Findyou -->
    <button id='btn_pt15_1' type="button"  class="btn btn-danger btn-xs" data-toggle="collapse" data-target='#div_pt15_1'>通过</button>
    <div id='div_pt15_1' class="collapse in">
    <pre>
    
pt15_1: 2018-09-06 22:53:33,503 - root - INFO - ############################### START ###############################
https://www.quandashi.com/
https://www.quandashi.com/home/index
https://www.quandashi.com/home/agent-index
javascript:void(0);
javascript:void(0);
https://www.quandashi.com/home/index
https://www.quandashi.com/personal-setting/account-security
https://www.quandashi.com/member/logout
https://www.quandashi.com/
https://www.quandashi.com/sb
https://www.quandashi.com/#
javascript:;
https://so.quandashi.com/
https://www.quandashi.com/sb/gnsbcx
javascript:;
https://www.quandashi.com/sb/bmkszc/4
https://www.quandashi.com/sb/dbwyzc/4
https://www.quandashi.com/sb/znzzzc/4
https://www.quandashi.com/sb/hwgsznzc/4
javascript:;
https://www.quandashi.com/sb/sbbhfs
https://www.quandashi.com/sb/sbyydb
https://www.quandashi.com/sb/sbcsdb
javascript:;
https://www.quandashi.com/sb/sbcssq
https://www.quandashi.com/sb/sbyysq
https://www.quandashi.com/sb/sbwxxgsq
javascript:;
https://www.quandashi.com/sb/sbzr
https://www.quandashi.com/sb/sbxz
https://www.quandashi.com/sb/sbkz
https://www.quandashi.com/sb/sbxkba
https://www.quandashi.com/sb/sbbg
javascript:;
https://www.quandashi.com/sb/mdl
https://www.quandashi.com/sb/mgsbzc
https://www.quandashi.com/sb/omsbzc
https://www.quandashi.com/sb/rbsbzc
https://www.quandashi.com/sb/ydsbzc
https://www.quandashi.com/sb/xgsbzc
https://www.quandashi.com/zl
javascript:;
https://www.quandashi.com/third-order/trade-mark/335.html
javascript:;
https://www.quandashi.com/third-order/trade-mark/667.html
https://www.quandashi.com/third-order/trade-mark/668.html
javascript:;
https://www.quandashi.com/third-order/trade-mark/671.html
https://www.quandashi.com/third-order/trade-mark/673.html
javascript:;
https://www.quandashi.com/third-order/trade-mark/669.html
https://www.quandashi.com/third-order/trade-mark/670.html
javascript:;
https://www.quandashi.com/third-order/trade-mark/14.html
https://www.quandashi.com/third-order/trade-mark/15.html
https://www.quandashi.com/third-order/trade-mark/40.html
javascript:;
https://www.quandashi.com/third-order/trade-mark/42.html
https://www.quandashi.com/third-order/trade-mark/446.html
https://www.quandashi.com/bq
javascript:;
https://www.quandashi.com/third-order/trade-mark/120.html
https://www.quandashi.com/third-order/trade-mark/19.html
javascript:;
https://www.quandashi.com/third-order/trade-mark/20.html
https://www.quandashi.com/third-order/trade-mark/121.html
https://www.quandashi.com/third-order/trade-mark/308.html
https://www.quandashi.com/third-order/trade-mark/309.html
javascript:;
https://www.quandashi.com/third-order/trade-mark/21.html
https://www.quandashi.com/third-order/trade-mark/22.html
https://www.quandashi.com/third-order/trade-mark/23.html
https://www.quandashi.com/zhuanti/hhr.html
javascript:;
https://www.quandashi.com/#
None
https://www.quandashi.com/sb/bmkszc/4
javascript:;
https://www.quandashi.com/zhuanti/hhr.html
javascript:void (0)
https://www.quandashi.com/#
https://www.quandashi.com//home/index
https://www.quandashi.com/home/agent-index
https://www.quandashi.com//personal-setting/account-security
https://www.quandashi.com//member/logout
https://www.quandashi.com/sb
https://www.quandashi.com/#
javascript:;
https://so.quandashi.com/
https://www.quandashi.com/sb/gnsbcx
javascript:;
https://www.quandashi.com/sb/bmkszc/4
https://www.quandashi.com/sb/dbwyzc/4
https://www.quandashi.com/sb/znzzzc/4
https://www.quandashi.com/sb/hwgsznzc/4
javascript:;
https://www.quandashi.com/sb/sbbhfs
https://www.quandashi.com/sb/sbyydb
https://www.quandashi.com/sb/sbcsdb
javascript:;
https://www.quandashi.com/sb/sbcssq
https://www.quandashi.com/sb/sbyysq
https://www.quandashi.com/sb/sbwxxgsq
javascript:;
https://www.quandashi.com/sb/sbzr
https://www.quandashi.com/sb/sbxz
https://www.quandashi.com/sb/sbkz
https://www.quandashi.com/sb/sbxkba
https://www.quandashi.com/sb/sbbg
javascript:;
https://www.quandashi.com/sb/mdl
https://www.quandashi.com/sb/mgsbzc
https://www.quandashi.com/sb/omsbzc
https://www.quandashi.com/sb/rbsbzc
https://www.quandashi.com/sb/ydsbzc
https://www.quandashi.com/sb/xgsbzc
https://www.quandashi.com/zl
javascript:;
https://www.quandashi.com/third-order/trade-mark/335.html
javascript:;
https://www.quandashi.com/third-order/trade-mark/667.html
https://www.quandashi.com/third-order/trade-mark/668.html
javascript:;
https://www.quandashi.com/third-order/trade-mark/671.html
https://www.quandashi.com/third-order/trade-mark/673.html
javascript:;
https://www.quandashi.com/third-order/trade-mark/669.html
https://www.quandashi.com/third-order/trade-mark/670.html
javascript:;
https://www.quandashi.com/third-order/trade-mark/14.html
https://www.quandashi.com/third-order/trade-mark/15.html
https://www.quandashi.com/third-order/trade-mark/40.html
javascript:;
https://www.quandashi.com/third-order/trade-mark/42.html
https://www.quandashi.com/third-order/trade-mark/446.html
https://www.quandashi.com/bq
javascript:;
https://www.quandashi.com/third-order/trade-mark/120.html
https://www.quandashi.com/third-order/trade-mark/19.html
javascript:;
https://www.quandashi.com/third-order/trade-mark/20.html
https://www.quandashi.com/third-order/trade-mark/121.html
https://www.quandashi.com/third-order/trade-mark/308.html
https://www.quandashi.com/third-order/trade-mark/309.html
javascript:;
https://www.quandashi.com/third-order/trade-mark/21.html
https://www.quandashi.com/third-order/trade-mark/22.html
https://www.quandashi.com/third-order/trade-mark/23.html
https://www.quandashi.com/zhuanti/hhr.html
javascript:;
https://www.quandashi.com/#
None
https://www.quandashi.com/sb/bmkszc/4
javascript:;
https://www.quandashi.com/zhuanti/hhr.html
https://www.quandashi.com/zhuanti/hhr
https://www.quandashi.com/#
https://so.quandashi.com/search/notice/index
https://www.quandashi.com/sb
https://www.quandashi.com/sb
https://www.quandashi.com/sb
https://www.quandashi.com/sb
https://www.quandashi.com/zl
https://www.quandashi.com/zl
https://www.quandashi.com/zl
https://www.quandashi.com/zl
https://www.quandashi.com/zl
https://www.quandashi.com/bq
https://www.quandashi.com/bq
https://www.quandashi.com/bq
https://www.quandashi.com/bq
javascript:;
https://www.quandashi.com/brand-order/basemsg/PC1003/0.html
javascript:;
None
javascript:;
https://so.quandashi.com/index/nisi.html
https://www.quandashi.com/news/newdetail/12812.html
https://www.quandashi.com/news/newdetail/12812.html
https://www.quandashi.com/news/newdetail/12811.html
https://www.quandashi.com/news/newdetail/12798.html
https://www.quandashi.com/news/industry?type=28
https://www.quandashi.com/news/newdetail/12835.html
https://www.quandashi.com/news/newdetail/12835.html
https://www.quandashi.com/news/newdetail/12834.html
https://www.quandashi.com/news/newdetail/12833.html
https://www.quandashi.com/news/index.html
https://www.quandashi.com/question/detail/8.html
https://www.quandashi.com/question/detail/8.html
https://www.quandashi.com/question/detail/2.html
https://www.quandashi.com/question/detail/2.html
https://www.quandashi.com/question/detail/22.html
https://www.quandashi.com/question/detail/22.html
https://www.quandashi.com/question/index.html
http://www.sipo.gov.cn/
http://www.sipop.cn/gate/index.html
http://www.ciptc.org.cn/
http://www.zgc.gov.cn/
http://www.elht.com/Business/53.aspx
http://www.sipac.gov.cn/
http://www.qixin.com/
https://www.tencent.com/
https://www.baidu.com/
http://www.haier.com/cn/
http://www.ofo.so/#/
http://www.pku.edu.cn/
http://www.kingdee.com/
https://www.quandashi.com/index/about/1.html
https://www.quandashi.com/index/about/2.html
https://www.quandashi.com/index/about/3.html
https://www.quandashi.com/index/about/5.html
https://www.quandashi.com/index/about/8.html
https://www.quandashi.com/index/about/11.html
https://www.quandashi.com/site-map/index
https://v.pinpaibao.com.cn/authenticate/cert/?site=www.quandashi.com&amp;at=business
https://www.quandashi.com/#
https://www.quandashi.com/#
https://www.quandashi.com/#
https://www.quandashi.com/#
https://www.quandashi.com/
http://www.ipr123.com/
http://www.64365.com/zscq/
http://www.maidianla.com/
http://www.epbiao.com/
http://www.chatm.com/
http://www.cmsbw.cn/
http://www.toolmall.com/
http://www.2898.com/
http://www.shangbiao.com/
http://www.jdsb.cn/
https://www.quandashi.com/
http://ipr.zbj.com/
http://china.findlaw.cn/shenzhen
http://shandong.chinawutong.com/
http://www.ipvip.cn/
http://www.maizhi.com/
http://zhidao.zhiguagua.com/
https://www.lawxp.com/
https://www.quandashi.com/ztlist/shangbiao.html
https://www.quandashi.com/ztlist/zhuanli.html
https://www.quandashi.com/ztlist/banquan.html
https://www.quandashi.com/ztlist/qita.html
https://www.quandashi.com/sitemap.xml
https://www.quandashi.com/sitemap.html
javascript:void(0)
javascript:void(0)
javascript:void(0)
javascript:void(0)
https://www.quandashi.com/#
https://www.quandashi.com/zhuanti/hhr
https://www.quandashi.com/#
https://so.quandashi.com/
https://www.quandashi.com/brand-order/basemsg/PC10003/0.html
https://so.quandashi.com/index/nisi
https://www.quandashi.com/brand-monitor/index
https://www.quandashi.com/brandmanage/index
https://so.quandashi.com/search/notice/index
javascript:void(0)
javascript:void(0)
https://so.quandashi.com/shangbiao/
https://so.quandashi.com/
None
2018-09-06 22:53:56,092 - root - INFO - ###############################  End  ###############################


    </pre>
    </div>
    </td>
</tr>

<tr class='errorClass warning'>
    <td>yytrtest.YyTrTest: 异议他人商标测试集</td>
    <td class="text-center">3</td>
    <td class="text-center">0</td>
    <td class="text-center">0</td>
    <td class="text-center">3</td>
    <td class="text-center"><a href="javascript:showClassDetail('c16',3)" class="detail" id='c16'>详细</a></td>
</tr>

<tr id='ft16_1' class='none'>
    <td class='errorCase'><div class='testcase'>test_sbcs: 商标撤三测试</div></td>
    <td colspan='5' align='center'>
    <!--默认收起错误信息 -Findyou
    <button id='btn_ft16_1' type="button"  class="btn btn-danger btn-xs collapsed" data-toggle="collapse" data-target='#div_ft16_1'>错误</button>
    <div id='div_ft16_1' class="collapse">  -->

    <!-- 默认展开错误信息 -Findyou -->
    <button id='btn_ft16_1' type="button"  class="btn btn-danger btn-xs" data-toggle="collapse" data-target='#div_ft16_1'>错误</button>
    <div id='div_ft16_1' class="collapse in">
    <pre>
    
ft16_1: 2018-09-06 22:53:56,099 - root - INFO - ############################### START ###############################
商标撤三申请-权大师
费用总计:1499.00
总价:1499.00
价格一致
2018-09-06 22:55:00,717 - root - INFO - ###############################  End  ###############################
Traceback (most recent call last):
  File "D:\QDS_old_company\case\yytrtest.py", line 63, in test_sbcs
    "body &gt; div.section-myorder.width1200 &gt; div &gt; div &gt; ul &gt; li.row-step &gt; a.btn-next.submitOrder").click()
  File "C:\Users\Administrator\AppData\Local\Programs\Python\Python35\lib\site-packages\selenium\webdriver\remote\webdriver.py", line 437, in find_element_by_css_selector
    return self.find_element(by=By.CSS_SELECTOR, value=css_selector)
  File "C:\Users\Administrator\AppData\Local\Programs\Python\Python35\lib\site-packages\selenium\webdriver\remote\webdriver.py", line 752, in find_element
    'value': value})['value']
  File "C:\Users\Administrator\AppData\Local\Programs\Python\Python35\lib\site-packages\selenium\webdriver\remote\webdriver.py", line 236, in execute
    self.error_handler.check_response(response)
  File "C:\Users\Administrator\AppData\Local\Programs\Python\Python35\lib\site-packages\selenium\webdriver\remote\errorhandler.py", line 192, in check_response
    raise exception_class(message, screen, stacktrace)
selenium.common.exceptions.NoSuchElementException: Message: no such element: Unable to locate element: {"method":"css selector","selector":"body &gt; div.section-myorder.width1200 &gt; div &gt; div &gt; ul &gt; li.row-step &gt; a.btn-next.submitOrder"}
  (Session info: chrome=68.0.3440.106)
  (Driver info: chromedriver=2.40.565498 (ea082db3280dd6843ebfb08a625e3eb905c4f5ab),platform=Windows NT 10.0.17134 x86_64)



    </pre>
    </div>
    </td>
</tr>

<tr id='ft16_2' class='none'>
    <td class='errorCase'><div class='testcase'>test_sbwx: 商标无效宣告申请测试</div></td>
    <td colspan='5' align='center'>
    <!--默认收起错误信息 -Findyou
    <button id='btn_ft16_2' type="button"  class="btn btn-danger btn-xs collapsed" data-toggle="collapse" data-target='#div_ft16_2'>错误</button>
    <div id='div_ft16_2' class="collapse">  -->

    <!-- 默认展开错误信息 -Findyou -->
    <button id='btn_ft16_2' type="button"  class="btn btn-danger btn-xs" data-toggle="collapse" data-target='#div_ft16_2'>错误</button>
    <div id='div_ft16_2' class="collapse in">
    <pre>
    
ft16_2: 2018-09-06 22:55:00,748 - root - INFO - ############################### START ###############################
商标无效宣告申请_流程_商标无效宣告费用_权大师
费用总计:3750.00
总价:3750.00
价格一致
2018-09-06 22:56:06,620 - root - INFO - ###############################  End  ###############################
Traceback (most recent call last):
  File "D:\QDS_old_company\case\yytrtest.py", line 179, in test_sbwx
    "body &gt; div.section-myorder.width1200 &gt; div &gt; div &gt; ul &gt; li.row-step &gt; a.btn-next.submitOrder").click()
  File "C:\Users\Administrator\AppData\Local\Programs\Python\Python35\lib\site-packages\selenium\webdriver\remote\webdriver.py", line 437, in find_element_by_css_selector
    return self.find_element(by=By.CSS_SELECTOR, value=css_selector)
  File "C:\Users\Administrator\AppData\Local\Programs\Python\Python35\lib\site-packages\selenium\webdriver\remote\webdriver.py", line 752, in find_element
    'value': value})['value']
  File "C:\Users\Administrator\AppData\Local\Programs\Python\Python35\lib\site-packages\selenium\webdriver\remote\webdriver.py", line 236, in execute
    self.error_handler.check_response(response)
  File "C:\Users\Administrator\AppData\Local\Programs\Python\Python35\lib\site-packages\selenium\webdriver\remote\errorhandler.py", line 192, in check_response
    raise exception_class(message, screen, stacktrace)
selenium.common.exceptions.NoSuchElementException: Message: no such element: Unable to locate element: {"method":"css selector","selector":"body &gt; div.section-myorder.width1200 &gt; div &gt; div &gt; ul &gt; li.row-step &gt; a.btn-next.submitOrder"}
  (Session info: chrome=68.0.3440.106)
  (Driver info: chromedriver=2.40.565498 (ea082db3280dd6843ebfb08a625e3eb905c4f5ab),platform=Windows NT 10.0.17134 x86_64)



    </pre>
    </div>
    </td>
</tr>

<tr id='ft16_3' class='none'>
    <td class='errorCase'><div class='testcase'>test_sbyy: 商标异议申请测试</div></td>
    <td colspan='5' align='center'>
    <!--默认收起错误信息 -Findyou
    <button id='btn_ft16_3' type="button"  class="btn btn-danger btn-xs collapsed" data-toggle="collapse" data-target='#div_ft16_3'>错误</button>
    <div id='div_ft16_3' class="collapse">  -->

    <!-- 默认展开错误信息 -Findyou -->
    <button id='btn_ft16_3' type="button"  class="btn btn-danger btn-xs" data-toggle="collapse" data-target='#div_ft16_3'>错误</button>
    <div id='div_ft16_3' class="collapse in">
    <pre>
    
ft16_3: 2018-09-06 22:56:06,631 - root - INFO - ############################### START ###############################
商标异议申请_商标异议申请流程_商标异议收费标准_权大师
费用总计:3500.00
总价:3500.00
价格一致
2018-09-06 22:57:08,550 - root - INFO - ###############################  End  ###############################
Traceback (most recent call last):
  File "D:\QDS_old_company\case\yytrtest.py", line 121, in test_sbyy
    "body &gt; div.section-myorder.width1200 &gt; div &gt; div &gt; ul &gt; li.row-step &gt; a.btn-next.submitOrder").click()
  File "C:\Users\Administrator\AppData\Local\Programs\Python\Python35\lib\site-packages\selenium\webdriver\remote\webdriver.py", line 437, in find_element_by_css_selector
    return self.find_element(by=By.CSS_SELECTOR, value=css_selector)
  File "C:\Users\Administrator\AppData\Local\Programs\Python\Python35\lib\site-packages\selenium\webdriver\remote\webdriver.py", line 752, in find_element
    'value': value})['value']
  File "C:\Users\Administrator\AppData\Local\Programs\Python\Python35\lib\site-packages\selenium\webdriver\remote\webdriver.py", line 236, in execute
    self.error_handler.check_response(response)
  File "C:\Users\Administrator\AppData\Local\Programs\Python\Python35\lib\site-packages\selenium\webdriver\remote\errorhandler.py", line 192, in check_response
    raise exception_class(message, screen, stacktrace)
selenium.common.exceptions.NoSuchElementException: Message: no such element: Unable to locate element: {"method":"css selector","selector":"body &gt; div.section-myorder.width1200 &gt; div &gt; div &gt; ul &gt; li.row-step &gt; a.btn-next.submitOrder"}
  (Session info: chrome=68.0.3440.106)
  (Driver info: chromedriver=2.40.565498 (ea082db3280dd6843ebfb08a625e3eb905c4f5ab),platform=Windows NT 10.0.17134 x86_64)



    </pre>
    </div>
    </td>
</tr>

<tr class='errorClass warning'>
    <td>zahjtest.ZaHjTest: 遇到障碍如何化解测试集</td>
    <td class="text-center">3</td>
    <td class="text-center">0</td>
    <td class="text-center">0</td>
    <td class="text-center">3</td>
    <td class="text-center"><a href="javascript:showClassDetail('c17',3)" class="detail" id='c17'>详细</a></td>
</tr>

<tr id='ft17_1' class='none'>
    <td class='errorCase'><div class='testcase'>test_sbbh: 商标驳回测试</div></td>
    <td colspan='5' align='center'>
    <!--默认收起错误信息 -Findyou
    <button id='btn_ft17_1' type="button"  class="btn btn-danger btn-xs collapsed" data-toggle="collapse" data-target='#div_ft17_1'>错误</button>
    <div id='div_ft17_1' class="collapse">  -->

    <!-- 默认展开错误信息 -Findyou -->
    <button id='btn_ft17_1' type="button"  class="btn btn-danger btn-xs" data-toggle="collapse" data-target='#div_ft17_1'>错误</button>
    <div id='div_ft17_1' class="collapse in">
    <pre>
    
ft17_1: 2018-09-06 22:57:08,558 - root - INFO - ############################### START ###############################
商标驳回复审-权大师
费用总计:2749.00
总价:2749.00
价格一致
2018-09-06 22:58:21,273 - root - INFO - ###############################  End  ###############################
Traceback (most recent call last):
  File "D:\QDS_old_company\case\zahjtest.py", line 63, in test_sbbh
    "body &gt; div.section-myorder.width1200 &gt; div &gt; div &gt; ul &gt; li.row-step &gt; a.btn-next.submitOrder").click()
  File "C:\Users\Administrator\AppData\Local\Programs\Python\Python35\lib\site-packages\selenium\webdriver\remote\webdriver.py", line 437, in find_element_by_css_selector
    return self.find_element(by=By.CSS_SELECTOR, value=css_selector)
  File "C:\Users\Administrator\AppData\Local\Programs\Python\Python35\lib\site-packages\selenium\webdriver\remote\webdriver.py", line 752, in find_element
    'value': value})['value']
  File "C:\Users\Administrator\AppData\Local\Programs\Python\Python35\lib\site-packages\selenium\webdriver\remote\webdriver.py", line 236, in execute
    self.error_handler.check_response(response)
  File "C:\Users\Administrator\AppData\Local\Programs\Python\Python35\lib\site-packages\selenium\webdriver\remote\errorhandler.py", line 192, in check_response
    raise exception_class(message, screen, stacktrace)
selenium.common.exceptions.NoSuchElementException: Message: no such element: Unable to locate element: {"method":"css selector","selector":"body &gt; div.section-myorder.width1200 &gt; div &gt; div &gt; ul &gt; li.row-step &gt; a.btn-next.submitOrder"}
  (Session info: chrome=68.0.3440.106)
  (Driver info: chromedriver=2.40.565498 (ea082db3280dd6843ebfb08a625e3eb905c4f5ab),platform=Windows NT 10.0.17134 x86_64)



    </pre>
    </div>
    </td>
</tr>

<tr id='ft17_2' class='none'>
    <td class='errorCase'><div class='testcase'>test_sbcsdb: 商标撤三答辩测试</div></td>
    <td colspan='5' align='center'>
    <!--默认收起错误信息 -Findyou
    <button id='btn_ft17_2' type="button"  class="btn btn-danger btn-xs collapsed" data-toggle="collapse" data-target='#div_ft17_2'>错误</button>
    <div id='div_ft17_2' class="collapse">  -->

    <!-- 默认展开错误信息 -Findyou -->
    <button id='btn_ft17_2' type="button"  class="btn btn-danger btn-xs" data-toggle="collapse" data-target='#div_ft17_2'>错误</button>
    <div id='div_ft17_2' class="collapse in">
    <pre>
    
ft17_2: 2018-09-06 22:58:21,289 - root - INFO - ############################### START ###############################
商标撤三答辩-权大师
费用总计:2999.00
总价:2999.00
价格一致
2018-09-06 22:59:23,395 - root - INFO - ###############################  End  ###############################
Traceback (most recent call last):
  File "D:\QDS_old_company\case\zahjtest.py", line 177, in test_sbcsdb
    "body &gt; div.section-myorder.width1200 &gt; div &gt; div &gt; ul &gt; li.row-step &gt; a.btn-next.submitOrder").click()
  File "C:\Users\Administrator\AppData\Local\Programs\Python\Python35\lib\site-packages\selenium\webdriver\remote\webdriver.py", line 437, in find_element_by_css_selector
    return self.find_element(by=By.CSS_SELECTOR, value=css_selector)
  File "C:\Users\Administrator\AppData\Local\Programs\Python\Python35\lib\site-packages\selenium\webdriver\remote\webdriver.py", line 752, in find_element
    'value': value})['value']
  File "C:\Users\Administrator\AppData\Local\Programs\Python\Python35\lib\site-packages\selenium\webdriver\remote\webdriver.py", line 236, in execute
    self.error_handler.check_response(response)
  File "C:\Users\Administrator\AppData\Local\Programs\Python\Python35\lib\site-packages\selenium\webdriver\remote\errorhandler.py", line 192, in check_response
    raise exception_class(message, screen, stacktrace)
selenium.common.exceptions.NoSuchElementException: Message: no such element: Unable to locate element: {"method":"css selector","selector":"body &gt; div.section-myorder.width1200 &gt; div &gt; div &gt; ul &gt; li.row-step &gt; a.btn-next.submitOrder"}
  (Session info: chrome=68.0.3440.106)
  (Driver info: chromedriver=2.40.565498 (ea082db3280dd6843ebfb08a625e3eb905c4f5ab),platform=Windows NT 10.0.17134 x86_64)



    </pre>
    </div>
    </td>
</tr>

<tr id='ft17_3' class='none'>
    <td class='errorCase'><div class='testcase'>test_sbdb: 商标异议答辩测试</div></td>
    <td colspan='5' align='center'>
    <!--默认收起错误信息 -Findyou
    <button id='btn_ft17_3' type="button"  class="btn btn-danger btn-xs collapsed" data-toggle="collapse" data-target='#div_ft17_3'>错误</button>
    <div id='div_ft17_3' class="collapse">  -->

    <!-- 默认展开错误信息 -Findyou -->
    <button id='btn_ft17_3' type="button"  class="btn btn-danger btn-xs" data-toggle="collapse" data-target='#div_ft17_3'>错误</button>
    <div id='div_ft17_3' class="collapse in">
    <pre>
    
ft17_3: 2018-09-06 22:59:23,403 - root - INFO - ############################### START ###############################
商标异议答辩-权大师
费用总计:2999.00
总价:2999.00
价格一致
2018-09-06 23:00:25,066 - root - INFO - ###############################  End  ###############################
Traceback (most recent call last):
  File "D:\QDS_old_company\case\zahjtest.py", line 120, in test_sbdb
    "body &gt; div.section-myorder.width1200 &gt; div &gt; div &gt; ul &gt; li.row-step &gt; a.btn-next.submitOrder").click()
  File "C:\Users\Administrator\AppData\Local\Programs\Python\Python35\lib\site-packages\selenium\webdriver\remote\webdriver.py", line 437, in find_element_by_css_selector
    return self.find_element(by=By.CSS_SELECTOR, value=css_selector)
  File "C:\Users\Administrator\AppData\Local\Programs\Python\Python35\lib\site-packages\selenium\webdriver\remote\webdriver.py", line 752, in find_element
    'value': value})['value']
  File "C:\Users\Administrator\AppData\Local\Programs\Python\Python35\lib\site-packages\selenium\webdriver\remote\webdriver.py", line 236, in execute
    self.error_handler.check_response(response)
  File "C:\Users\Administrator\AppData\Local\Programs\Python\Python35\lib\site-packages\selenium\webdriver\remote\errorhandler.py", line 192, in check_response
    raise exception_class(message, screen, stacktrace)
selenium.common.exceptions.NoSuchElementException: Message: no such element: Unable to locate element: {"method":"css selector","selector":"body &gt; div.section-myorder.width1200 &gt; div &gt; div &gt; ul &gt; li.row-step &gt; a.btn-next.submitOrder"}
  (Session info: chrome=68.0.3440.106)
  (Driver info: chromedriver=2.40.565498 (ea082db3280dd6843ebfb08a625e3eb905c4f5ab),platform=Windows NT 10.0.17134 x86_64)



    </pre>
    </div>
    </td>
</tr>

<tr class='errorClass warning'>
    <td>zlywtest.ZlYwTest: 专利业务测试集</td>
    <td class="text-center">24</td>
    <td class="text-center">0</td>
    <td class="text-center">0</td>
    <td class="text-center">24</td>
    <td class="text-center"><a href="javascript:showClassDetail('c18',24)" class="detail" id='c18'>详细</a></td>
</tr>

<tr id='ft18_1' class='none'>
    <td class='errorCase'><div class='testcase'>test_cpwgbz_1: 产品外观标准_单个申请人减缓测试</div></td>
    <td colspan='5' align='center'>
    <!--默认收起错误信息 -Findyou
    <button id='btn_ft18_1' type="button"  class="btn btn-danger btn-xs collapsed" data-toggle="collapse" data-target='#div_ft18_1'>错误</button>
    <div id='div_ft18_1' class="collapse">  -->

    <!-- 默认展开错误信息 -Findyou -->
    <button id='btn_ft18_1' type="button"  class="btn btn-danger btn-xs" data-toggle="collapse" data-target='#div_ft18_1'>错误</button>
    <div id='div_ft18_1' class="collapse in">
    <pre>
    
ft18_1: 2018-09-06 23:00:25,111 - root - INFO - ############################### START ###############################
外观设计专利标准申请|专利申请|专利查询|权大师
费用总计:874.00
总价:874.00
价格一致
2018-09-06 23:03:33,207 - root - INFO - ###############################  End  ###############################
Traceback (most recent call last):
  File "D:\QDS_old_company\case\zlywtest.py", line 128, in test_cpwgbz_1
    "body &gt; div.section-myorder.width1200 &gt; div &gt; div &gt; ul &gt; li.row-step &gt; a.btn-next.submitOrder").click()
  File "C:\Users\Administrator\AppData\Local\Programs\Python\Python35\lib\site-packages\selenium\webdriver\remote\webdriver.py", line 437, in find_element_by_css_selector
    return self.find_element(by=By.CSS_SELECTOR, value=css_selector)
  File "C:\Users\Administrator\AppData\Local\Programs\Python\Python35\lib\site-packages\selenium\webdriver\remote\webdriver.py", line 752, in find_element
    'value': value})['value']
  File "C:\Users\Administrator\AppData\Local\Programs\Python\Python35\lib\site-packages\selenium\webdriver\remote\webdriver.py", line 236, in execute
    self.error_handler.check_response(response)
  File "C:\Users\Administrator\AppData\Local\Programs\Python\Python35\lib\site-packages\selenium\webdriver\remote\errorhandler.py", line 192, in check_response
    raise exception_class(message, screen, stacktrace)
selenium.common.exceptions.NoSuchElementException: Message: no such element: Unable to locate element: {"method":"css selector","selector":"body &gt; div.section-myorder.width1200 &gt; div &gt; div &gt; ul &gt; li.row-step &gt; a.btn-next.submitOrder"}
  (Session info: chrome=68.0.3440.106)
  (Driver info: chromedriver=2.40.565498 (ea082db3280dd6843ebfb08a625e3eb905c4f5ab),platform=Windows NT 10.0.17134 x86_64)



    </pre>
    </div>
    </td>
</tr>

<tr id='ft18_2' class='none'>
    <td class='errorCase'><div class='testcase'>test_cpwgbz_2: 产品外观标准_多个申请人减缓测试</div></td>
    <td colspan='5' align='center'>
    <!--默认收起错误信息 -Findyou
    <button id='btn_ft18_2' type="button"  class="btn btn-danger btn-xs collapsed" data-toggle="collapse" data-target='#div_ft18_2'>错误</button>
    <div id='div_ft18_2' class="collapse">  -->

    <!-- 默认展开错误信息 -Findyou -->
    <button id='btn_ft18_2' type="button"  class="btn btn-danger btn-xs" data-toggle="collapse" data-target='#div_ft18_2'>错误</button>
    <div id='div_ft18_2' class="collapse in">
    <pre>
    
ft18_2: 2018-09-06 23:03:33,244 - root - INFO - ############################### START ###############################
外观设计专利标准申请|专利申请|专利查询|权大师
费用总计:949.00
总价:949.00
价格一致
2018-09-06 23:04:47,671 - root - INFO - ###############################  End  ###############################
Traceback (most recent call last):
  File "D:\QDS_old_company\case\zlywtest.py", line 190, in test_cpwgbz_2
    "body &gt; div.section-myorder.width1200 &gt; div &gt; div &gt; ul &gt; li.row-step &gt; a.btn-next.submitOrder").click()
  File "C:\Users\Administrator\AppData\Local\Programs\Python\Python35\lib\site-packages\selenium\webdriver\remote\webdriver.py", line 437, in find_element_by_css_selector
    return self.find_element(by=By.CSS_SELECTOR, value=css_selector)
  File "C:\Users\Administrator\AppData\Local\Programs\Python\Python35\lib\site-packages\selenium\webdriver\remote\webdriver.py", line 752, in find_element
    'value': value})['value']
  File "C:\Users\Administrator\AppData\Local\Programs\Python\Python35\lib\site-packages\selenium\webdriver\remote\webdriver.py", line 236, in execute
    self.error_handler.check_response(response)
  File "C:\Users\Administrator\AppData\Local\Programs\Python\Python35\lib\site-packages\selenium\webdriver\remote\errorhandler.py", line 192, in check_response
    raise exception_class(message, screen, stacktrace)
selenium.common.exceptions.NoSuchElementException: Message: no such element: Unable to locate element: {"method":"css selector","selector":"body &gt; div.section-myorder.width1200 &gt; div &gt; div &gt; ul &gt; li.row-step &gt; a.btn-next.submitOrder"}
  (Session info: chrome=68.0.3440.106)
  (Driver info: chromedriver=2.40.565498 (ea082db3280dd6843ebfb08a625e3eb905c4f5ab),platform=Windows NT 10.0.17134 x86_64)



    </pre>
    </div>
    </td>
</tr>

<tr id='ft18_3' class='none'>
    <td class='errorCase'><div class='testcase'>test_cpwgbz_3: 产品外观标准_不减缓测试</div></td>
    <td colspan='5' align='center'>
    <!--默认收起错误信息 -Findyou
    <button id='btn_ft18_3' type="button"  class="btn btn-danger btn-xs collapsed" data-toggle="collapse" data-target='#div_ft18_3'>错误</button>
    <div id='div_ft18_3' class="collapse">  -->

    <!-- 默认展开错误信息 -Findyou -->
    <button id='btn_ft18_3' type="button"  class="btn btn-danger btn-xs" data-toggle="collapse" data-target='#div_ft18_3'>错误</button>
    <div id='div_ft18_3' class="collapse in">
    <pre>
    
ft18_3: 2018-09-06 23:04:47,678 - root - INFO - ############################### START ###############################
外观设计专利标准申请|专利申请|专利查询|权大师
费用总计:1299.00
总价:1299.00
价格一致
2018-09-06 23:06:01,952 - root - INFO - ###############################  End  ###############################
Traceback (most recent call last):
  File "D:\QDS_old_company\case\zlywtest.py", line 252, in test_cpwgbz_3
    "body &gt; div.section-myorder.width1200 &gt; div &gt; div &gt; ul &gt; li.row-step &gt; a.btn-next.submitOrder").click()
  File "C:\Users\Administrator\AppData\Local\Programs\Python\Python35\lib\site-packages\selenium\webdriver\remote\webdriver.py", line 437, in find_element_by_css_selector
    return self.find_element(by=By.CSS_SELECTOR, value=css_selector)
  File "C:\Users\Administrator\AppData\Local\Programs\Python\Python35\lib\site-packages\selenium\webdriver\remote\webdriver.py", line 752, in find_element
    'value': value})['value']
  File "C:\Users\Administrator\AppData\Local\Programs\Python\Python35\lib\site-packages\selenium\webdriver\remote\webdriver.py", line 236, in execute
    self.error_handler.check_response(response)
  File "C:\Users\Administrator\AppData\Local\Programs\Python\Python35\lib\site-packages\selenium\webdriver\remote\errorhandler.py", line 192, in check_response
    raise exception_class(message, screen, stacktrace)
selenium.common.exceptions.NoSuchElementException: Message: no such element: Unable to locate element: {"method":"css selector","selector":"body &gt; div.section-myorder.width1200 &gt; div &gt; div &gt; ul &gt; li.row-step &gt; a.btn-next.submitOrder"}
  (Session info: chrome=68.0.3440.106)
  (Driver info: chromedriver=2.40.565498 (ea082db3280dd6843ebfb08a625e3eb905c4f5ab),platform=Windows NT 10.0.17134 x86_64)



    </pre>
    </div>
    </td>
</tr>

<tr id='ft18_4' class='none'>
    <td class='errorCase'><div class='testcase'>test_cpwgdb_1: 产品外观担保_单个申请人减缓测试</div></td>
    <td colspan='5' align='center'>
    <!--默认收起错误信息 -Findyou
    <button id='btn_ft18_4' type="button"  class="btn btn-danger btn-xs collapsed" data-toggle="collapse" data-target='#div_ft18_4'>错误</button>
    <div id='div_ft18_4' class="collapse">  -->

    <!-- 默认展开错误信息 -Findyou -->
    <button id='btn_ft18_4' type="button"  class="btn btn-danger btn-xs" data-toggle="collapse" data-target='#div_ft18_4'>错误</button>
    <div id='div_ft18_4' class="collapse in">
    <pre>
    
ft18_4: 2018-09-06 23:06:01,960 - root - INFO - ############################### START ###############################
外观设计专利标准申请|专利申请|专利查询|权大师
费用总计:1274.00
总价:1274.00
价格一致
2018-09-06 23:07:18,587 - root - INFO - ###############################  End  ###############################
Traceback (most recent call last):
  File "D:\QDS_old_company\case\zlywtest.py", line 316, in test_cpwgdb_1
    "body &gt; div.section-myorder.width1200 &gt; div &gt; div &gt; ul &gt; li.row-step &gt; a.btn-next.submitOrder").click()
  File "C:\Users\Administrator\AppData\Local\Programs\Python\Python35\lib\site-packages\selenium\webdriver\remote\webdriver.py", line 437, in find_element_by_css_selector
    return self.find_element(by=By.CSS_SELECTOR, value=css_selector)
  File "C:\Users\Administrator\AppData\Local\Programs\Python\Python35\lib\site-packages\selenium\webdriver\remote\webdriver.py", line 752, in find_element
    'value': value})['value']
  File "C:\Users\Administrator\AppData\Local\Programs\Python\Python35\lib\site-packages\selenium\webdriver\remote\webdriver.py", line 236, in execute
    self.error_handler.check_response(response)
  File "C:\Users\Administrator\AppData\Local\Programs\Python\Python35\lib\site-packages\selenium\webdriver\remote\errorhandler.py", line 192, in check_response
    raise exception_class(message, screen, stacktrace)
selenium.common.exceptions.NoSuchElementException: Message: no such element: Unable to locate element: {"method":"css selector","selector":"body &gt; div.section-myorder.width1200 &gt; div &gt; div &gt; ul &gt; li.row-step &gt; a.btn-next.submitOrder"}
  (Session info: chrome=68.0.3440.106)
  (Driver info: chromedriver=2.40.565498 (ea082db3280dd6843ebfb08a625e3eb905c4f5ab),platform=Windows NT 10.0.17134 x86_64)



    </pre>
    </div>
    </td>
</tr>

<tr id='ft18_5' class='none'>
    <td class='errorCase'><div class='testcase'>test_cpwgdb_2: 产品外观担保_多个申请人减缓测试</div></td>
    <td colspan='5' align='center'>
    <!--默认收起错误信息 -Findyou
    <button id='btn_ft18_5' type="button"  class="btn btn-danger btn-xs collapsed" data-toggle="collapse" data-target='#div_ft18_5'>错误</button>
    <div id='div_ft18_5' class="collapse">  -->

    <!-- 默认展开错误信息 -Findyou -->
    <button id='btn_ft18_5' type="button"  class="btn btn-danger btn-xs" data-toggle="collapse" data-target='#div_ft18_5'>错误</button>
    <div id='div_ft18_5' class="collapse in">
    <pre>
    
ft18_5: 2018-09-06 23:07:18,594 - root - INFO - ############################### START ###############################
外观设计专利标准申请|专利申请|专利查询|权大师
费用总计:1349.00
总价:1349.00
价格一致
2018-09-06 23:08:28,462 - root - INFO - ###############################  End  ###############################
Traceback (most recent call last):
  File "D:\QDS_old_company\case\zlywtest.py", line 380, in test_cpwgdb_2
    "body &gt; div.section-myorder.width1200 &gt; div &gt; div &gt; ul &gt; li.row-step &gt; a.btn-next.submitOrder").click()
  File "C:\Users\Administrator\AppData\Local\Programs\Python\Python35\lib\site-packages\selenium\webdriver\remote\webdriver.py", line 437, in find_element_by_css_selector
    return self.find_element(by=By.CSS_SELECTOR, value=css_selector)
  File "C:\Users\Administrator\AppData\Local\Programs\Python\Python35\lib\site-packages\selenium\webdriver\remote\webdriver.py", line 752, in find_element
    'value': value})['value']
  File "C:\Users\Administrator\AppData\Local\Programs\Python\Python35\lib\site-packages\selenium\webdriver\remote\webdriver.py", line 236, in execute
    self.error_handler.check_response(response)
  File "C:\Users\Administrator\AppData\Local\Programs\Python\Python35\lib\site-packages\selenium\webdriver\remote\errorhandler.py", line 192, in check_response
    raise exception_class(message, screen, stacktrace)
selenium.common.exceptions.NoSuchElementException: Message: no such element: Unable to locate element: {"method":"css selector","selector":"body &gt; div.section-myorder.width1200 &gt; div &gt; div &gt; ul &gt; li.row-step &gt; a.btn-next.submitOrder"}
  (Session info: chrome=68.0.3440.106)
  (Driver info: chromedriver=2.40.565498 (ea082db3280dd6843ebfb08a625e3eb905c4f5ab),platform=Windows NT 10.0.17134 x86_64)



    </pre>
    </div>
    </td>
</tr>

<tr id='ft18_6' class='none'>
    <td class='errorCase'><div class='testcase'>test_cpwgdb_3: 产品外观担保_不减缓测试</div></td>
    <td colspan='5' align='center'>
    <!--默认收起错误信息 -Findyou
    <button id='btn_ft18_6' type="button"  class="btn btn-danger btn-xs collapsed" data-toggle="collapse" data-target='#div_ft18_6'>错误</button>
    <div id='div_ft18_6' class="collapse">  -->

    <!-- 默认展开错误信息 -Findyou -->
    <button id='btn_ft18_6' type="button"  class="btn btn-danger btn-xs" data-toggle="collapse" data-target='#div_ft18_6'>错误</button>
    <div id='div_ft18_6' class="collapse in">
    <pre>
    
ft18_6: 2018-09-06 23:08:28,470 - root - INFO - ############################### START ###############################
外观设计专利标准申请|专利申请|专利查询|权大师
费用总计:1699.00
总价:1699.00
价格一致
2018-09-06 23:09:47,008 - root - INFO - ###############################  End  ###############################
Traceback (most recent call last):
  File "D:\QDS_old_company\case\zlywtest.py", line 443, in test_cpwgdb_3
    "body &gt; div.section-myorder.width1200 &gt; div &gt; div &gt; ul &gt; li.row-step &gt; a.btn-next.submitOrder").click()
  File "C:\Users\Administrator\AppData\Local\Programs\Python\Python35\lib\site-packages\selenium\webdriver\remote\webdriver.py", line 437, in find_element_by_css_selector
    return self.find_element(by=By.CSS_SELECTOR, value=css_selector)
  File "C:\Users\Administrator\AppData\Local\Programs\Python\Python35\lib\site-packages\selenium\webdriver\remote\webdriver.py", line 752, in find_element
    'value': value})['value']
  File "C:\Users\Administrator\AppData\Local\Programs\Python\Python35\lib\site-packages\selenium\webdriver\remote\webdriver.py", line 236, in execute
    self.error_handler.check_response(response)
  File "C:\Users\Administrator\AppData\Local\Programs\Python\Python35\lib\site-packages\selenium\webdriver\remote\errorhandler.py", line 192, in check_response
    raise exception_class(message, screen, stacktrace)
selenium.common.exceptions.NoSuchElementException: Message: no such element: Unable to locate element: {"method":"css selector","selector":"body &gt; div.section-myorder.width1200 &gt; div &gt; div &gt; ul &gt; li.row-step &gt; a.btn-next.submitOrder"}
  (Session info: chrome=68.0.3440.106)
  (Driver info: chromedriver=2.40.565498 (ea082db3280dd6843ebfb08a625e3eb905c4f5ab),platform=Windows NT 10.0.17134 x86_64)



    </pre>
    </div>
    </td>
</tr>

<tr id='ft18_7' class='none'>
    <td class='errorCase'><div class='testcase'>test_guibz_1: GUI标准_单个申请人减缓</div></td>
    <td colspan='5' align='center'>
    <!--默认收起错误信息 -Findyou
    <button id='btn_ft18_7' type="button"  class="btn btn-danger btn-xs collapsed" data-toggle="collapse" data-target='#div_ft18_7'>错误</button>
    <div id='div_ft18_7' class="collapse">  -->

    <!-- 默认展开错误信息 -Findyou -->
    <button id='btn_ft18_7' type="button"  class="btn btn-danger btn-xs" data-toggle="collapse" data-target='#div_ft18_7'>错误</button>
    <div id='div_ft18_7' class="collapse in">
    <pre>
    
ft18_7: 2018-09-06 23:09:47,058 - root - INFO - ############################### START ###############################
GUI及系列产品标准申请|专利申请|专利查询|权大师
费用总计:1574.00
总价:1574.00
价格一致
2018-09-06 23:10:48,899 - root - INFO - ###############################  End  ###############################
Traceback (most recent call last):
  File "D:\QDS_old_company\case\zlywtest.py", line 504, in test_guibz_1
    "body &gt; div.section-myorder.width1200 &gt; div &gt; div &gt; ul &gt; li.row-step &gt; a.btn-next.submitOrder").click()
  File "C:\Users\Administrator\AppData\Local\Programs\Python\Python35\lib\site-packages\selenium\webdriver\remote\webdriver.py", line 437, in find_element_by_css_selector
    return self.find_element(by=By.CSS_SELECTOR, value=css_selector)
  File "C:\Users\Administrator\AppData\Local\Programs\Python\Python35\lib\site-packages\selenium\webdriver\remote\webdriver.py", line 752, in find_element
    'value': value})['value']
  File "C:\Users\Administrator\AppData\Local\Programs\Python\Python35\lib\site-packages\selenium\webdriver\remote\webdriver.py", line 236, in execute
    self.error_handler.check_response(response)
  File "C:\Users\Administrator\AppData\Local\Programs\Python\Python35\lib\site-packages\selenium\webdriver\remote\errorhandler.py", line 192, in check_response
    raise exception_class(message, screen, stacktrace)
selenium.common.exceptions.NoSuchElementException: Message: no such element: Unable to locate element: {"method":"css selector","selector":"body &gt; div.section-myorder.width1200 &gt; div &gt; div &gt; ul &gt; li.row-step &gt; a.btn-next.submitOrder"}
  (Session info: chrome=68.0.3440.106)
  (Driver info: chromedriver=2.40.565498 (ea082db3280dd6843ebfb08a625e3eb905c4f5ab),platform=Windows NT 10.0.17134 x86_64)



    </pre>
    </div>
    </td>
</tr>

<tr id='ft18_8' class='none'>
    <td class='errorCase'><div class='testcase'>test_guibz_2: GUI标准_多个申请人减缓</div></td>
    <td colspan='5' align='center'>
    <!--默认收起错误信息 -Findyou
    <button id='btn_ft18_8' type="button"  class="btn btn-danger btn-xs collapsed" data-toggle="collapse" data-target='#div_ft18_8'>错误</button>
    <div id='div_ft18_8' class="collapse">  -->

    <!-- 默认展开错误信息 -Findyou -->
    <button id='btn_ft18_8' type="button"  class="btn btn-danger btn-xs" data-toggle="collapse" data-target='#div_ft18_8'>错误</button>
    <div id='div_ft18_8' class="collapse in">
    <pre>
    
ft18_8: 2018-09-06 23:10:48,907 - root - INFO - ############################### START ###############################
GUI及系列产品标准申请|专利申请|专利查询|权大师
费用总计:1649.00
总价:1649.00
价格一致
2018-09-06 23:11:59,171 - root - INFO - ###############################  End  ###############################
Traceback (most recent call last):
  File "D:\QDS_old_company\case\zlywtest.py", line 565, in test_guibz_2
    "body &gt; div.section-myorder.width1200 &gt; div &gt; div &gt; ul &gt; li.row-step &gt; a.btn-next.submitOrder").click()
  File "C:\Users\Administrator\AppData\Local\Programs\Python\Python35\lib\site-packages\selenium\webdriver\remote\webdriver.py", line 437, in find_element_by_css_selector
    return self.find_element(by=By.CSS_SELECTOR, value=css_selector)
  File "C:\Users\Administrator\AppData\Local\Programs\Python\Python35\lib\site-packages\selenium\webdriver\remote\webdriver.py", line 752, in find_element
    'value': value})['value']
  File "C:\Users\Administrator\AppData\Local\Programs\Python\Python35\lib\site-packages\selenium\webdriver\remote\webdriver.py", line 236, in execute
    self.error_handler.check_response(response)
  File "C:\Users\Administrator\AppData\Local\Programs\Python\Python35\lib\site-packages\selenium\webdriver\remote\errorhandler.py", line 192, in check_response
    raise exception_class(message, screen, stacktrace)
selenium.common.exceptions.NoSuchElementException: Message: no such element: Unable to locate element: {"method":"css selector","selector":"body &gt; div.section-myorder.width1200 &gt; div &gt; div &gt; ul &gt; li.row-step &gt; a.btn-next.submitOrder"}
  (Session info: chrome=68.0.3440.106)
  (Driver info: chromedriver=2.40.565498 (ea082db3280dd6843ebfb08a625e3eb905c4f5ab),platform=Windows NT 10.0.17134 x86_64)



    </pre>
    </div>
    </td>
</tr>

<tr id='ft18_9' class='none'>
    <td class='errorCase'><div class='testcase'>test_guibz_3: GUI标准_不减缓</div></td>
    <td colspan='5' align='center'>
    <!--默认收起错误信息 -Findyou
    <button id='btn_ft18_9' type="button"  class="btn btn-danger btn-xs collapsed" data-toggle="collapse" data-target='#div_ft18_9'>错误</button>
    <div id='div_ft18_9' class="collapse">  -->

    <!-- 默认展开错误信息 -Findyou -->
    <button id='btn_ft18_9' type="button"  class="btn btn-danger btn-xs" data-toggle="collapse" data-target='#div_ft18_9'>错误</button>
    <div id='div_ft18_9' class="collapse in">
    <pre>
    
ft18_9: 2018-09-06 23:11:59,188 - root - INFO - ############################### START ###############################
GUI及系列产品标准申请|专利申请|专利查询|权大师
费用总计:1999.00
总价:1999.00
价格一致
2018-09-06 23:13:02,511 - root - INFO - ###############################  End  ###############################
Traceback (most recent call last):
  File "D:\QDS_old_company\case\zlywtest.py", line 626, in test_guibz_3
    "body &gt; div.section-myorder.width1200 &gt; div &gt; div &gt; ul &gt; li.row-step &gt; a.btn-next.submitOrder").click()
  File "C:\Users\Administrator\AppData\Local\Programs\Python\Python35\lib\site-packages\selenium\webdriver\remote\webdriver.py", line 437, in find_element_by_css_selector
    return self.find_element(by=By.CSS_SELECTOR, value=css_selector)
  File "C:\Users\Administrator\AppData\Local\Programs\Python\Python35\lib\site-packages\selenium\webdriver\remote\webdriver.py", line 752, in find_element
    'value': value})['value']
  File "C:\Users\Administrator\AppData\Local\Programs\Python\Python35\lib\site-packages\selenium\webdriver\remote\webdriver.py", line 236, in execute
    self.error_handler.check_response(response)
  File "C:\Users\Administrator\AppData\Local\Programs\Python\Python35\lib\site-packages\selenium\webdriver\remote\errorhandler.py", line 192, in check_response
    raise exception_class(message, screen, stacktrace)
selenium.common.exceptions.NoSuchElementException: Message: no such element: Unable to locate element: {"method":"css selector","selector":"body &gt; div.section-myorder.width1200 &gt; div &gt; div &gt; ul &gt; li.row-step &gt; a.btn-next.submitOrder"}
  (Session info: chrome=68.0.3440.106)
  (Driver info: chromedriver=2.40.565498 (ea082db3280dd6843ebfb08a625e3eb905c4f5ab),platform=Windows NT 10.0.17134 x86_64)



    </pre>
    </div>
    </td>
</tr>

<tr id='ft18_10' class='none'>
    <td class='errorCase'><div class='testcase'>test_guidb_1: GUI担保_单个申请人减缓</div></td>
    <td colspan='5' align='center'>
    <!--默认收起错误信息 -Findyou
    <button id='btn_ft18_10' type="button"  class="btn btn-danger btn-xs collapsed" data-toggle="collapse" data-target='#div_ft18_10'>错误</button>
    <div id='div_ft18_10' class="collapse">  -->

    <!-- 默认展开错误信息 -Findyou -->
    <button id='btn_ft18_10' type="button"  class="btn btn-danger btn-xs" data-toggle="collapse" data-target='#div_ft18_10'>错误</button>
    <div id='div_ft18_10' class="collapse in">
    <pre>
    
ft18_10: 2018-09-06 23:13:02,518 - root - INFO - ############################### START ###############################
GUI及系列产品标准申请|专利申请|专利查询|权大师
费用总计:1974.00
总价:1974.00
价格一致
2018-09-06 23:14:08,108 - root - INFO - ###############################  End  ###############################
Traceback (most recent call last):
  File "D:\QDS_old_company\case\zlywtest.py", line 688, in test_guidb_1
    "body &gt; div.section-myorder.width1200 &gt; div &gt; div &gt; ul &gt; li.row-step &gt; a.btn-next.submitOrder").click()
  File "C:\Users\Administrator\AppData\Local\Programs\Python\Python35\lib\site-packages\selenium\webdriver\remote\webdriver.py", line 437, in find_element_by_css_selector
    return self.find_element(by=By.CSS_SELECTOR, value=css_selector)
  File "C:\Users\Administrator\AppData\Local\Programs\Python\Python35\lib\site-packages\selenium\webdriver\remote\webdriver.py", line 752, in find_element
    'value': value})['value']
  File "C:\Users\Administrator\AppData\Local\Programs\Python\Python35\lib\site-packages\selenium\webdriver\remote\webdriver.py", line 236, in execute
    self.error_handler.check_response(response)
  File "C:\Users\Administrator\AppData\Local\Programs\Python\Python35\lib\site-packages\selenium\webdriver\remote\errorhandler.py", line 192, in check_response
    raise exception_class(message, screen, stacktrace)
selenium.common.exceptions.NoSuchElementException: Message: no such element: Unable to locate element: {"method":"css selector","selector":"body &gt; div.section-myorder.width1200 &gt; div &gt; div &gt; ul &gt; li.row-step &gt; a.btn-next.submitOrder"}
  (Session info: chrome=68.0.3440.106)
  (Driver info: chromedriver=2.40.565498 (ea082db3280dd6843ebfb08a625e3eb905c4f5ab),platform=Windows NT 10.0.17134 x86_64)



    </pre>
    </div>
    </td>
</tr>

<tr id='ft18_11' class='none'>
    <td class='errorCase'><div class='testcase'>test_guidb_2: GUI担保_多个申请人减缓</div></td>
    <td colspan='5' align='center'>
    <!--默认收起错误信息 -Findyou
    <button id='btn_ft18_11' type="button"  class="btn btn-danger btn-xs collapsed" data-toggle="collapse" data-target='#div_ft18_11'>错误</button>
    <div id='div_ft18_11' class="collapse">  -->

    <!-- 默认展开错误信息 -Findyou -->
    <button id='btn_ft18_11' type="button"  class="btn btn-danger btn-xs" data-toggle="collapse" data-target='#div_ft18_11'>错误</button>
    <div id='div_ft18_11' class="collapse in">
    <pre>
    
ft18_11: 2018-09-06 23:14:08,117 - root - INFO - ############################### START ###############################
GUI及系列产品标准申请|专利申请|专利查询|权大师
费用总计:2049.00
总价:2049.00
价格一致
2018-09-06 23:15:17,707 - root - INFO - ###############################  End  ###############################
Traceback (most recent call last):
  File "D:\QDS_old_company\case\zlywtest.py", line 750, in test_guidb_2
    "body &gt; div.section-myorder.width1200 &gt; div &gt; div &gt; ul &gt; li.row-step &gt; a.btn-next.submitOrder").click()
  File "C:\Users\Administrator\AppData\Local\Programs\Python\Python35\lib\site-packages\selenium\webdriver\remote\webdriver.py", line 437, in find_element_by_css_selector
    return self.find_element(by=By.CSS_SELECTOR, value=css_selector)
  File "C:\Users\Administrator\AppData\Local\Programs\Python\Python35\lib\site-packages\selenium\webdriver\remote\webdriver.py", line 752, in find_element
    'value': value})['value']
  File "C:\Users\Administrator\AppData\Local\Programs\Python\Python35\lib\site-packages\selenium\webdriver\remote\webdriver.py", line 236, in execute
    self.error_handler.check_response(response)
  File "C:\Users\Administrator\AppData\Local\Programs\Python\Python35\lib\site-packages\selenium\webdriver\remote\errorhandler.py", line 192, in check_response
    raise exception_class(message, screen, stacktrace)
selenium.common.exceptions.NoSuchElementException: Message: no such element: Unable to locate element: {"method":"css selector","selector":"body &gt; div.section-myorder.width1200 &gt; div &gt; div &gt; ul &gt; li.row-step &gt; a.btn-next.submitOrder"}
  (Session info: chrome=68.0.3440.106)
  (Driver info: chromedriver=2.40.565498 (ea082db3280dd6843ebfb08a625e3eb905c4f5ab),platform=Windows NT 10.0.17134 x86_64)



    </pre>
    </div>
    </td>
</tr>

<tr id='ft18_12' class='none'>
    <td class='errorCase'><div class='testcase'>test_guidb_3: GUI担保_不减缓</div></td>
    <td colspan='5' align='center'>
    <!--默认收起错误信息 -Findyou
    <button id='btn_ft18_12' type="button"  class="btn btn-danger btn-xs collapsed" data-toggle="collapse" data-target='#div_ft18_12'>错误</button>
    <div id='div_ft18_12' class="collapse">  -->

    <!-- 默认展开错误信息 -Findyou -->
    <button id='btn_ft18_12' type="button"  class="btn btn-danger btn-xs" data-toggle="collapse" data-target='#div_ft18_12'>错误</button>
    <div id='div_ft18_12' class="collapse in">
    <pre>
    
ft18_12: 2018-09-06 23:15:17,714 - root - INFO - ############################### START ###############################
GUI及系列产品标准申请|专利申请|专利查询|权大师
费用总计:2399.00
总价:2399.00
价格一致
2018-09-06 23:16:22,231 - root - INFO - ###############################  End  ###############################
Traceback (most recent call last):
  File "D:\QDS_old_company\case\zlywtest.py", line 814, in test_guidb_3
    "body &gt; div.section-myorder.width1200 &gt; div &gt; div &gt; ul &gt; li.row-step &gt; a.btn-next.submitOrder").click()
  File "C:\Users\Administrator\AppData\Local\Programs\Python\Python35\lib\site-packages\selenium\webdriver\remote\webdriver.py", line 437, in find_element_by_css_selector
    return self.find_element(by=By.CSS_SELECTOR, value=css_selector)
  File "C:\Users\Administrator\AppData\Local\Programs\Python\Python35\lib\site-packages\selenium\webdriver\remote\webdriver.py", line 752, in find_element
    'value': value})['value']
  File "C:\Users\Administrator\AppData\Local\Programs\Python\Python35\lib\site-packages\selenium\webdriver\remote\webdriver.py", line 236, in execute
    self.error_handler.check_response(response)
  File "C:\Users\Administrator\AppData\Local\Programs\Python\Python35\lib\site-packages\selenium\webdriver\remote\errorhandler.py", line 192, in check_response
    raise exception_class(message, screen, stacktrace)
selenium.common.exceptions.NoSuchElementException: Message: no such element: Unable to locate element: {"method":"css selector","selector":"body &gt; div.section-myorder.width1200 &gt; div &gt; div &gt; ul &gt; li.row-step &gt; a.btn-next.submitOrder"}
  (Session info: chrome=68.0.3440.106)
  (Driver info: chromedriver=2.40.565498 (ea082db3280dd6843ebfb08a625e3eb905c4f5ab),platform=Windows NT 10.0.17134 x86_64)



    </pre>
    </div>
    </td>
</tr>

<tr id='ft18_13' class='none'>
    <td class='errorCase'><div class='testcase'>test_nfjn: 年费缴纳测试</div></td>
    <td colspan='5' align='center'>
    <!--默认收起错误信息 -Findyou
    <button id='btn_ft18_13' type="button"  class="btn btn-danger btn-xs collapsed" data-toggle="collapse" data-target='#div_ft18_13'>错误</button>
    <div id='div_ft18_13' class="collapse">  -->

    <!-- 默认展开错误信息 -Findyou -->
    <button id='btn_ft18_13' type="button"  class="btn btn-danger btn-xs" data-toggle="collapse" data-target='#div_ft18_13'>错误</button>
    <div id='div_ft18_13' class="collapse in">
    <pre>
    
ft18_13: 2018-09-06 23:16:22,240 - root - INFO - ############################### START ###############################
发明专利年费缴纳-权大师
费用总计:1100.00
总价:1100.00
价格一致
2018-09-06 23:17:24,716 - root - INFO - ###############################  End  ###############################
Traceback (most recent call last):
  File "D:\QDS_old_company\case\zlywtest.py", line 1531, in test_nfjn
    "body &gt; div.section-myorder.width1200 &gt; div &gt; div &gt; ul &gt; li.row-step &gt; a.btn-next.submitOrder").click()
  File "C:\Users\Administrator\AppData\Local\Programs\Python\Python35\lib\site-packages\selenium\webdriver\remote\webdriver.py", line 437, in find_element_by_css_selector
    return self.find_element(by=By.CSS_SELECTOR, value=css_selector)
  File "C:\Users\Administrator\AppData\Local\Programs\Python\Python35\lib\site-packages\selenium\webdriver\remote\webdriver.py", line 752, in find_element
    'value': value})['value']
  File "C:\Users\Administrator\AppData\Local\Programs\Python\Python35\lib\site-packages\selenium\webdriver\remote\webdriver.py", line 236, in execute
    self.error_handler.check_response(response)
  File "C:\Users\Administrator\AppData\Local\Programs\Python\Python35\lib\site-packages\selenium\webdriver\remote\errorhandler.py", line 192, in check_response
    raise exception_class(message, screen, stacktrace)
selenium.common.exceptions.NoSuchElementException: Message: no such element: Unable to locate element: {"method":"css selector","selector":"body &gt; div.section-myorder.width1200 &gt; div &gt; div &gt; ul &gt; li.row-step &gt; a.btn-next.submitOrder"}
  (Session info: chrome=68.0.3440.106)
  (Driver info: chromedriver=2.40.565498 (ea082db3280dd6843ebfb08a625e3eb905c4f5ab),platform=Windows NT 10.0.17134 x86_64)



    </pre>
    </div>
    </td>
</tr>

<tr id='ft18_14' class='none'>
    <td class='errorCase'><div class='testcase'>test_syzlbz_1: 标准型-单个申请人减缓</div></td>
    <td colspan='5' align='center'>
    <!--默认收起错误信息 -Findyou
    <button id='btn_ft18_14' type="button"  class="btn btn-danger btn-xs collapsed" data-toggle="collapse" data-target='#div_ft18_14'>错误</button>
    <div id='div_ft18_14' class="collapse">  -->

    <!-- 默认展开错误信息 -Findyou -->
    <button id='btn_ft18_14' type="button"  class="btn btn-danger btn-xs" data-toggle="collapse" data-target='#div_ft18_14'>错误</button>
    <div id='div_ft18_14' class="collapse in">
    <pre>
    
ft18_14: 2018-09-06 23:17:24,725 - root - INFO - ############################### START ###############################
实用新型专利标准申请|专利申请|专利查询|权大师
费用总计:2574.00
总价:2574.00
价格一致
2018-09-06 23:18:32,429 - root - INFO - ###############################  End  ###############################
Traceback (most recent call last):
  File "D:\QDS_old_company\case\zlywtest.py", line 876, in test_syzlbz_1
    "body &gt; div.section-myorder.width1200 &gt; div &gt; div &gt; ul &gt; li.row-step &gt; a.btn-next.submitOrder").click()
  File "C:\Users\Administrator\AppData\Local\Programs\Python\Python35\lib\site-packages\selenium\webdriver\remote\webdriver.py", line 437, in find_element_by_css_selector
    return self.find_element(by=By.CSS_SELECTOR, value=css_selector)
  File "C:\Users\Administrator\AppData\Local\Programs\Python\Python35\lib\site-packages\selenium\webdriver\remote\webdriver.py", line 752, in find_element
    'value': value})['value']
  File "C:\Users\Administrator\AppData\Local\Programs\Python\Python35\lib\site-packages\selenium\webdriver\remote\webdriver.py", line 236, in execute
    self.error_handler.check_response(response)
  File "C:\Users\Administrator\AppData\Local\Programs\Python\Python35\lib\site-packages\selenium\webdriver\remote\errorhandler.py", line 192, in check_response
    raise exception_class(message, screen, stacktrace)
selenium.common.exceptions.NoSuchElementException: Message: no such element: Unable to locate element: {"method":"css selector","selector":"body &gt; div.section-myorder.width1200 &gt; div &gt; div &gt; ul &gt; li.row-step &gt; a.btn-next.submitOrder"}
  (Session info: chrome=68.0.3440.106)
  (Driver info: chromedriver=2.40.565498 (ea082db3280dd6843ebfb08a625e3eb905c4f5ab),platform=Windows NT 10.0.17134 x86_64)



    </pre>
    </div>
    </td>
</tr>

<tr id='ft18_15' class='none'>
    <td class='errorCase'><div class='testcase'>test_syzlbz_2: 标准型-多个申请人减缓</div></td>
    <td colspan='5' align='center'>
    <!--默认收起错误信息 -Findyou
    <button id='btn_ft18_15' type="button"  class="btn btn-danger btn-xs collapsed" data-toggle="collapse" data-target='#div_ft18_15'>错误</button>
    <div id='div_ft18_15' class="collapse">  -->

    <!-- 默认展开错误信息 -Findyou -->
    <button id='btn_ft18_15' type="button"  class="btn btn-danger btn-xs" data-toggle="collapse" data-target='#div_ft18_15'>错误</button>
    <div id='div_ft18_15' class="collapse in">
    <pre>
    
ft18_15: 2018-09-06 23:18:32,440 - root - INFO - ############################### START ###############################
实用新型专利标准申请|专利申请|专利查询|权大师
费用总计:2649.00
总价:2649.00
价格一致
2018-09-06 23:19:34,086 - root - INFO - ###############################  End  ###############################
Traceback (most recent call last):
  File "D:\QDS_old_company\case\zlywtest.py", line 938, in test_syzlbz_2
    "body &gt; div.section-myorder.width1200 &gt; div &gt; div &gt; ul &gt; li.row-step &gt; a.btn-next.submitOrder").click()
  File "C:\Users\Administrator\AppData\Local\Programs\Python\Python35\lib\site-packages\selenium\webdriver\remote\webdriver.py", line 437, in find_element_by_css_selector
    return self.find_element(by=By.CSS_SELECTOR, value=css_selector)
  File "C:\Users\Administrator\AppData\Local\Programs\Python\Python35\lib\site-packages\selenium\webdriver\remote\webdriver.py", line 752, in find_element
    'value': value})['value']
  File "C:\Users\Administrator\AppData\Local\Programs\Python\Python35\lib\site-packages\selenium\webdriver\remote\webdriver.py", line 236, in execute
    self.error_handler.check_response(response)
  File "C:\Users\Administrator\AppData\Local\Programs\Python\Python35\lib\site-packages\selenium\webdriver\remote\errorhandler.py", line 192, in check_response
    raise exception_class(message, screen, stacktrace)
selenium.common.exceptions.NoSuchElementException: Message: no such element: Unable to locate element: {"method":"css selector","selector":"body &gt; div.section-myorder.width1200 &gt; div &gt; div &gt; ul &gt; li.row-step &gt; a.btn-next.submitOrder"}
  (Session info: chrome=68.0.3440.106)
  (Driver info: chromedriver=2.40.565498 (ea082db3280dd6843ebfb08a625e3eb905c4f5ab),platform=Windows NT 10.0.17134 x86_64)



    </pre>
    </div>
    </td>
</tr>

<tr id='ft18_16' class='none'>
    <td class='errorCase'><div class='testcase'>test_syzlbz_3: 标准型-不减缓</div></td>
    <td colspan='5' align='center'>
    <!--默认收起错误信息 -Findyou
    <button id='btn_ft18_16' type="button"  class="btn btn-danger btn-xs collapsed" data-toggle="collapse" data-target='#div_ft18_16'>错误</button>
    <div id='div_ft18_16' class="collapse">  -->

    <!-- 默认展开错误信息 -Findyou -->
    <button id='btn_ft18_16' type="button"  class="btn btn-danger btn-xs" data-toggle="collapse" data-target='#div_ft18_16'>错误</button>
    <div id='div_ft18_16' class="collapse in">
    <pre>
    
ft18_16: 2018-09-06 23:19:34,103 - root - INFO - ############################### START ###############################
实用新型专利标准申请|专利申请|专利查询|权大师
费用总计:2999.00
总价:2999.00
价格一致
2018-09-06 23:20:43,508 - root - INFO - ###############################  End  ###############################
Traceback (most recent call last):
  File "D:\QDS_old_company\case\zlywtest.py", line 1000, in test_syzlbz_3
    "body &gt; div.section-myorder.width1200 &gt; div &gt; div &gt; ul &gt; li.row-step &gt; a.btn-next.submitOrder").click()
  File "C:\Users\Administrator\AppData\Local\Programs\Python\Python35\lib\site-packages\selenium\webdriver\remote\webdriver.py", line 437, in find_element_by_css_selector
    return self.find_element(by=By.CSS_SELECTOR, value=css_selector)
  File "C:\Users\Administrator\AppData\Local\Programs\Python\Python35\lib\site-packages\selenium\webdriver\remote\webdriver.py", line 752, in find_element
    'value': value})['value']
  File "C:\Users\Administrator\AppData\Local\Programs\Python\Python35\lib\site-packages\selenium\webdriver\remote\webdriver.py", line 236, in execute
    self.error_handler.check_response(response)
  File "C:\Users\Administrator\AppData\Local\Programs\Python\Python35\lib\site-packages\selenium\webdriver\remote\errorhandler.py", line 192, in check_response
    raise exception_class(message, screen, stacktrace)
selenium.common.exceptions.NoSuchElementException: Message: no such element: Unable to locate element: {"method":"css selector","selector":"body &gt; div.section-myorder.width1200 &gt; div &gt; div &gt; ul &gt; li.row-step &gt; a.btn-next.submitOrder"}
  (Session info: chrome=68.0.3440.106)
  (Driver info: chromedriver=2.40.565498 (ea082db3280dd6843ebfb08a625e3eb905c4f5ab),platform=Windows NT 10.0.17134 x86_64)



    </pre>
    </div>
    </td>
</tr>

<tr id='ft18_17' class='none'>
    <td class='errorCase'><div class='testcase'>test_syzldb_1: 担保型-单个申请人减缓</div></td>
    <td colspan='5' align='center'>
    <!--默认收起错误信息 -Findyou
    <button id='btn_ft18_17' type="button"  class="btn btn-danger btn-xs collapsed" data-toggle="collapse" data-target='#div_ft18_17'>错误</button>
    <div id='div_ft18_17' class="collapse">  -->

    <!-- 默认展开错误信息 -Findyou -->
    <button id='btn_ft18_17' type="button"  class="btn btn-danger btn-xs" data-toggle="collapse" data-target='#div_ft18_17'>错误</button>
    <div id='div_ft18_17' class="collapse in">
    <pre>
    
ft18_17: 2018-09-06 23:20:43,518 - root - INFO - ############################### START ###############################
实用新型专利担保申请|专利申请|专利查询|权大师
费用总计:3574.00
总价:3574.00
价格一致
2018-09-06 23:21:45,356 - root - INFO - ###############################  End  ###############################
Traceback (most recent call last):
  File "D:\QDS_old_company\case\zlywtest.py", line 1062, in test_syzldb_1
    "body &gt; div.section-myorder.width1200 &gt; div &gt; div &gt; ul &gt; li.row-step &gt; a.btn-next.submitOrder").click()
  File "C:\Users\Administrator\AppData\Local\Programs\Python\Python35\lib\site-packages\selenium\webdriver\remote\webdriver.py", line 437, in find_element_by_css_selector
    return self.find_element(by=By.CSS_SELECTOR, value=css_selector)
  File "C:\Users\Administrator\AppData\Local\Programs\Python\Python35\lib\site-packages\selenium\webdriver\remote\webdriver.py", line 752, in find_element
    'value': value})['value']
  File "C:\Users\Administrator\AppData\Local\Programs\Python\Python35\lib\site-packages\selenium\webdriver\remote\webdriver.py", line 236, in execute
    self.error_handler.check_response(response)
  File "C:\Users\Administrator\AppData\Local\Programs\Python\Python35\lib\site-packages\selenium\webdriver\remote\errorhandler.py", line 192, in check_response
    raise exception_class(message, screen, stacktrace)
selenium.common.exceptions.NoSuchElementException: Message: no such element: Unable to locate element: {"method":"css selector","selector":"body &gt; div.section-myorder.width1200 &gt; div &gt; div &gt; ul &gt; li.row-step &gt; a.btn-next.submitOrder"}
  (Session info: chrome=68.0.3440.106)
  (Driver info: chromedriver=2.40.565498 (ea082db3280dd6843ebfb08a625e3eb905c4f5ab),platform=Windows NT 10.0.17134 x86_64)



    </pre>
    </div>
    </td>
</tr>

<tr id='ft18_18' class='none'>
    <td class='errorCase'><div class='testcase'>test_syzldb_2: 担保型-多个申请人减缓</div></td>
    <td colspan='5' align='center'>
    <!--默认收起错误信息 -Findyou
    <button id='btn_ft18_18' type="button"  class="btn btn-danger btn-xs collapsed" data-toggle="collapse" data-target='#div_ft18_18'>错误</button>
    <div id='div_ft18_18' class="collapse">  -->

    <!-- 默认展开错误信息 -Findyou -->
    <button id='btn_ft18_18' type="button"  class="btn btn-danger btn-xs" data-toggle="collapse" data-target='#div_ft18_18'>错误</button>
    <div id='div_ft18_18' class="collapse in">
    <pre>
    
ft18_18: 2018-09-06 23:21:45,367 - root - INFO - ############################### START ###############################
实用新型专利担保申请|专利申请|专利查询|权大师
费用总计:3649.00
总价:3649.00
价格一致
2018-09-06 23:22:56,575 - root - INFO - ###############################  End  ###############################
Traceback (most recent call last):
  File "D:\QDS_old_company\case\zlywtest.py", line 1124, in test_syzldb_2
    "body &gt; div.section-myorder.width1200 &gt; div &gt; div &gt; ul &gt; li.row-step &gt; a.btn-next.submitOrder").click()
  File "C:\Users\Administrator\AppData\Local\Programs\Python\Python35\lib\site-packages\selenium\webdriver\remote\webdriver.py", line 437, in find_element_by_css_selector
    return self.find_element(by=By.CSS_SELECTOR, value=css_selector)
  File "C:\Users\Administrator\AppData\Local\Programs\Python\Python35\lib\site-packages\selenium\webdriver\remote\webdriver.py", line 752, in find_element
    'value': value})['value']
  File "C:\Users\Administrator\AppData\Local\Programs\Python\Python35\lib\site-packages\selenium\webdriver\remote\webdriver.py", line 236, in execute
    self.error_handler.check_response(response)
  File "C:\Users\Administrator\AppData\Local\Programs\Python\Python35\lib\site-packages\selenium\webdriver\remote\errorhandler.py", line 192, in check_response
    raise exception_class(message, screen, stacktrace)
selenium.common.exceptions.NoSuchElementException: Message: no such element: Unable to locate element: {"method":"css selector","selector":"body &gt; div.section-myorder.width1200 &gt; div &gt; div &gt; ul &gt; li.row-step &gt; a.btn-next.submitOrder"}
  (Session info: chrome=68.0.3440.106)
  (Driver info: chromedriver=2.40.565498 (ea082db3280dd6843ebfb08a625e3eb905c4f5ab),platform=Windows NT 10.0.17134 x86_64)



    </pre>
    </div>
    </td>
</tr>

<tr id='ft18_19' class='none'>
    <td class='errorCase'><div class='testcase'>test_syzldb_3: 担保型-不减缓</div></td>
    <td colspan='5' align='center'>
    <!--默认收起错误信息 -Findyou
    <button id='btn_ft18_19' type="button"  class="btn btn-danger btn-xs collapsed" data-toggle="collapse" data-target='#div_ft18_19'>错误</button>
    <div id='div_ft18_19' class="collapse">  -->

    <!-- 默认展开错误信息 -Findyou -->
    <button id='btn_ft18_19' type="button"  class="btn btn-danger btn-xs" data-toggle="collapse" data-target='#div_ft18_19'>错误</button>
    <div id='div_ft18_19' class="collapse in">
    <pre>
    
ft18_19: 2018-09-06 23:22:56,593 - root - INFO - ############################### START ###############################
实用新型专利担保申请|专利申请|专利查询|权大师
费用总计:3999.00
总价:3999.00
价格一致
2018-09-06 23:24:10,380 - root - INFO - ###############################  End  ###############################
Traceback (most recent call last):
  File "D:\QDS_old_company\case\zlywtest.py", line 1185, in test_syzldb_3
    "body &gt; div.section-myorder.width1200 &gt; div &gt; div &gt; ul &gt; li.row-step &gt; a.btn-next.submitOrder").click()
  File "C:\Users\Administrator\AppData\Local\Programs\Python\Python35\lib\site-packages\selenium\webdriver\remote\webdriver.py", line 437, in find_element_by_css_selector
    return self.find_element(by=By.CSS_SELECTOR, value=css_selector)
  File "C:\Users\Administrator\AppData\Local\Programs\Python\Python35\lib\site-packages\selenium\webdriver\remote\webdriver.py", line 752, in find_element
    'value': value})['value']
  File "C:\Users\Administrator\AppData\Local\Programs\Python\Python35\lib\site-packages\selenium\webdriver\remote\webdriver.py", line 236, in execute
    self.error_handler.check_response(response)
  File "C:\Users\Administrator\AppData\Local\Programs\Python\Python35\lib\site-packages\selenium\webdriver\remote\errorhandler.py", line 192, in check_response
    raise exception_class(message, screen, stacktrace)
selenium.common.exceptions.NoSuchElementException: Message: no such element: Unable to locate element: {"method":"css selector","selector":"body &gt; div.section-myorder.width1200 &gt; div &gt; div &gt; ul &gt; li.row-step &gt; a.btn-next.submitOrder"}
  (Session info: chrome=68.0.3440.106)
  (Driver info: chromedriver=2.40.565498 (ea082db3280dd6843ebfb08a625e3eb905c4f5ab),platform=Windows NT 10.0.17134 x86_64)



    </pre>
    </div>
    </td>
</tr>

<tr id='ft18_20' class='none'>
    <td class='errorCase'><div class='testcase'>test_zlbg: 专利著录项变更测试</div></td>
    <td colspan='5' align='center'>
    <!--默认收起错误信息 -Findyou
    <button id='btn_ft18_20' type="button"  class="btn btn-danger btn-xs collapsed" data-toggle="collapse" data-target='#div_ft18_20'>错误</button>
    <div id='div_ft18_20' class="collapse">  -->

    <!-- 默认展开错误信息 -Findyou -->
    <button id='btn_ft18_20' type="button"  class="btn btn-danger btn-xs" data-toggle="collapse" data-target='#div_ft18_20'>错误</button>
    <div id='div_ft18_20' class="collapse in">
    <pre>
    
ft18_20: 2018-09-06 23:24:10,432 - root - INFO - ############################### START ###############################
专利著录项变更-权大师
费用总计:700.00
总价:700.00
价格一致
2018-09-06 23:25:15,062 - root - INFO - ###############################  End  ###############################
Traceback (most recent call last):
  File "D:\QDS_old_company\case\zlywtest.py", line 1589, in test_zlbg
    "body &gt; div.section-myorder.width1200 &gt; div &gt; div &gt; ul &gt; li.row-step &gt; a.btn-next.submitOrder").click()
  File "C:\Users\Administrator\AppData\Local\Programs\Python\Python35\lib\site-packages\selenium\webdriver\remote\webdriver.py", line 437, in find_element_by_css_selector
    return self.find_element(by=By.CSS_SELECTOR, value=css_selector)
  File "C:\Users\Administrator\AppData\Local\Programs\Python\Python35\lib\site-packages\selenium\webdriver\remote\webdriver.py", line 752, in find_element
    'value': value})['value']
  File "C:\Users\Administrator\AppData\Local\Programs\Python\Python35\lib\site-packages\selenium\webdriver\remote\webdriver.py", line 236, in execute
    self.error_handler.check_response(response)
  File "C:\Users\Administrator\AppData\Local\Programs\Python\Python35\lib\site-packages\selenium\webdriver\remote\errorhandler.py", line 192, in check_response
    raise exception_class(message, screen, stacktrace)
selenium.common.exceptions.NoSuchElementException: Message: no such element: Unable to locate element: {"method":"css selector","selector":"body &gt; div.section-myorder.width1200 &gt; div &gt; div &gt; ul &gt; li.row-step &gt; a.btn-next.submitOrder"}
  (Session info: chrome=68.0.3440.106)
  (Driver info: chromedriver=2.40.565498 (ea082db3280dd6843ebfb08a625e3eb905c4f5ab),platform=Windows NT 10.0.17134 x86_64)



    </pre>
    </div>
    </td>
</tr>

<tr id='ft18_21' class='none'>
    <td class='errorCase'><div class='testcase'>test_zlbh: 专利驳回复审测试</div></td>
    <td colspan='5' align='center'>
    <!--默认收起错误信息 -Findyou
    <button id='btn_ft18_21' type="button"  class="btn btn-danger btn-xs collapsed" data-toggle="collapse" data-target='#div_ft18_21'>错误</button>
    <div id='div_ft18_21' class="collapse">  -->

    <!-- 默认展开错误信息 -Findyou -->
    <button id='btn_ft18_21' type="button"  class="btn btn-danger btn-xs" data-toggle="collapse" data-target='#div_ft18_21'>错误</button>
    <div id='div_ft18_21' class="collapse in">
    <pre>
    
ft18_21: 2018-09-06 23:25:15,084 - root - INFO - ############################### START ###############################
发明专利驳回复审_权大师
费用总计:10999.00
总价:10999.00
价格一致
2018-09-06 23:26:15,073 - root - INFO - ###############################  End  ###############################
Traceback (most recent call last):
  File "D:\QDS_old_company\case\zlywtest.py", line 1358, in test_zlbh
    "body &gt; div.section-myorder.width1200 &gt; div &gt; div &gt; ul &gt; li.row-step &gt; a.btn-next.submitOrder").click()
  File "C:\Users\Administrator\AppData\Local\Programs\Python\Python35\lib\site-packages\selenium\webdriver\remote\webdriver.py", line 437, in find_element_by_css_selector
    return self.find_element(by=By.CSS_SELECTOR, value=css_selector)
  File "C:\Users\Administrator\AppData\Local\Programs\Python\Python35\lib\site-packages\selenium\webdriver\remote\webdriver.py", line 752, in find_element
    'value': value})['value']
  File "C:\Users\Administrator\AppData\Local\Programs\Python\Python35\lib\site-packages\selenium\webdriver\remote\webdriver.py", line 236, in execute
    self.error_handler.check_response(response)
  File "C:\Users\Administrator\AppData\Local\Programs\Python\Python35\lib\site-packages\selenium\webdriver\remote\errorhandler.py", line 192, in check_response
    raise exception_class(message, screen, stacktrace)
selenium.common.exceptions.NoSuchElementException: Message: no such element: Unable to locate element: {"method":"css selector","selector":"body &gt; div.section-myorder.width1200 &gt; div &gt; div &gt; ul &gt; li.row-step &gt; a.btn-next.submitOrder"}
  (Session info: chrome=68.0.3440.106)
  (Driver info: chromedriver=2.40.565498 (ea082db3280dd6843ebfb08a625e3eb905c4f5ab),platform=Windows NT 10.0.17134 x86_64)



    </pre>
    </div>
    </td>
</tr>

<tr id='ft18_22' class='none'>
    <td class='errorCase'><div class='testcase'>test_zldb: 发明专利无效答辩测试</div></td>
    <td colspan='5' align='center'>
    <!--默认收起错误信息 -Findyou
    <button id='btn_ft18_22' type="button"  class="btn btn-danger btn-xs collapsed" data-toggle="collapse" data-target='#div_ft18_22'>错误</button>
    <div id='div_ft18_22' class="collapse">  -->

    <!-- 默认展开错误信息 -Findyou -->
    <button id='btn_ft18_22' type="button"  class="btn btn-danger btn-xs" data-toggle="collapse" data-target='#div_ft18_22'>错误</button>
    <div id='div_ft18_22' class="collapse in">
    <pre>
    
ft18_22: 2018-09-06 23:26:15,102 - root - INFO - ############################### START ###############################
发明专利无效答辩_权大师
费用总计:24999.00
总价:24999.00
价格一致
2018-09-06 23:27:13,598 - root - INFO - ###############################  End  ###############################
Traceback (most recent call last):
  File "D:\QDS_old_company\case\zlywtest.py", line 1473, in test_zldb
    "body &gt; div.section-myorder.width1200 &gt; div &gt; div &gt; ul &gt; li.row-step &gt; a.btn-next.submitOrder").click()
  File "C:\Users\Administrator\AppData\Local\Programs\Python\Python35\lib\site-packages\selenium\webdriver\remote\webdriver.py", line 437, in find_element_by_css_selector
    return self.find_element(by=By.CSS_SELECTOR, value=css_selector)
  File "C:\Users\Administrator\AppData\Local\Programs\Python\Python35\lib\site-packages\selenium\webdriver\remote\webdriver.py", line 752, in find_element
    'value': value})['value']
  File "C:\Users\Administrator\AppData\Local\Programs\Python\Python35\lib\site-packages\selenium\webdriver\remote\webdriver.py", line 236, in execute
    self.error_handler.check_response(response)
  File "C:\Users\Administrator\AppData\Local\Programs\Python\Python35\lib\site-packages\selenium\webdriver\remote\errorhandler.py", line 192, in check_response
    raise exception_class(message, screen, stacktrace)
selenium.common.exceptions.NoSuchElementException: Message: no such element: Unable to locate element: {"method":"css selector","selector":"body &gt; div.section-myorder.width1200 &gt; div &gt; div &gt; ul &gt; li.row-step &gt; a.btn-next.submitOrder"}
  (Session info: chrome=68.0.3440.106)
  (Driver info: chromedriver=2.40.565498 (ea082db3280dd6843ebfb08a625e3eb905c4f5ab),platform=Windows NT 10.0.17134 x86_64)



    </pre>
    </div>
    </td>
</tr>

<tr id='ft18_23' class='none'>
    <td class='errorCase'><div class='testcase'>test_zljs: 专利查新检索（报告）测试</div></td>
    <td colspan='5' align='center'>
    <!--默认收起错误信息 -Findyou
    <button id='btn_ft18_23' type="button"  class="btn btn-danger btn-xs collapsed" data-toggle="collapse" data-target='#div_ft18_23'>错误</button>
    <div id='div_ft18_23' class="collapse">  -->

    <!-- 默认展开错误信息 -Findyou -->
    <button id='btn_ft18_23' type="button"  class="btn btn-danger btn-xs" data-toggle="collapse" data-target='#div_ft18_23'>错误</button>
    <div id='div_ft18_23' class="collapse in">
    <pre>
    
ft18_23: 2018-09-06 23:27:13,611 - root - INFO - ############################### START ###############################
专利查新检索（报告）_权大师
费用总计:599.00
总价:599.00
价格一致
2018-09-06 23:28:12,389 - root - INFO - ###############################  End  ###############################
Traceback (most recent call last):
  File "D:\QDS_old_company\case\zlywtest.py", line 64, in test_zljs
    "body &gt; div.section-myorder.width1200 &gt; div &gt; div &gt; ul &gt; li.row-step &gt; a.btn-next.submitOrder").click()
  File "C:\Users\Administrator\AppData\Local\Programs\Python\Python35\lib\site-packages\selenium\webdriver\remote\webdriver.py", line 437, in find_element_by_css_selector
    return self.find_element(by=By.CSS_SELECTOR, value=css_selector)
  File "C:\Users\Administrator\AppData\Local\Programs\Python\Python35\lib\site-packages\selenium\webdriver\remote\webdriver.py", line 752, in find_element
    'value': value})['value']
  File "C:\Users\Administrator\AppData\Local\Programs\Python\Python35\lib\site-packages\selenium\webdriver\remote\webdriver.py", line 236, in execute
    self.error_handler.check_response(response)
  File "C:\Users\Administrator\AppData\Local\Programs\Python\Python35\lib\site-packages\selenium\webdriver\remote\errorhandler.py", line 192, in check_response
    raise exception_class(message, screen, stacktrace)
selenium.common.exceptions.NoSuchElementException: Message: no such element: Unable to locate element: {"method":"css selector","selector":"body &gt; div.section-myorder.width1200 &gt; div &gt; div &gt; ul &gt; li.row-step &gt; a.btn-next.submitOrder"}
  (Session info: chrome=68.0.3440.106)
  (Driver info: chromedriver=2.40.565498 (ea082db3280dd6843ebfb08a625e3eb905c4f5ab),platform=Windows NT 10.0.17134 x86_64)



    </pre>
    </div>
    </td>
</tr>

<tr id='ft18_24' class='none'>
    <td class='errorCase'><div class='testcase'>test_zlxg: 专利无效宣告测试</div></td>
    <td colspan='5' align='center'>
    <!--默认收起错误信息 -Findyou
    <button id='btn_ft18_24' type="button"  class="btn btn-danger btn-xs collapsed" data-toggle="collapse" data-target='#div_ft18_24'>错误</button>
    <div id='div_ft18_24' class="collapse">  -->

    <!-- 默认展开错误信息 -Findyou -->
    <button id='btn_ft18_24' type="button"  class="btn btn-danger btn-xs" data-toggle="collapse" data-target='#div_ft18_24'>错误</button>
    <div id='div_ft18_24' class="collapse in">
    <pre>
    
ft18_24: 2018-09-06 23:28:12,418 - root - INFO - ############################### START ###############################
发明专利无效宣告_权大师
费用总计:32999.00
总价:32999.00
价格一致
2018-09-06 23:29:10,935 - root - INFO - ###############################  End  ###############################
Traceback (most recent call last):
  File "D:\QDS_old_company\case\zlywtest.py", line 1416, in test_zlxg
    "body &gt; div.section-myorder.width1200 &gt; div &gt; div &gt; ul &gt; li.row-step &gt; a.btn-next.submitOrder").click()
  File "C:\Users\Administrator\AppData\Local\Programs\Python\Python35\lib\site-packages\selenium\webdriver\remote\webdriver.py", line 437, in find_element_by_css_selector
    return self.find_element(by=By.CSS_SELECTOR, value=css_selector)
  File "C:\Users\Administrator\AppData\Local\Programs\Python\Python35\lib\site-packages\selenium\webdriver\remote\webdriver.py", line 752, in find_element
    'value': value})['value']
  File "C:\Users\Administrator\AppData\Local\Programs\Python\Python35\lib\site-packages\selenium\webdriver\remote\webdriver.py", line 236, in execute
    self.error_handler.check_response(response)
  File "C:\Users\Administrator\AppData\Local\Programs\Python\Python35\lib\site-packages\selenium\webdriver\remote\errorhandler.py", line 192, in check_response
    raise exception_class(message, screen, stacktrace)
selenium.common.exceptions.NoSuchElementException: Message: no such element: Unable to locate element: {"method":"css selector","selector":"body &gt; div.section-myorder.width1200 &gt; div &gt; div &gt; ul &gt; li.row-step &gt; a.btn-next.submitOrder"}
  (Session info: chrome=68.0.3440.106)
  (Driver info: chromedriver=2.40.565498 (ea082db3280dd6843ebfb08a625e3eb905c4f5ab),platform=Windows NT 10.0.17134 x86_64)



    </pre>
    </div>
    </td>
</tr>

<tr class='errorClass warning'>
    <td>znzztest.ZnZzTest: 智能注册测试集</td>
    <td class="text-center">2</td>
    <td class="text-center">1</td>
    <td class="text-center">0</td>
    <td class="text-center">1</td>
    <td class="text-center"><a href="javascript:showClassDetail('c19',2)" class="detail" id='c19'>详细</a></td>
</tr>

<tr id='pt19_1' class='hiddenRow'>
    <td class='passCase'><div class='testcase'>test_znzz_1: 智能注册_企业测试</div></td>
    <td colspan='5' align='center'>
    <!--默认收起错误信息 -Findyou
    <button id='btn_pt19_1' type="button"  class="btn btn-danger btn-xs collapsed" data-toggle="collapse" data-target='#div_pt19_1'>通过</button>
    <div id='div_pt19_1' class="collapse">  -->

    <!-- 默认展开错误信息 -Findyou -->
    <button id='btn_pt19_1' type="button"  class="btn btn-danger btn-xs" data-toggle="collapse" data-target='#div_pt19_1'>通过</button>
    <div id='div_pt19_1' class="collapse in">
    <pre>
    
pt19_1: 2018-09-06 23:29:10,947 - root - INFO - ############################### START ###############################
智能商标注册-权大师
费用总计:300.00
商标名称：fDaisy
选择了第15类商标分类!
总价:321.00
订单提交成功，应付金额:321.00
测试通过
2018-09-06 23:29:56,140 - root - INFO - ###############################  End  ###############################


    </pre>
    </div>
    </td>
</tr>

<tr id='ft19_2' class='none'>
    <td class='errorCase'><div class='testcase'>test_znzz_2: 智能注册_个体测试</div></td>
    <td colspan='5' align='center'>
    <!--默认收起错误信息 -Findyou
    <button id='btn_ft19_2' type="button"  class="btn btn-danger btn-xs collapsed" data-toggle="collapse" data-target='#div_ft19_2'>错误</button>
    <div id='div_ft19_2' class="collapse">  -->

    <!-- 默认展开错误信息 -Findyou -->
    <button id='btn_ft19_2' type="button"  class="btn btn-danger btn-xs" data-toggle="collapse" data-target='#div_ft19_2'>错误</button>
    <div id='div_ft19_2' class="collapse in">
    <pre>
    
ft19_2: 2018-09-06 23:29:56,151 - root - INFO - ############################### START ###############################
智能商标注册-权大师
费用总计:300.00
商标名称：鸯
2018-09-06 23:30:58,736 - root - INFO - ###############################  End  ###############################
Traceback (most recent call last):
  File "D:\QDS_old_company\case\znzztest.py", line 220, in test_znzz_2
    "#section-selfchoice &gt; div.group-left &gt; ul &gt; li:nth-child({}) &gt; span".format(suiji)).click()
  File "C:\Users\Administrator\AppData\Local\Programs\Python\Python35\lib\site-packages\selenium\webdriver\remote\webdriver.py", line 437, in find_element_by_css_selector
    return self.find_element(by=By.CSS_SELECTOR, value=css_selector)
  File "C:\Users\Administrator\AppData\Local\Programs\Python\Python35\lib\site-packages\selenium\webdriver\remote\webdriver.py", line 752, in find_element
    'value': value})['value']
  File "C:\Users\Administrator\AppData\Local\Programs\Python\Python35\lib\site-packages\selenium\webdriver\remote\webdriver.py", line 236, in execute
    self.error_handler.check_response(response)
  File "C:\Users\Administrator\AppData\Local\Programs\Python\Python35\lib\site-packages\selenium\webdriver\remote\errorhandler.py", line 192, in check_response
    raise exception_class(message, screen, stacktrace)
selenium.common.exceptions.NoSuchElementException: Message: no such element: Unable to locate element: {"method":"css selector","selector":"#section-selfchoice &gt; div.group-left &gt; ul &gt; li:nth-child(46) &gt; span"}
  (Session info: chrome=68.0.3440.106)
  (Driver info: chromedriver=2.40.565498 (ea082db3280dd6843ebfb08a625e3eb905c4f5ab),platform=Windows NT 10.0.17134 x86_64)



    </pre>
    </div>
    </td>
</tr>

<tr id='total_row' class="text-center active">
    <td>总计</td>
    <td>86</td>
    <td>9</td>
    <td>0</td>
    <td>77</td>
    <td>通过率：10.47%</td>
</tr>
</table>

<div id='ending'>&nbsp;</div>
    <div style=" position:fixed;right:50px; bottom:30px; width:20px; height:20px;cursor:pointer">
    <a href="#"><span class="glyphicon glyphicon-eject" style = "font-size:30px;" aria-hidden="true">
    </span></a></div>
    

</body>
</html>
